2021-03-05 15:08:37,974 INFO org.springframework.boot.StartupInfoLogger [restartedMain] Starting CruddemoApplication on NOTB990 with PID 4024 (C:\Users\antoine.khoury\Documents\eclipse work space\scai-project\target\classes started by Antoine.Khoury in C:\Users\antoine.khoury\Documents\eclipse work space\scai-project)
2021-03-05 15:08:37,988 DEBUG org.springframework.boot.StartupInfoLogger [restartedMain] Running with Spring Boot v2.3.3.RELEASE, Spring v5.2.8.RELEASE
2021-03-05 15:08:37,988 INFO org.springframework.boot.SpringApplication [restartedMain] No active profile set, falling back to default profiles: default
2021-03-05 15:08:45,356 INFO org.springframework.boot.StartupInfoLogger [restartedMain] Started CruddemoApplication in 7.769 seconds (JVM running for 9.478)
2021-03-05 15:09:28,060 ERROR com.luv2code.springboot.cruddemo.rest.GlobalExceptionHandler [http-nio-8080-exec-2] null
2021-03-05 15:10:13,721 ERROR com.luv2code.springboot.cruddemo.rest.GlobalExceptionHandler [http-nio-8080-exec-5] null
2021-03-05 15:11:31,475 ERROR com.luv2code.springboot.cruddemo.rest.GlobalExceptionHandler [http-nio-8080-exec-10] null
2021-03-05 15:11:38,796 ERROR com.luv2code.springboot.cruddemo.rest.GlobalExceptionHandler [http-nio-8080-exec-5] null
2021-03-05 15:12:08,364 ERROR com.luv2code.springboot.cruddemo.rest.GlobalExceptionHandler [http-nio-8080-exec-8] null
2021-03-05 15:13:09,609 INFO org.springframework.boot.StartupInfoLogger [restartedMain] Starting CruddemoApplication on NOTB990 with PID 4024 (C:\Users\antoine.khoury\Documents\eclipse work space\scai-project\target\classes started by Antoine.Khoury in C:\Users\antoine.khoury\Documents\eclipse work space\scai-project)
2021-03-05 15:13:09,610 DEBUG org.springframework.boot.StartupInfoLogger [restartedMain] Running with Spring Boot v2.3.3.RELEASE, Spring v5.2.8.RELEASE
2021-03-05 15:13:09,611 INFO org.springframework.boot.SpringApplication [restartedMain] No active profile set, falling back to default profiles: default
2021-03-05 15:13:12,558 INFO org.springframework.boot.StartupInfoLogger [restartedMain] Started CruddemoApplication in 3.029 seconds (JVM running for 276.681)
2021-03-05 15:14:45,221 INFO org.springframework.boot.StartupInfoLogger [restartedMain] Starting CruddemoApplication on NOTB990 with PID 20140 (C:\Users\antoine.khoury\Documents\eclipse work space\scai-project\target\classes started by Antoine.Khoury in C:\Users\antoine.khoury\Documents\eclipse work space\scai-project)
2021-03-05 15:14:45,226 DEBUG org.springframework.boot.StartupInfoLogger [restartedMain] Running with Spring Boot v2.3.3.RELEASE, Spring v5.2.8.RELEASE
2021-03-05 15:14:45,227 INFO org.springframework.boot.SpringApplication [restartedMain] No active profile set, falling back to default profiles: default
2021-03-05 15:14:52,068 INFO org.springframework.boot.StartupInfoLogger [restartedMain] Started CruddemoApplication in 7.346 seconds (JVM running for 8.85)
2021-03-05 15:19:40,985 INFO org.springframework.boot.StartupInfoLogger [restartedMain] Starting CruddemoApplication on NOTB990 with PID 20140 (C:\Users\antoine.khoury\Documents\eclipse work space\scai-project\target\classes started by Antoine.Khoury in C:\Users\antoine.khoury\Documents\eclipse work space\scai-project)
2021-03-05 15:19:40,986 DEBUG org.springframework.boot.StartupInfoLogger [restartedMain] Running with Spring Boot v2.3.3.RELEASE, Spring v5.2.8.RELEASE
2021-03-05 15:19:40,986 INFO org.springframework.boot.SpringApplication [restartedMain] No active profile set, falling back to default profiles: default
2021-03-05 15:19:44,028 INFO org.springframework.boot.StartupInfoLogger [restartedMain] Started CruddemoApplication in 3.112 seconds (JVM running for 300.81)
2021-03-05 15:27:32,765 ERROR com.luv2code.springboot.cruddemo.rest.GlobalExceptionHandler [http-nio-8080-exec-4] invalid credentials
2021-03-05 15:28:01,314 ERROR com.luv2code.springboot.cruddemo.rest.GlobalExceptionHandler [http-nio-8080-exec-9] For input string: "2021-04-09 03:58"
2021-03-05 15:28:03,637 ERROR com.luv2code.springboot.cruddemo.rest.GlobalExceptionHandler [http-nio-8080-exec-1] For input string: "2021-04-09 03:58"
2021-03-05 15:30:00,025 ERROR com.luv2code.springboot.cruddemo.rest.GlobalExceptionHandler [http-nio-8080-exec-7] For input string: "2021-04-09 03:58"
2021-03-05 15:32:55,427 INFO org.springframework.boot.StartupInfoLogger [restartedMain] Starting CruddemoApplication on NOTB990 with PID 20140 (C:\Users\antoine.khoury\Documents\eclipse work space\scai-project\target\classes started by Antoine.Khoury in C:\Users\antoine.khoury\Documents\eclipse work space\scai-project)
2021-03-05 15:32:55,427 DEBUG org.springframework.boot.StartupInfoLogger [restartedMain] Running with Spring Boot v2.3.3.RELEASE, Spring v5.2.8.RELEASE
2021-03-05 15:32:55,427 INFO org.springframework.boot.SpringApplication [restartedMain] No active profile set, falling back to default profiles: default
2021-03-05 15:32:58,160 INFO org.springframework.boot.StartupInfoLogger [restartedMain] Started CruddemoApplication in 2.777 seconds (JVM running for 1094.942)
2021-03-05 15:33:18,119 ERROR com.luv2code.springboot.cruddemo.rest.GlobalExceptionHandler [http-nio-8080-exec-2] For input string: "2021-04-09 03:58"
2021-03-05 15:33:25,212 ERROR com.luv2code.springboot.cruddemo.rest.GlobalExceptionHandler [http-nio-8080-exec-10] For input string: "2021-04-09 03:58"
2021-03-05 15:34:02,649 ERROR com.luv2code.springboot.cruddemo.rest.GlobalExceptionHandler [http-nio-8080-exec-8] invalid credentials
2021-03-05 15:39:57,208 INFO org.springframework.boot.StartupInfoLogger [restartedMain] Starting CruddemoApplication on NOTB990 with PID 20140 (C:\Users\antoine.khoury\Documents\eclipse work space\scai-project\target\classes started by Antoine.Khoury in C:\Users\antoine.khoury\Documents\eclipse work space\scai-project)
2021-03-05 15:39:57,208 DEBUG org.springframework.boot.StartupInfoLogger [restartedMain] Running with Spring Boot v2.3.3.RELEASE, Spring v5.2.8.RELEASE
2021-03-05 15:39:57,208 INFO org.springframework.boot.SpringApplication [restartedMain] No active profile set, falling back to default profiles: default
2021-03-05 15:40:00,529 INFO org.springframework.boot.StartupInfoLogger [restartedMain] Started CruddemoApplication in 3.379 seconds (JVM running for 1517.311)
2021-03-05 15:40:02,110 INFO org.springframework.boot.StartupInfoLogger [restartedMain] Starting CruddemoApplication on NOTB990 with PID 20140 (C:\Users\antoine.khoury\Documents\eclipse work space\scai-project\target\classes started by Antoine.Khoury in C:\Users\antoine.khoury\Documents\eclipse work space\scai-project)
2021-03-05 15:40:02,110 DEBUG org.springframework.boot.StartupInfoLogger [restartedMain] Running with Spring Boot v2.3.3.RELEASE, Spring v5.2.8.RELEASE
2021-03-05 15:40:02,111 INFO org.springframework.boot.SpringApplication [restartedMain] No active profile set, falling back to default profiles: default
2021-03-05 15:40:04,737 INFO org.springframework.boot.StartupInfoLogger [restartedMain] Started CruddemoApplication in 2.673 seconds (JVM running for 1521.518)
2021-03-05 15:40:10,819 INFO org.springframework.boot.StartupInfoLogger [restartedMain] Starting CruddemoApplication on NOTB990 with PID 20140 (C:\Users\antoine.khoury\Documents\eclipse work space\scai-project\target\classes started by Antoine.Khoury in C:\Users\antoine.khoury\Documents\eclipse work space\scai-project)
2021-03-05 15:40:10,820 DEBUG org.springframework.boot.StartupInfoLogger [restartedMain] Running with Spring Boot v2.3.3.RELEASE, Spring v5.2.8.RELEASE
2021-03-05 15:40:10,820 INFO org.springframework.boot.SpringApplication [restartedMain] No active profile set, falling back to default profiles: default
2021-03-05 15:40:13,453 INFO org.springframework.boot.StartupInfoLogger [restartedMain] Started CruddemoApplication in 2.677 seconds (JVM running for 1530.235)
2021-03-05 15:48:33,946 INFO org.springframework.boot.StartupInfoLogger [restartedMain] Starting CruddemoApplication on NOTB990 with PID 20140 (C:\Users\antoine.khoury\Documents\eclipse work space\scai-project\target\classes started by Antoine.Khoury in C:\Users\antoine.khoury\Documents\eclipse work space\scai-project)
2021-03-05 15:48:33,947 DEBUG org.springframework.boot.StartupInfoLogger [restartedMain] Running with Spring Boot v2.3.3.RELEASE, Spring v5.2.8.RELEASE
2021-03-05 15:48:33,947 INFO org.springframework.boot.SpringApplication [restartedMain] No active profile set, falling back to default profiles: default
2021-03-05 15:48:36,499 INFO org.springframework.boot.StartupInfoLogger [restartedMain] Started CruddemoApplication in 2.613 seconds (JVM running for 2033.281)
2021-03-05 15:53:17,707 INFO org.springframework.boot.StartupInfoLogger [restartedMain] Starting CruddemoApplication on NOTB990 with PID 20140 (C:\Users\antoine.khoury\Documents\eclipse work space\scai-project\target\classes started by Antoine.Khoury in C:\Users\antoine.khoury\Documents\eclipse work space\scai-project)
2021-03-05 15:53:17,708 DEBUG org.springframework.boot.StartupInfoLogger [restartedMain] Running with Spring Boot v2.3.3.RELEASE, Spring v5.2.8.RELEASE
2021-03-05 15:53:17,708 INFO org.springframework.boot.SpringApplication [restartedMain] No active profile set, falling back to default profiles: default
2021-03-05 15:53:20,929 INFO org.springframework.boot.StartupInfoLogger [restartedMain] Started CruddemoApplication in 3.278 seconds (JVM running for 2317.711)
2021-03-05 15:55:02,130 ERROR com.luv2code.springboot.cruddemo.rest.GlobalExceptionHandler [http-nio-8080-exec-7] email already exist
2021-03-05 16:05:16,421 ERROR com.luv2code.springboot.cruddemo.rest.GlobalExceptionHandler [http-nio-8080-exec-5] email already exist
2021-03-05 16:06:00,909 ERROR com.luv2code.springboot.cruddemo.rest.GlobalExceptionHandler [http-nio-8080-exec-4] email already exist
2021-03-05 16:06:26,219 ERROR com.luv2code.springboot.cruddemo.rest.GlobalExceptionHandler [http-nio-8080-exec-6] email already exist
2021-03-05 16:07:43,276 ERROR com.luv2code.springboot.cruddemo.rest.GlobalExceptionHandler [http-nio-8080-exec-1] email already exist
