2021-02-12 09:37:20,380 ERROR com.luv2code.springboot.cruddemo.rest.GlobalExceptionHandler [http-nio-8080-exec-2] Could not write JSON: could not extract ResultSet; nested exception is com.fasterxml.jackson.databind.JsonMappingException: could not extract ResultSet (through reference chain: com.luv2code.springboot.cruddemo.entity.Account["posts"])
2021-02-12 09:39:07,021 ERROR com.luv2code.springboot.cruddemo.rest.GlobalExceptionHandler [http-nio-8080-exec-7] could not extract ResultSet; SQL [n/a]; nested exception is org.hibernate.exception.SQLGrammarException: could not extract ResultSet
2021-02-12 09:39:07,022 ERROR com.luv2code.springboot.cruddemo.rest.GlobalExceptionHandler [http-nio-8080-exec-3] could not extract ResultSet; SQL [n/a]; nested exception is org.hibernate.exception.SQLGrammarException: could not extract ResultSet
2021-02-12 09:39:14,486 ERROR com.luv2code.springboot.cruddemo.rest.GlobalExceptionHandler [http-nio-8080-exec-7] could not extract ResultSet; SQL [n/a]; nested exception is org.hibernate.exception.SQLGrammarException: could not extract ResultSet
2021-02-12 09:39:14,511 ERROR com.luv2code.springboot.cruddemo.rest.GlobalExceptionHandler [http-nio-8080-exec-4] could not extract ResultSet; SQL [n/a]; nested exception is org.hibernate.exception.SQLGrammarException: could not extract ResultSet
2021-02-12 09:57:52,849 ERROR com.luv2code.springboot.cruddemo.rest.GlobalExceptionHandler [http-nio-8080-exec-1] could not extract ResultSet; SQL [n/a]; nested exception is org.hibernate.exception.SQLGrammarException: could not extract ResultSet
2021-02-12 09:57:52,907 ERROR com.luv2code.springboot.cruddemo.rest.GlobalExceptionHandler [http-nio-8080-exec-9] could not extract ResultSet; SQL [n/a]; nested exception is org.hibernate.exception.SQLGrammarException: could not extract ResultSet
2021-02-12 10:16:27,043 ERROR com.luv2code.springboot.cruddemo.rest.GlobalExceptionHandler [http-nio-8080-exec-3] invalid credentials
2021-02-12 10:17:57,068 ERROR com.luv2code.springboot.cruddemo.rest.GlobalExceptionHandler [http-nio-8080-exec-8] invalid credentials
2021-02-12 10:20:06,056 ERROR com.luv2code.springboot.cruddemo.rest.GlobalExceptionHandler [http-nio-8080-exec-6] invalid credentials
2021-02-12 11:36:03,352 ERROR com.luv2code.springboot.cruddemo.rest.GlobalExceptionHandler [http-nio-8080-exec-1] could not extract ResultSet; SQL [n/a]; nested exception is org.hibernate.exception.SQLGrammarException: could not extract ResultSet
2021-02-12 11:36:03,423 ERROR com.luv2code.springboot.cruddemo.rest.GlobalExceptionHandler [http-nio-8080-exec-3] could not extract ResultSet; SQL [n/a]; nested exception is org.hibernate.exception.SQLGrammarException: could not extract ResultSet
2021-02-12 11:36:23,222 ERROR com.luv2code.springboot.cruddemo.rest.GlobalExceptionHandler [http-nio-8080-exec-2] Could not write JSON: could not extract ResultSet; nested exception is com.fasterxml.jackson.databind.JsonMappingException: could not extract ResultSet (through reference chain: com.luv2code.springboot.cruddemo.entity.Account["page"]->org.hibernate.collection.internal.PersistentBag[0]->com.luv2code.springboot.cruddemo.entity.Page["posts"])
2021-02-12 11:36:36,201 ERROR com.luv2code.springboot.cruddemo.rest.GlobalExceptionHandler [http-nio-8080-exec-10] Could not write JSON: could not extract ResultSet; nested exception is com.fasterxml.jackson.databind.JsonMappingException: could not extract ResultSet (through reference chain: com.luv2code.springboot.cruddemo.entity.Account["page"]->org.hibernate.collection.internal.PersistentBag[0]->com.luv2code.springboot.cruddemo.entity.Page["posts"])
2021-02-12 11:37:10,938 ERROR com.luv2code.springboot.cruddemo.rest.GlobalExceptionHandler [http-nio-8080-exec-4] could not extract ResultSet; SQL [n/a]; nested exception is org.hibernate.exception.SQLGrammarException: could not extract ResultSet
2021-02-12 11:37:10,953 ERROR com.luv2code.springboot.cruddemo.rest.GlobalExceptionHandler [http-nio-8080-exec-7] could not extract ResultSet; SQL [n/a]; nested exception is org.hibernate.exception.SQLGrammarException: could not extract ResultSet
2021-02-12 11:37:26,494 ERROR com.luv2code.springboot.cruddemo.rest.GlobalExceptionHandler [http-nio-8080-exec-1] Could not write JSON: could not extract ResultSet; nested exception is com.fasterxml.jackson.databind.JsonMappingException: could not extract ResultSet (through reference chain: com.luv2code.springboot.cruddemo.entity.Account["page"]->org.hibernate.collection.internal.PersistentBag[0]->com.luv2code.springboot.cruddemo.entity.Page["posts"])
2021-02-12 11:40:32,523 ERROR com.luv2code.springboot.cruddemo.rest.GlobalExceptionHandler [http-nio-8080-exec-6] could not extract ResultSet; SQL [n/a]; nested exception is org.hibernate.exception.SQLGrammarException: could not extract ResultSet
2021-02-12 11:40:32,532 ERROR com.luv2code.springboot.cruddemo.rest.GlobalExceptionHandler [http-nio-8080-exec-9] could not extract ResultSet; SQL [n/a]; nested exception is org.hibernate.exception.SQLGrammarException: could not extract ResultSet
2021-02-12 12:15:03,439 ERROR com.luv2code.springboot.cruddemo.rest.GlobalExceptionHandler [http-nio-8080-exec-1] Required UploadPost parameter 'post' is not present
2021-02-12 12:36:20,318 ERROR com.luv2code.springboot.cruddemo.rest.GlobalExceptionHandler [http-nio-8080-exec-6] JWT expired at 2021-02-12T12:36:03Z. Current time: 2021-02-12T12:36:20Z, a difference of 17318 milliseconds.  Allowed clock skew: 0 milliseconds.
2021-02-12 12:36:20,318 ERROR com.luv2code.springboot.cruddemo.rest.GlobalExceptionHandler [http-nio-8080-exec-5] JWT expired at 2021-02-12T12:36:03Z. Current time: 2021-02-12T12:36:20Z, a difference of 17316 milliseconds.  Allowed clock skew: 0 milliseconds.
2021-02-12 14:04:40,951 ERROR com.luv2code.springboot.cruddemo.rest.GlobalExceptionHandler [http-nio-8080-exec-8] JWT expired at 2021-02-12T14:04:13Z. Current time: 2021-02-12T14:04:40Z, a difference of 27947 milliseconds.  Allowed clock skew: 0 milliseconds.
2021-02-12 14:04:40,951 ERROR com.luv2code.springboot.cruddemo.rest.GlobalExceptionHandler [http-nio-8080-exec-6] JWT expired at 2021-02-12T14:04:13Z. Current time: 2021-02-12T14:04:40Z, a difference of 27947 milliseconds.  Allowed clock skew: 0 milliseconds.
2021-02-12 14:55:22,083 ERROR com.luv2code.springboot.cruddemo.rest.PostLikesRestController [http-nio-8080-exec-10] cannot like a post of a user that is not ur friend
2021-02-12 14:55:27,379 ERROR com.luv2code.springboot.cruddemo.rest.PostLikesRestController [http-nio-8080-exec-8] cannot like a post of a user that is not ur friend
2021-02-12 14:55:35,944 ERROR com.luv2code.springboot.cruddemo.rest.PostLikesRestController [http-nio-8080-exec-5] cannot like a post of a user that is not ur friend
2021-02-12 14:55:37,186 ERROR com.luv2code.springboot.cruddemo.rest.PostLikesRestController [http-nio-8080-exec-3] cannot like a post of a user that is not ur friend
2021-02-12 14:55:48,409 ERROR com.luv2code.springboot.cruddemo.rest.PostLikesRestController [http-nio-8080-exec-4] cannot like a post of a user that is not ur friend
2021-02-12 14:55:49,652 ERROR com.luv2code.springboot.cruddemo.rest.PostLikesRestController [http-nio-8080-exec-10] cannot like a post of a user that is not ur friend
2021-02-12 15:06:37,304 ERROR com.luv2code.springboot.cruddemo.rest.GlobalExceptionHandler [http-nio-8080-exec-2] JWT expired at 2021-02-12T15:06:36Z. Current time: 2021-02-12T15:06:37Z, a difference of 1303 milliseconds.  Allowed clock skew: 0 milliseconds.
2021-02-12 15:06:37,306 ERROR com.luv2code.springboot.cruddemo.rest.GlobalExceptionHandler [http-nio-8080-exec-3] JWT expired at 2021-02-12T15:06:36Z. Current time: 2021-02-12T15:06:37Z, a difference of 1305 milliseconds.  Allowed clock skew: 0 milliseconds.
2021-02-12 15:59:03,602 ERROR com.luv2code.springboot.cruddemo.rest.GlobalExceptionHandler [http-nio-8080-exec-1] invalid credentials
2021-02-12 16:10:43,167 ERROR com.luv2code.springboot.cruddemo.rest.GlobalExceptionHandler [http-nio-8080-exec-8] Handler dispatch failed; nested exception is java.lang.NoClassDefFoundError: login/LoginHandler
2021-02-12 16:11:26,176 ERROR com.luv2code.springboot.cruddemo.rest.GlobalExceptionHandler [http-nio-8080-exec-8] Handler dispatch failed; nested exception is java.lang.NoClassDefFoundError: login/LoginHandler
2021-02-12 16:12:29,729 ERROR com.luv2code.springboot.cruddemo.rest.GlobalExceptionHandler [http-nio-8080-exec-7] Handler dispatch failed; nested exception is java.lang.NoClassDefFoundError: login/LoginHandler
2021-02-12 16:14:21,924 ERROR com.luv2code.springboot.cruddemo.rest.GlobalExceptionHandler [http-nio-8080-exec-8] Handler dispatch failed; nested exception is java.lang.NoClassDefFoundError: login/LoginHandler
2021-02-12 17:12:49,306 ERROR com.luv2code.springboot.cruddemo.rest.GlobalExceptionHandler [http-nio-8080-exec-6] JWT expired at 2021-02-12T17:12:29Z. Current time: 2021-02-12T17:12:49Z, a difference of 20305 milliseconds.  Allowed clock skew: 0 milliseconds.
2021-02-12 17:12:49,306 ERROR com.luv2code.springboot.cruddemo.rest.GlobalExceptionHandler [http-nio-8080-exec-1] JWT expired at 2021-02-12T17:12:29Z. Current time: 2021-02-12T17:12:49Z, a difference of 20304 milliseconds.  Allowed clock skew: 0 milliseconds.
2021-02-12 18:50:27,318 ERROR com.luv2code.springboot.cruddemo.rest.GlobalExceptionHandler [http-nio-8080-exec-8] JWT expired at 2021-02-12T18:49:30Z. Current time: 2021-02-12T18:50:27Z, a difference of 57318 milliseconds.  Allowed clock skew: 0 milliseconds.
