2021-03-02 10:22:03,945 ERROR com.luv2code.springboot.cruddemo.rest.GlobalExceptionHandler [http-nio-8080-exec-1] Content type 'multipart/form-data;boundary=----WebKitFormBoundaryfbKphnnShlTNBHDC;charset=UTF-8' not supported
2021-03-02 10:42:26,940 ERROR com.luv2code.springboot.cruddemo.rest.GlobalExceptionHandler [http-nio-8080-exec-6] Type definition error: [simple type, class org.springframework.web.multipart.MultipartFile]; nested exception is com.fasterxml.jackson.databind.exc.InvalidDefinitionException: Cannot construct instance of `org.springframework.web.multipart.MultipartFile` (no Creators, like default constructor, exist): abstract types either need to be mapped to concrete types, have custom deserializer, or contain additional type information
 at [Source: (PushbackInputStream); line: 1, column: 27] (through reference chain: com.luv2code.springboot.cruddemo.dto.UploadPost["photo"])
2021-03-02 10:44:19,705 ERROR com.luv2code.springboot.cruddemo.rest.GlobalExceptionHandler [http-nio-8080-exec-3] Type definition error: [simple type, class org.springframework.web.multipart.MultipartFile]; nested exception is com.fasterxml.jackson.databind.exc.InvalidDefinitionException: Cannot construct instance of `org.springframework.web.multipart.MultipartFile` (no Creators, like default constructor, exist): abstract types either need to be mapped to concrete types, have custom deserializer, or contain additional type information
 at [Source: (PushbackInputStream); line: 1, column: 27] (through reference chain: com.luv2code.springboot.cruddemo.dto.UploadPost["photo"])
2021-03-02 10:45:32,722 ERROR com.luv2code.springboot.cruddemo.rest.GlobalExceptionHandler [http-nio-8080-exec-1] Content type 'application/json' not supported
2021-03-02 10:51:33,013 ERROR com.luv2code.springboot.cruddemo.rest.GlobalExceptionHandler [http-nio-8080-exec-1] Content type 'application/json' not supported
2021-03-02 10:53:00,581 ERROR com.luv2code.springboot.cruddemo.rest.GlobalExceptionHandler [http-nio-8080-exec-1] Type definition error: [simple type, class org.springframework.web.multipart.MultipartFile]; nested exception is com.fasterxml.jackson.databind.exc.InvalidDefinitionException: Cannot construct instance of `org.springframework.web.multipart.MultipartFile` (no Creators, like default constructor, exist): abstract types either need to be mapped to concrete types, have custom deserializer, or contain additional type information
 at [Source: (PushbackInputStream); line: 1, column: 27] (through reference chain: com.luv2code.springboot.cruddemo.dto.UploadPost["photo"])
2021-03-02 10:54:59,047 ERROR com.luv2code.springboot.cruddemo.rest.GlobalExceptionHandler [http-nio-8080-exec-1] Content type 'application/json' not supported
2021-03-02 10:55:24,957 ERROR com.luv2code.springboot.cruddemo.rest.GlobalExceptionHandler [http-nio-8080-exec-1] Type definition error: [simple type, class org.springframework.web.multipart.MultipartFile]; nested exception is com.fasterxml.jackson.databind.exc.InvalidDefinitionException: Cannot construct instance of `org.springframework.web.multipart.MultipartFile` (no Creators, like default constructor, exist): abstract types either need to be mapped to concrete types, have custom deserializer, or contain additional type information
 at [Source: (PushbackInputStream); line: 1, column: 27] (through reference chain: com.luv2code.springboot.cruddemo.dto.UploadPost["photo"])
2021-03-02 10:59:41,474 ERROR com.luv2code.springboot.cruddemo.rest.GlobalExceptionHandler [http-nio-8080-exec-1] Failed to parse multipart servlet request; nested exception is javax.servlet.ServletException: org.apache.tomcat.util.http.fileupload.impl.InvalidContentTypeException: the request doesn't contain a multipart/form-data or multipart/mixed stream, content type header is application/json
2021-03-02 11:08:19,955 ERROR com.luv2code.springboot.cruddemo.rest.GlobalExceptionHandler [http-nio-8080-exec-9] JWT expired at 2021-03-02T11:07:42Z. Current time: 2021-03-02T11:08:19Z, a difference of 37954 milliseconds.  Allowed clock skew: 0 milliseconds.
2021-03-02 11:08:19,955 ERROR com.luv2code.springboot.cruddemo.rest.GlobalExceptionHandler [http-nio-8080-exec-8] JWT expired at 2021-03-02T11:07:42Z. Current time: 2021-03-02T11:08:19Z, a difference of 37954 milliseconds.  Allowed clock skew: 0 milliseconds.
2021-03-02 11:26:57,805 ERROR com.luv2code.springboot.cruddemo.rest.GlobalExceptionHandler [http-nio-8080-exec-3] Content type 'application/json' not supported
2021-03-02 11:27:23,743 ERROR com.luv2code.springboot.cruddemo.rest.GlobalExceptionHandler [http-nio-8080-exec-1] Failed to parse multipart servlet request; nested exception is javax.servlet.ServletException: org.apache.tomcat.util.http.fileupload.impl.InvalidContentTypeException: the request doesn't contain a multipart/form-data or multipart/mixed stream, content type header is application/json
2021-03-02 11:43:03,708 ERROR com.luv2code.springboot.cruddemo.rest.GlobalExceptionHandler [http-nio-8080-exec-7] Failed to parse multipart servlet request; nested exception is javax.servlet.ServletException: org.apache.tomcat.util.http.fileupload.impl.InvalidContentTypeException: the request doesn't contain a multipart/form-data or multipart/mixed stream, content type header is application/json
2021-03-02 11:44:14,351 ERROR com.luv2code.springboot.cruddemo.rest.GlobalExceptionHandler [http-nio-8080-exec-3] Failed to parse multipart servlet request; nested exception is javax.servlet.ServletException: org.apache.tomcat.util.http.fileupload.impl.InvalidContentTypeException: the request doesn't contain a multipart/form-data or multipart/mixed stream, content type header is application/json
2021-03-02 11:45:25,080 ERROR com.luv2code.springboot.cruddemo.rest.GlobalExceptionHandler [http-nio-8080-exec-3] Failed to parse multipart servlet request; nested exception is javax.servlet.ServletException: org.apache.tomcat.util.http.fileupload.impl.InvalidContentTypeException: the request doesn't contain a multipart/form-data or multipart/mixed stream, content type header is application/json
2021-03-02 11:46:01,383 ERROR com.luv2code.springboot.cruddemo.rest.GlobalExceptionHandler [http-nio-8080-exec-1] Failed to parse multipart servlet request; nested exception is javax.servlet.ServletException: org.apache.tomcat.util.http.fileupload.impl.InvalidContentTypeException: the request doesn't contain a multipart/form-data or multipart/mixed stream, content type header is application/json
2021-03-02 11:52:05,547 ERROR com.luv2code.springboot.cruddemo.rest.GlobalExceptionHandler [http-nio-8080-exec-3] Content type 'application/json' not supported
2021-03-02 11:52:43,991 ERROR com.luv2code.springboot.cruddemo.rest.GlobalExceptionHandler [http-nio-8080-exec-10] Content type 'application/json' not supported
2021-03-02 12:12:24,858 ERROR com.luv2code.springboot.cruddemo.rest.GlobalExceptionHandler [http-nio-8080-exec-4] Current request is not a multipart request
2021-03-02 12:13:32,643 ERROR com.luv2code.springboot.cruddemo.rest.GlobalExceptionHandler [http-nio-8080-exec-1] Content type 'application/json' not supported
2021-03-02 12:29:23,229 ERROR com.luv2code.springboot.cruddemo.rest.GlobalExceptionHandler [http-nio-8080-exec-8] Content type 'application/octet-stream' not supported
2021-03-02 12:32:29,643 ERROR com.luv2code.springboot.cruddemo.rest.GlobalExceptionHandler [http-nio-8080-exec-1] Content type 'application/octet-stream' not supported
2021-03-02 12:32:54,756 ERROR com.luv2code.springboot.cruddemo.rest.GlobalExceptionHandler [http-nio-8080-exec-1] Content type 'application/octet-stream' not supported
2021-03-02 12:35:45,267 ERROR com.luv2code.springboot.cruddemo.rest.GlobalExceptionHandler [http-nio-8080-exec-3] Failed to parse multipart servlet request; nested exception is javax.servlet.ServletException: org.apache.tomcat.util.http.fileupload.impl.InvalidContentTypeException: the request doesn't contain a multipart/form-data or multipart/mixed stream, content type header is application/json
2021-03-02 12:38:55,298 ERROR com.luv2code.springboot.cruddemo.rest.GlobalExceptionHandler [http-nio-8080-exec-1] Content type 'application/json' not supported
2021-03-02 12:53:09,794 ERROR com.luv2code.springboot.cruddemo.rest.GlobalExceptionHandler [http-nio-8080-exec-3] Failed to parse multipart servlet request; nested exception is javax.servlet.ServletException: org.apache.tomcat.util.http.fileupload.impl.InvalidContentTypeException: the request doesn't contain a multipart/form-data or multipart/mixed stream, content type header is application/json
2021-03-02 12:54:59,988 ERROR com.luv2code.springboot.cruddemo.rest.GlobalExceptionHandler [http-nio-8080-exec-2] Content type 'application/octet-stream' not supported
2021-03-02 12:58:04,254 ERROR com.luv2code.springboot.cruddemo.rest.GlobalExceptionHandler [http-nio-8080-exec-7] Content type 'application/octet-stream' not supported
2021-03-02 13:00:09,430 ERROR com.luv2code.springboot.cruddemo.rest.GlobalExceptionHandler [http-nio-8080-exec-1] Content type 'application/octet-stream' not supported
2021-03-02 14:09:05,717 ERROR com.luv2code.springboot.cruddemo.rest.GlobalExceptionHandler [http-nio-8080-exec-6] JWT expired at 2021-03-02T13:46:12Z. Current time: 2021-03-02T14:09:05Z, a difference of 1373716 milliseconds.  Allowed clock skew: 0 milliseconds.
2021-03-02 14:09:05,717 ERROR com.luv2code.springboot.cruddemo.rest.GlobalExceptionHandler [http-nio-8080-exec-5] JWT expired at 2021-03-02T13:46:12Z. Current time: 2021-03-02T14:09:05Z, a difference of 1373716 milliseconds.  Allowed clock skew: 0 milliseconds.
