2021-02-11 09:55:49,132 ERROR com.luv2code.springboot.cruddemo.rest.GlobalExceptionHandler [http-nio-8080-exec-1] invalid credentials
2021-02-11 09:55:53,292 ERROR com.luv2code.springboot.cruddemo.rest.GlobalExceptionHandler [http-nio-8080-exec-4] invalid credentials
2021-02-11 09:57:07,857 ERROR com.luv2code.springboot.cruddemo.rest.GlobalExceptionHandler [http-nio-8080-exec-6] null
2021-02-11 09:57:25,392 ERROR com.luv2code.springboot.cruddemo.rest.GlobalExceptionHandler [http-nio-8080-exec-8] null
2021-02-11 09:57:51,979 ERROR com.luv2code.springboot.cruddemo.rest.GlobalExceptionHandler [http-nio-8080-exec-1] null
2021-02-11 09:59:49,529 ERROR com.luv2code.springboot.cruddemo.rest.GlobalExceptionHandler [http-nio-8080-exec-1] null
2021-02-11 09:59:52,878 ERROR com.luv2code.springboot.cruddemo.rest.GlobalExceptionHandler [http-nio-8080-exec-2] null
2021-02-11 10:00:46,688 ERROR com.luv2code.springboot.cruddemo.rest.GlobalExceptionHandler [http-nio-8080-exec-1] null
2021-02-11 10:01:46,124 ERROR com.luv2code.springboot.cruddemo.rest.GlobalExceptionHandler [http-nio-8080-exec-1] unknown error occcured
2021-02-11 10:03:52,185 ERROR com.luv2code.springboot.cruddemo.rest.GlobalExceptionHandler [http-nio-8080-exec-1] unknown error occcured
2021-02-11 10:03:56,763 ERROR com.luv2code.springboot.cruddemo.rest.GlobalExceptionHandler [http-nio-8080-exec-2] unknown error occcured
2021-02-11 10:03:58,975 ERROR com.luv2code.springboot.cruddemo.rest.GlobalExceptionHandler [http-nio-8080-exec-3] unknown error occcured
2021-02-11 10:04:57,635 ERROR com.luv2code.springboot.cruddemo.rest.PostLikesRestController [http-nio-8080-exec-1] Unknown error occured
2021-02-11 10:13:56,277 ERROR com.luv2code.springboot.cruddemo.rest.PostLikesRestController [http-nio-8080-exec-1] cannot like a post of a user that is not ur friend
2021-02-11 10:14:00,866 ERROR com.luv2code.springboot.cruddemo.rest.PostLikesRestController [http-nio-8080-exec-4] cannot like a post of a user that is not ur friend
2021-02-11 11:03:59,227 ERROR com.luv2code.springboot.cruddemo.rest.PostLikesRestController [http-nio-8080-exec-5] cannot like a post of a user that is not ur friend
2021-02-11 11:04:01,199 ERROR com.luv2code.springboot.cruddemo.rest.PostLikesRestController [http-nio-8080-exec-9] cannot like a post of a user that is not ur friend
2021-02-11 11:04:02,787 ERROR com.luv2code.springboot.cruddemo.rest.PostLikesRestController [http-nio-8080-exec-10] cannot like a post of a user that is not ur friend
2021-02-11 11:04:04,715 ERROR com.luv2code.springboot.cruddemo.rest.PostLikesRestController [http-nio-8080-exec-2] cannot like a post of a user that is not ur friend
2021-02-11 11:04:08,977 ERROR com.luv2code.springboot.cruddemo.rest.PostLikesRestController [http-nio-8080-exec-1] cannot like a post of a user that is not ur friend
2021-02-11 11:47:37,482 ERROR com.luv2code.springboot.cruddemo.rest.GlobalExceptionHandler [http-nio-8080-exec-4] unknown error occcured
2021-02-11 11:48:12,669 ERROR com.luv2code.springboot.cruddemo.rest.GlobalExceptionHandler [http-nio-8080-exec-1] Type definition error: [simple type, class org.springframework.web.multipart.MultipartFile]; nested exception is com.fasterxml.jackson.databind.exc.InvalidDefinitionException: Cannot construct instance of `org.springframework.web.multipart.MultipartFile` (no Creators, like default constructor, exist): abstract types either need to be mapped to concrete types, have custom deserializer, or contain additional type information
 at [Source: (PushbackInputStream); line: 1, column: 30] (through reference chain: com.luv2code.utility.UploadPost["photo"])
2021-02-11 11:50:13,861 ERROR com.luv2code.springboot.cruddemo.rest.GlobalExceptionHandler [http-nio-8080-exec-1] Failed to parse multipart servlet request; nested exception is javax.servlet.ServletException: org.apache.tomcat.util.http.fileupload.impl.InvalidContentTypeException: the request doesn't contain a multipart/form-data or multipart/mixed stream, content type header is application/json
2021-02-11 11:53:23,732 ERROR com.luv2code.springboot.cruddemo.rest.GlobalExceptionHandler [http-nio-8080-exec-1] Content type 'application/json' not supported
2021-02-11 11:55:06,973 ERROR com.luv2code.springboot.cruddemo.rest.GlobalExceptionHandler [http-nio-8080-exec-1] Content type 'application/json' not supported
2021-02-11 11:58:13,960 ERROR com.luv2code.springboot.cruddemo.rest.GlobalExceptionHandler [http-nio-8080-exec-3] null
2021-02-11 12:03:56,351 ERROR com.luv2code.springboot.cruddemo.rest.GlobalExceptionHandler [http-nio-8080-exec-1] JWT expired at 2021-02-11T12:03:53Z. Current time: 2021-02-11T12:03:56Z, a difference of 3351 milliseconds.  Allowed clock skew: 0 milliseconds.
2021-02-11 12:03:56,351 ERROR com.luv2code.springboot.cruddemo.rest.GlobalExceptionHandler [http-nio-8080-exec-10] JWT expired at 2021-02-11T12:03:53Z. Current time: 2021-02-11T12:03:56Z, a difference of 3349 milliseconds.  Allowed clock skew: 0 milliseconds.
2021-02-11 12:04:56,362 ERROR com.luv2code.springboot.cruddemo.rest.GlobalExceptionHandler [http-nio-8080-exec-3] JWT expired at 2021-02-11T12:03:53Z. Current time: 2021-02-11T12:04:56Z, a difference of 63361 milliseconds.  Allowed clock skew: 0 milliseconds.
2021-02-11 12:04:56,366 ERROR com.luv2code.springboot.cruddemo.rest.GlobalExceptionHandler [http-nio-8080-exec-5] JWT expired at 2021-02-11T12:03:53Z. Current time: 2021-02-11T12:04:56Z, a difference of 63366 milliseconds.  Allowed clock skew: 0 milliseconds.
2021-02-11 12:05:56,349 ERROR com.luv2code.springboot.cruddemo.rest.GlobalExceptionHandler [http-nio-8080-exec-6] JWT expired at 2021-02-11T12:03:53Z. Current time: 2021-02-11T12:05:56Z, a difference of 123348 milliseconds.  Allowed clock skew: 0 milliseconds.
2021-02-11 12:05:56,352 ERROR com.luv2code.springboot.cruddemo.rest.GlobalExceptionHandler [http-nio-8080-exec-7] JWT expired at 2021-02-11T12:03:53Z. Current time: 2021-02-11T12:05:56Z, a difference of 123351 milliseconds.  Allowed clock skew: 0 milliseconds.
2021-02-11 12:06:56,367 ERROR com.luv2code.springboot.cruddemo.rest.GlobalExceptionHandler [http-nio-8080-exec-9] JWT expired at 2021-02-11T12:03:53Z. Current time: 2021-02-11T12:06:56Z, a difference of 183367 milliseconds.  Allowed clock skew: 0 milliseconds.
2021-02-11 12:06:56,367 ERROR com.luv2code.springboot.cruddemo.rest.GlobalExceptionHandler [http-nio-8080-exec-8] JWT expired at 2021-02-11T12:03:53Z. Current time: 2021-02-11T12:06:56Z, a difference of 183367 milliseconds.  Allowed clock skew: 0 milliseconds.
2021-02-11 12:07:56,360 ERROR com.luv2code.springboot.cruddemo.rest.GlobalExceptionHandler [http-nio-8080-exec-1] JWT expired at 2021-02-11T12:03:53Z. Current time: 2021-02-11T12:07:56Z, a difference of 243359 milliseconds.  Allowed clock skew: 0 milliseconds.
2021-02-11 12:07:56,380 ERROR com.luv2code.springboot.cruddemo.rest.GlobalExceptionHandler [http-nio-8080-exec-10] JWT expired at 2021-02-11T12:03:53Z. Current time: 2021-02-11T12:07:56Z, a difference of 243379 milliseconds.  Allowed clock skew: 0 milliseconds.
2021-02-11 12:08:56,355 ERROR com.luv2code.springboot.cruddemo.rest.GlobalExceptionHandler [http-nio-8080-exec-2] JWT expired at 2021-02-11T12:03:53Z. Current time: 2021-02-11T12:08:56Z, a difference of 303355 milliseconds.  Allowed clock skew: 0 milliseconds.
2021-02-11 12:08:56,358 ERROR com.luv2code.springboot.cruddemo.rest.GlobalExceptionHandler [http-nio-8080-exec-4] JWT expired at 2021-02-11T12:03:53Z. Current time: 2021-02-11T12:08:56Z, a difference of 303357 milliseconds.  Allowed clock skew: 0 milliseconds.
2021-02-11 12:09:56,370 ERROR com.luv2code.springboot.cruddemo.rest.GlobalExceptionHandler [http-nio-8080-exec-3] JWT expired at 2021-02-11T12:03:53Z. Current time: 2021-02-11T12:09:56Z, a difference of 363369 milliseconds.  Allowed clock skew: 0 milliseconds.
2021-02-11 12:09:56,379 ERROR com.luv2code.springboot.cruddemo.rest.GlobalExceptionHandler [http-nio-8080-exec-5] JWT expired at 2021-02-11T12:03:53Z. Current time: 2021-02-11T12:09:56Z, a difference of 363379 milliseconds.  Allowed clock skew: 0 milliseconds.
2021-02-11 12:10:56,357 ERROR com.luv2code.springboot.cruddemo.rest.GlobalExceptionHandler [http-nio-8080-exec-6] JWT expired at 2021-02-11T12:03:53Z. Current time: 2021-02-11T12:10:56Z, a difference of 423357 milliseconds.  Allowed clock skew: 0 milliseconds.
2021-02-11 12:10:56,359 ERROR com.luv2code.springboot.cruddemo.rest.GlobalExceptionHandler [http-nio-8080-exec-7] JWT expired at 2021-02-11T12:03:53Z. Current time: 2021-02-11T12:10:56Z, a difference of 423359 milliseconds.  Allowed clock skew: 0 milliseconds.
2021-02-11 12:11:56,063 ERROR com.luv2code.springboot.cruddemo.rest.GlobalExceptionHandler [http-nio-8080-exec-9] JWT expired at 2021-02-11T12:03:53Z. Current time: 2021-02-11T12:11:56Z, a difference of 483063 milliseconds.  Allowed clock skew: 0 milliseconds.
2021-02-11 12:11:56,121 ERROR com.luv2code.springboot.cruddemo.rest.GlobalExceptionHandler [http-nio-8080-exec-8] JWT expired at 2021-02-11T12:03:53Z. Current time: 2021-02-11T12:11:56Z, a difference of 483121 milliseconds.  Allowed clock skew: 0 milliseconds.
2021-02-11 12:12:45,153 ERROR com.luv2code.springboot.cruddemo.rest.GlobalExceptionHandler [http-nio-8080-exec-2] JWT expired at 2021-02-11T12:03:53Z. Current time: 2021-02-11T12:12:45Z, a difference of 532153 milliseconds.  Allowed clock skew: 0 milliseconds.
2021-02-11 12:12:45,164 ERROR com.luv2code.springboot.cruddemo.rest.GlobalExceptionHandler [http-nio-8080-exec-7] JWT expired at 2021-02-11T12:03:53Z. Current time: 2021-02-11T12:12:45Z, a difference of 532164 milliseconds.  Allowed clock skew: 0 milliseconds.
2021-02-11 12:12:45,164 ERROR com.luv2code.springboot.cruddemo.rest.GlobalExceptionHandler [http-nio-8080-exec-8] JWT expired at 2021-02-11T12:03:53Z. Current time: 2021-02-11T12:12:45Z, a difference of 532164 milliseconds.  Allowed clock skew: 0 milliseconds.
2021-02-11 12:12:45,173 ERROR com.luv2code.springboot.cruddemo.rest.GlobalExceptionHandler [http-nio-8080-exec-9] JWT expired at 2021-02-11T12:03:53Z. Current time: 2021-02-11T12:12:45Z, a difference of 532173 milliseconds.  Allowed clock skew: 0 milliseconds.
2021-02-11 12:12:45,223 ERROR com.luv2code.springboot.cruddemo.rest.GlobalExceptionHandler [http-nio-8080-exec-1] JWT expired at 2021-02-11T12:03:53Z. Current time: 2021-02-11T12:12:45Z, a difference of 532223 milliseconds.  Allowed clock skew: 0 milliseconds.
2021-02-11 12:12:45,223 ERROR com.luv2code.springboot.cruddemo.rest.GlobalExceptionHandler [http-nio-8080-exec-10] JWT expired at 2021-02-11T12:03:53Z. Current time: 2021-02-11T12:12:45Z, a difference of 532223 milliseconds.  Allowed clock skew: 0 milliseconds.
2021-02-11 12:13:01,102 ERROR com.luv2code.springboot.cruddemo.rest.GlobalExceptionHandler [http-nio-8080-exec-2] JWT expired at 2021-02-11T12:03:53Z. Current time: 2021-02-11T12:13:01Z, a difference of 548102 milliseconds.  Allowed clock skew: 0 milliseconds.
2021-02-11 12:13:03,124 ERROR com.luv2code.springboot.cruddemo.rest.GlobalExceptionHandler [http-nio-8080-exec-6] JWT expired at 2021-02-11T12:03:53Z. Current time: 2021-02-11T12:13:03Z, a difference of 550124 milliseconds.  Allowed clock skew: 0 milliseconds.
2021-02-11 12:13:03,124 ERROR com.luv2code.springboot.cruddemo.rest.GlobalExceptionHandler [http-nio-8080-exec-7] JWT expired at 2021-02-11T12:03:53Z. Current time: 2021-02-11T12:13:03Z, a difference of 550124 milliseconds.  Allowed clock skew: 0 milliseconds.
2021-02-11 12:13:03,290 ERROR com.luv2code.springboot.cruddemo.rest.GlobalExceptionHandler [http-nio-8080-exec-9] JWT expired at 2021-02-11T12:03:53Z. Current time: 2021-02-11T12:13:03Z, a difference of 550290 milliseconds.  Allowed clock skew: 0 milliseconds.
2021-02-11 12:13:34,933 ERROR com.luv2code.springboot.cruddemo.rest.GlobalExceptionHandler [http-nio-8080-exec-2] Type definition error: [simple type, class org.springframework.web.multipart.MultipartFile]; nested exception is com.fasterxml.jackson.databind.exc.InvalidDefinitionException: Cannot construct instance of `org.springframework.web.multipart.MultipartFile` (no Creators, like default constructor, exist): abstract types either need to be mapped to concrete types, have custom deserializer, or contain additional type information
 at [Source: (PushbackInputStream); line: 1, column: 27] (through reference chain: com.luv2code.utility.UploadPost["photo"])
2021-02-11 12:16:30,262 ERROR com.luv2code.springboot.cruddemo.rest.GlobalExceptionHandler [http-nio-8080-exec-2] Type definition error: [simple type, class org.springframework.web.multipart.MultipartFile]; nested exception is com.fasterxml.jackson.databind.exc.InvalidDefinitionException: Cannot construct instance of `org.springframework.web.multipart.MultipartFile` (no Creators, like default constructor, exist): abstract types either need to be mapped to concrete types, have custom deserializer, or contain additional type information
 at [Source: (PushbackInputStream); line: 1, column: 27] (through reference chain: com.luv2code.utility.UploadPost["photo"])
2021-02-11 12:18:16,787 ERROR com.luv2code.springboot.cruddemo.rest.GlobalExceptionHandler [http-nio-8080-exec-10] Type definition error: [simple type, class org.springframework.web.multipart.MultipartFile]; nested exception is com.fasterxml.jackson.databind.exc.InvalidDefinitionException: Cannot construct instance of `org.springframework.web.multipart.MultipartFile` (no Creators, like default constructor, exist): abstract types either need to be mapped to concrete types, have custom deserializer, or contain additional type information
 at [Source: (PushbackInputStream); line: 1, column: 28] (through reference chain: com.luv2code.utility.UploadPost["photo"])
2021-02-11 12:18:55,694 ERROR com.luv2code.springboot.cruddemo.rest.GlobalExceptionHandler [http-nio-8080-exec-1] Type definition error: [simple type, class org.springframework.web.multipart.MultipartFile]; nested exception is com.fasterxml.jackson.databind.exc.InvalidDefinitionException: Cannot construct instance of `org.springframework.web.multipart.MultipartFile` (no Creators, like default constructor, exist): abstract types either need to be mapped to concrete types, have custom deserializer, or contain additional type information
 at [Source: (PushbackInputStream); line: 1, column: 27] (through reference chain: com.luv2code.utility.UploadPost["photo"])
2021-02-11 12:22:56,953 ERROR com.luv2code.springboot.cruddemo.rest.GlobalExceptionHandler [http-nio-8080-exec-1] Content type 'application/json' not supported
2021-02-11 12:23:49,548 ERROR com.luv2code.springboot.cruddemo.rest.GlobalExceptionHandler [http-nio-8080-exec-1] Type definition error: [simple type, class org.springframework.web.multipart.MultipartFile]; nested exception is com.fasterxml.jackson.databind.exc.InvalidDefinitionException: Cannot construct instance of `org.springframework.web.multipart.MultipartFile` (no Creators, like default constructor, exist): abstract types either need to be mapped to concrete types, have custom deserializer, or contain additional type information
 at [Source: (PushbackInputStream); line: 1, column: 27] (through reference chain: com.luv2code.utility.UploadPost["photo"])
2021-02-11 12:44:58,279 ERROR com.luv2code.springboot.cruddemo.rest.GlobalExceptionHandler [http-nio-8080-exec-1] Current request is not a multipart request
2021-02-11 12:46:00,476 ERROR com.luv2code.springboot.cruddemo.rest.GlobalExceptionHandler [http-nio-8080-exec-1] JSON parse error: Cannot deserialize instance of `com.luv2code.utility.UploadPost` out of START_ARRAY token; nested exception is com.fasterxml.jackson.databind.exc.MismatchedInputException: Cannot deserialize instance of `com.luv2code.utility.UploadPost` out of START_ARRAY token
 at [Source: (PushbackInputStream); line: 1, column: 1]
2021-02-11 14:06:34,520 ERROR com.luv2code.springboot.cruddemo.rest.GlobalExceptionHandler [http-nio-8080-exec-10] JWT expired at 2021-02-11T13:13:13Z. Current time: 2021-02-11T14:06:34Z, a difference of 3201519 milliseconds.  Allowed clock skew: 0 milliseconds.
2021-02-11 14:06:34,520 ERROR com.luv2code.springboot.cruddemo.rest.GlobalExceptionHandler [http-nio-8080-exec-9] JWT expired at 2021-02-11T13:13:13Z. Current time: 2021-02-11T14:06:34Z, a difference of 3201519 milliseconds.  Allowed clock skew: 0 milliseconds.
2021-02-11 14:06:37,802 ERROR com.luv2code.springboot.cruddemo.rest.GlobalExceptionHandler [http-nio-8080-exec-3] JWT expired at 2021-02-11T13:13:13Z. Current time: 2021-02-11T14:06:37Z, a difference of 3204801 milliseconds.  Allowed clock skew: 0 milliseconds.
2021-02-11 14:06:37,810 ERROR com.luv2code.springboot.cruddemo.rest.GlobalExceptionHandler [http-nio-8080-exec-4] JWT expired at 2021-02-11T13:13:13Z. Current time: 2021-02-11T14:06:37Z, a difference of 3204810 milliseconds.  Allowed clock skew: 0 milliseconds.
2021-02-11 14:06:39,428 ERROR com.luv2code.springboot.cruddemo.rest.GlobalExceptionHandler [http-nio-8080-exec-5] JWT expired at 2021-02-11T13:13:13Z. Current time: 2021-02-11T14:06:39Z, a difference of 3206428 milliseconds.  Allowed clock skew: 0 milliseconds.
2021-02-11 14:06:39,442 ERROR com.luv2code.springboot.cruddemo.rest.GlobalExceptionHandler [http-nio-8080-exec-7] JWT expired at 2021-02-11T13:13:13Z. Current time: 2021-02-11T14:06:39Z, a difference of 3206442 milliseconds.  Allowed clock skew: 0 milliseconds.
2021-02-11 14:06:39,450 ERROR com.luv2code.springboot.cruddemo.rest.GlobalExceptionHandler [http-nio-8080-exec-2] JWT expired at 2021-02-11T13:13:13Z. Current time: 2021-02-11T14:06:39Z, a difference of 3206449 milliseconds.  Allowed clock skew: 0 milliseconds.
2021-02-11 14:06:39,456 ERROR com.luv2code.springboot.cruddemo.rest.GlobalExceptionHandler [http-nio-8080-exec-9] JWT expired at 2021-02-11T13:13:13Z. Current time: 2021-02-11T14:06:39Z, a difference of 3206455 milliseconds.  Allowed clock skew: 0 milliseconds.
2021-02-11 14:07:38,337 ERROR com.luv2code.springboot.cruddemo.rest.GlobalExceptionHandler [http-nio-8080-exec-3] JWT expired at 2021-02-11T13:13:13Z. Current time: 2021-02-11T14:07:38Z, a difference of 3265337 milliseconds.  Allowed clock skew: 0 milliseconds.
2021-02-11 14:08:38,338 ERROR com.luv2code.springboot.cruddemo.rest.GlobalExceptionHandler [http-nio-8080-exec-1] JWT expired at 2021-02-11T13:13:13Z. Current time: 2021-02-11T14:08:38Z, a difference of 3325338 milliseconds.  Allowed clock skew: 0 milliseconds.
2021-02-11 14:09:38,337 ERROR com.luv2code.springboot.cruddemo.rest.GlobalExceptionHandler [http-nio-8080-exec-4] JWT expired at 2021-02-11T13:13:13Z. Current time: 2021-02-11T14:09:38Z, a difference of 3385337 milliseconds.  Allowed clock skew: 0 milliseconds.
2021-02-11 14:10:38,344 ERROR com.luv2code.springboot.cruddemo.rest.GlobalExceptionHandler [http-nio-8080-exec-5] JWT expired at 2021-02-11T13:13:13Z. Current time: 2021-02-11T14:10:38Z, a difference of 3445343 milliseconds.  Allowed clock skew: 0 milliseconds.
2021-02-11 14:11:38,335 ERROR com.luv2code.springboot.cruddemo.rest.GlobalExceptionHandler [http-nio-8080-exec-6] JWT expired at 2021-02-11T13:13:13Z. Current time: 2021-02-11T14:11:38Z, a difference of 3505334 milliseconds.  Allowed clock skew: 0 milliseconds.
2021-02-11 14:12:38,335 ERROR com.luv2code.springboot.cruddemo.rest.GlobalExceptionHandler [http-nio-8080-exec-7] JWT expired at 2021-02-11T13:13:13Z. Current time: 2021-02-11T14:12:38Z, a difference of 3565335 milliseconds.  Allowed clock skew: 0 milliseconds.
2021-02-11 14:13:38,348 ERROR com.luv2code.springboot.cruddemo.rest.GlobalExceptionHandler [http-nio-8080-exec-8] JWT expired at 2021-02-11T13:13:13Z. Current time: 2021-02-11T14:13:38Z, a difference of 3625347 milliseconds.  Allowed clock skew: 0 milliseconds.
2021-02-11 14:14:38,333 ERROR com.luv2code.springboot.cruddemo.rest.GlobalExceptionHandler [http-nio-8080-exec-2] JWT expired at 2021-02-11T13:13:13Z. Current time: 2021-02-11T14:14:38Z, a difference of 3685333 milliseconds.  Allowed clock skew: 0 milliseconds.
2021-02-11 14:15:38,341 ERROR com.luv2code.springboot.cruddemo.rest.GlobalExceptionHandler [http-nio-8080-exec-10] JWT expired at 2021-02-11T13:13:13Z. Current time: 2021-02-11T14:15:38Z, a difference of 3745341 milliseconds.  Allowed clock skew: 0 milliseconds.
2021-02-11 14:16:38,346 ERROR com.luv2code.springboot.cruddemo.rest.GlobalExceptionHandler [http-nio-8080-exec-9] JWT expired at 2021-02-11T13:13:13Z. Current time: 2021-02-11T14:16:38Z, a difference of 3805345 milliseconds.  Allowed clock skew: 0 milliseconds.
2021-02-11 14:17:38,339 ERROR com.luv2code.springboot.cruddemo.rest.GlobalExceptionHandler [http-nio-8080-exec-3] JWT expired at 2021-02-11T13:13:13Z. Current time: 2021-02-11T14:17:38Z, a difference of 3865339 milliseconds.  Allowed clock skew: 0 milliseconds.
2021-02-11 14:18:38,342 ERROR com.luv2code.springboot.cruddemo.rest.GlobalExceptionHandler [http-nio-8080-exec-1] JWT expired at 2021-02-11T13:13:13Z. Current time: 2021-02-11T14:18:38Z, a difference of 3925342 milliseconds.  Allowed clock skew: 0 milliseconds.
2021-02-11 14:19:38,341 ERROR com.luv2code.springboot.cruddemo.rest.GlobalExceptionHandler [http-nio-8080-exec-4] JWT expired at 2021-02-11T13:13:13Z. Current time: 2021-02-11T14:19:38Z, a difference of 3985341 milliseconds.  Allowed clock skew: 0 milliseconds.
2021-02-11 14:19:43,931 ERROR com.luv2code.springboot.cruddemo.rest.GlobalExceptionHandler [http-nio-8080-exec-5] JWT expired at 2021-02-11T13:13:13Z. Current time: 2021-02-11T14:19:43Z, a difference of 3990930 milliseconds.  Allowed clock skew: 0 milliseconds.
2021-02-11 14:19:43,937 ERROR com.luv2code.springboot.cruddemo.rest.GlobalExceptionHandler [http-nio-8080-exec-6] JWT expired at 2021-02-11T13:13:13Z. Current time: 2021-02-11T14:19:43Z, a difference of 3990936 milliseconds.  Allowed clock skew: 0 milliseconds.
2021-02-11 14:19:44,094 ERROR com.luv2code.springboot.cruddemo.rest.GlobalExceptionHandler [http-nio-8080-exec-7] JWT expired at 2021-02-11T13:13:13Z. Current time: 2021-02-11T14:19:44Z, a difference of 3991094 milliseconds.  Allowed clock skew: 0 milliseconds.
2021-02-11 14:19:44,095 ERROR com.luv2code.springboot.cruddemo.rest.GlobalExceptionHandler [http-nio-8080-exec-8] JWT expired at 2021-02-11T13:13:13Z. Current time: 2021-02-11T14:19:44Z, a difference of 3991095 milliseconds.  Allowed clock skew: 0 milliseconds.
2021-02-11 14:19:44,095 ERROR com.luv2code.springboot.cruddemo.rest.GlobalExceptionHandler [http-nio-8080-exec-2] JWT expired at 2021-02-11T13:13:13Z. Current time: 2021-02-11T14:19:44Z, a difference of 3991095 milliseconds.  Allowed clock skew: 0 milliseconds.
2021-02-11 14:19:44,097 ERROR com.luv2code.springboot.cruddemo.rest.GlobalExceptionHandler [http-nio-8080-exec-10] JWT expired at 2021-02-11T13:13:13Z. Current time: 2021-02-11T14:19:44Z, a difference of 3991096 milliseconds.  Allowed clock skew: 0 milliseconds.
2021-02-11 14:20:20,124 ERROR com.luv2code.springboot.cruddemo.rest.GlobalExceptionHandler [http-nio-8080-exec-1] JWT expired at 2021-02-11T13:13:13Z. Current time: 2021-02-11T14:20:20Z, a difference of 4027124 milliseconds.  Allowed clock skew: 0 milliseconds.
2021-02-11 14:20:20,124 ERROR com.luv2code.springboot.cruddemo.rest.GlobalExceptionHandler [http-nio-8080-exec-2] JWT expired at 2021-02-11T13:13:13Z. Current time: 2021-02-11T14:20:20Z, a difference of 4027124 milliseconds.  Allowed clock skew: 0 milliseconds.
2021-02-11 14:20:20,196 ERROR com.luv2code.springboot.cruddemo.rest.GlobalExceptionHandler [http-nio-8080-exec-5] JWT expired at 2021-02-11T13:13:13Z. Current time: 2021-02-11T14:20:20Z, a difference of 4027196 milliseconds.  Allowed clock skew: 0 milliseconds.
2021-02-11 14:20:20,196 ERROR com.luv2code.springboot.cruddemo.rest.GlobalExceptionHandler [http-nio-8080-exec-3] JWT expired at 2021-02-11T13:13:13Z. Current time: 2021-02-11T14:20:20Z, a difference of 4027196 milliseconds.  Allowed clock skew: 0 milliseconds.
2021-02-11 14:20:20,196 ERROR com.luv2code.springboot.cruddemo.rest.GlobalExceptionHandler [http-nio-8080-exec-4] JWT expired at 2021-02-11T13:13:13Z. Current time: 2021-02-11T14:20:20Z, a difference of 4027196 milliseconds.  Allowed clock skew: 0 milliseconds.
2021-02-11 14:20:20,198 ERROR com.luv2code.springboot.cruddemo.rest.GlobalExceptionHandler [http-nio-8080-exec-6] JWT expired at 2021-02-11T13:13:13Z. Current time: 2021-02-11T14:20:20Z, a difference of 4027198 milliseconds.  Allowed clock skew: 0 milliseconds.
2021-02-11 14:42:14,974 ERROR com.luv2code.springboot.cruddemo.rest.GlobalExceptionHandler [http-nio-8080-exec-1] Type definition error: [simple type, class org.springframework.web.multipart.MultipartFile]; nested exception is com.fasterxml.jackson.databind.exc.InvalidDefinitionException: Cannot construct instance of `org.springframework.web.multipart.MultipartFile` (no Creators, like default constructor, exist): abstract types either need to be mapped to concrete types, have custom deserializer, or contain additional type information
 at [Source: (PushbackInputStream); line: 1, column: 30] (through reference chain: com.luv2code.utility.UploadPost["photo"])
2021-02-11 14:59:56,934 ERROR com.luv2code.springboot.cruddemo.rest.GlobalExceptionHandler [http-nio-8080-exec-2] Type definition error: [simple type, class org.springframework.web.multipart.MultipartFile]; nested exception is com.fasterxml.jackson.databind.exc.InvalidDefinitionException: Cannot construct instance of `org.springframework.web.multipart.MultipartFile` (no Creators, like default constructor, exist): abstract types either need to be mapped to concrete types, have custom deserializer, or contain additional type information
 at [Source: (PushbackInputStream); line: 1, column: 30] (through reference chain: com.luv2code.utility.UploadPost["photo"])
2021-02-11 15:29:08,338 ERROR com.luv2code.springboot.cruddemo.rest.GlobalExceptionHandler [http-nio-8080-exec-2] JWT expired at 2021-02-11T15:28:28Z. Current time: 2021-02-11T15:29:08Z, a difference of 40338 milliseconds.  Allowed clock skew: 0 milliseconds.
2021-02-11 15:29:08,338 ERROR com.luv2code.springboot.cruddemo.rest.GlobalExceptionHandler [http-nio-8080-exec-1] JWT expired at 2021-02-11T15:28:28Z. Current time: 2021-02-11T15:29:08Z, a difference of 40338 milliseconds.  Allowed clock skew: 0 milliseconds.
2021-02-11 15:40:38,505 ERROR com.luv2code.springboot.cruddemo.rest.GlobalExceptionHandler [http-nio-8080-exec-8] JWT expired at 2021-02-11T15:28:28Z. Current time: 2021-02-11T15:40:38Z, a difference of 730501 milliseconds.  Allowed clock skew: 0 milliseconds.
2021-02-11 15:40:38,505 ERROR com.luv2code.springboot.cruddemo.rest.GlobalExceptionHandler [http-nio-8080-exec-7] JWT expired at 2021-02-11T15:28:28Z. Current time: 2021-02-11T15:40:38Z, a difference of 730502 milliseconds.  Allowed clock skew: 0 milliseconds.
2021-02-11 15:40:38,505 ERROR com.luv2code.springboot.cruddemo.rest.GlobalExceptionHandler [http-nio-8080-exec-6] JWT expired at 2021-02-11T15:28:28Z. Current time: 2021-02-11T15:40:38Z, a difference of 730501 milliseconds.  Allowed clock skew: 0 milliseconds.
2021-02-11 15:40:38,505 ERROR com.luv2code.springboot.cruddemo.rest.GlobalExceptionHandler [http-nio-8080-exec-10] JWT expired at 2021-02-11T15:28:28Z. Current time: 2021-02-11T15:40:38Z, a difference of 730501 milliseconds.  Allowed clock skew: 0 milliseconds.
2021-02-11 15:40:38,505 ERROR com.luv2code.springboot.cruddemo.rest.GlobalExceptionHandler [http-nio-8080-exec-9] JWT expired at 2021-02-11T15:28:28Z. Current time: 2021-02-11T15:40:38Z, a difference of 730501 milliseconds.  Allowed clock skew: 0 milliseconds.
2021-02-11 15:40:38,557 ERROR com.luv2code.springboot.cruddemo.rest.GlobalExceptionHandler [http-nio-8080-exec-2] JWT expired at 2021-02-11T15:28:28Z. Current time: 2021-02-11T15:40:38Z, a difference of 730556 milliseconds.  Allowed clock skew: 0 milliseconds.
2021-02-11 15:41:38,157 ERROR com.luv2code.springboot.cruddemo.rest.GlobalExceptionHandler [http-nio-8080-exec-4] JWT expired at 2021-02-11T15:28:28Z. Current time: 2021-02-11T15:41:38Z, a difference of 790157 milliseconds.  Allowed clock skew: 0 milliseconds.
2021-02-11 15:42:38,148 ERROR com.luv2code.springboot.cruddemo.rest.GlobalExceptionHandler [http-nio-8080-exec-1] JWT expired at 2021-02-11T15:28:28Z. Current time: 2021-02-11T15:42:38Z, a difference of 850148 milliseconds.  Allowed clock skew: 0 milliseconds.
2021-02-11 15:43:38,155 ERROR com.luv2code.springboot.cruddemo.rest.GlobalExceptionHandler [http-nio-8080-exec-3] JWT expired at 2021-02-11T15:28:28Z. Current time: 2021-02-11T15:43:38Z, a difference of 910155 milliseconds.  Allowed clock skew: 0 milliseconds.
2021-02-11 15:44:24,799 ERROR com.luv2code.springboot.cruddemo.rest.GlobalExceptionHandler [http-nio-8080-exec-1] JWT expired at 2021-02-11T15:28:28Z. Current time: 2021-02-11T15:44:24Z, a difference of 956797 milliseconds.  Allowed clock skew: 0 milliseconds.
2021-02-11 15:44:24,803 ERROR com.luv2code.springboot.cruddemo.rest.GlobalExceptionHandler [http-nio-8080-exec-2] JWT expired at 2021-02-11T15:28:28Z. Current time: 2021-02-11T15:44:24Z, a difference of 956802 milliseconds.  Allowed clock skew: 0 milliseconds.
2021-02-11 15:44:24,920 ERROR com.luv2code.springboot.cruddemo.rest.GlobalExceptionHandler [http-nio-8080-exec-3] JWT expired at 2021-02-11T15:28:28Z. Current time: 2021-02-11T15:44:24Z, a difference of 956919 milliseconds.  Allowed clock skew: 0 milliseconds.
2021-02-11 15:44:24,920 ERROR com.luv2code.springboot.cruddemo.rest.GlobalExceptionHandler [http-nio-8080-exec-5] JWT expired at 2021-02-11T15:28:28Z. Current time: 2021-02-11T15:44:24Z, a difference of 956920 milliseconds.  Allowed clock skew: 0 milliseconds.
2021-02-11 15:44:24,920 ERROR com.luv2code.springboot.cruddemo.rest.GlobalExceptionHandler [http-nio-8080-exec-4] JWT expired at 2021-02-11T15:28:28Z. Current time: 2021-02-11T15:44:24Z, a difference of 956920 milliseconds.  Allowed clock skew: 0 milliseconds.
2021-02-11 15:44:24,920 ERROR com.luv2code.springboot.cruddemo.rest.GlobalExceptionHandler [http-nio-8080-exec-6] JWT expired at 2021-02-11T15:28:28Z. Current time: 2021-02-11T15:44:24Z, a difference of 956920 milliseconds.  Allowed clock skew: 0 milliseconds.
2021-02-11 15:45:24,788 ERROR com.luv2code.springboot.cruddemo.rest.GlobalExceptionHandler [http-nio-8080-exec-7] JWT expired at 2021-02-11T15:28:28Z. Current time: 2021-02-11T15:45:24Z, a difference of 1016788 milliseconds.  Allowed clock skew: 0 milliseconds.
2021-02-11 15:45:39,770 ERROR com.luv2code.springboot.cruddemo.rest.GlobalExceptionHandler [http-nio-8080-exec-8] JWT expired at 2021-02-11T15:28:28Z. Current time: 2021-02-11T15:45:39Z, a difference of 1031770 milliseconds.  Allowed clock skew: 0 milliseconds.
2021-02-11 15:45:39,786 ERROR com.luv2code.springboot.cruddemo.rest.GlobalExceptionHandler [http-nio-8080-exec-9] JWT expired at 2021-02-11T15:28:28Z. Current time: 2021-02-11T15:45:39Z, a difference of 1031786 milliseconds.  Allowed clock skew: 0 milliseconds.
2021-02-11 15:45:39,906 ERROR com.luv2code.springboot.cruddemo.rest.GlobalExceptionHandler [http-nio-8080-exec-10] JWT expired at 2021-02-11T15:28:28Z. Current time: 2021-02-11T15:45:39Z, a difference of 1031906 milliseconds.  Allowed clock skew: 0 milliseconds.
2021-02-11 15:45:39,906 ERROR com.luv2code.springboot.cruddemo.rest.GlobalExceptionHandler [http-nio-8080-exec-5] JWT expired at 2021-02-11T15:28:28Z. Current time: 2021-02-11T15:45:39Z, a difference of 1031906 milliseconds.  Allowed clock skew: 0 milliseconds.
2021-02-11 15:45:39,905 ERROR com.luv2code.springboot.cruddemo.rest.GlobalExceptionHandler [http-nio-8080-exec-2] JWT expired at 2021-02-11T15:28:28Z. Current time: 2021-02-11T15:45:39Z, a difference of 1031905 milliseconds.  Allowed clock skew: 0 milliseconds.
2021-02-11 15:45:39,905 ERROR com.luv2code.springboot.cruddemo.rest.GlobalExceptionHandler [http-nio-8080-exec-1] JWT expired at 2021-02-11T15:28:28Z. Current time: 2021-02-11T15:45:39Z, a difference of 1031905 milliseconds.  Allowed clock skew: 0 milliseconds.
2021-02-11 15:46:39,776 ERROR com.luv2code.springboot.cruddemo.rest.GlobalExceptionHandler [http-nio-8080-exec-3] JWT expired at 2021-02-11T15:28:28Z. Current time: 2021-02-11T15:46:39Z, a difference of 1091776 milliseconds.  Allowed clock skew: 0 milliseconds.
2021-02-11 15:47:12,064 ERROR com.luv2code.springboot.cruddemo.rest.GlobalExceptionHandler [http-nio-8080-exec-2] JWT expired at 2021-02-11T15:28:28Z. Current time: 2021-02-11T15:47:12Z, a difference of 1124063 milliseconds.  Allowed clock skew: 0 milliseconds.
2021-02-11 15:47:12,064 ERROR com.luv2code.springboot.cruddemo.rest.GlobalExceptionHandler [http-nio-8080-exec-1] JWT expired at 2021-02-11T15:28:28Z. Current time: 2021-02-11T15:47:12Z, a difference of 1124063 milliseconds.  Allowed clock skew: 0 milliseconds.
2021-02-11 15:47:12,157 ERROR com.luv2code.springboot.cruddemo.rest.GlobalExceptionHandler [http-nio-8080-exec-3] JWT expired at 2021-02-11T15:28:28Z. Current time: 2021-02-11T15:47:12Z, a difference of 1124157 milliseconds.  Allowed clock skew: 0 milliseconds.
2021-02-11 15:47:12,157 ERROR com.luv2code.springboot.cruddemo.rest.GlobalExceptionHandler [http-nio-8080-exec-6] JWT expired at 2021-02-11T15:28:28Z. Current time: 2021-02-11T15:47:12Z, a difference of 1124157 milliseconds.  Allowed clock skew: 0 milliseconds.
2021-02-11 15:47:12,158 ERROR com.luv2code.springboot.cruddemo.rest.GlobalExceptionHandler [http-nio-8080-exec-5] JWT expired at 2021-02-11T15:28:28Z. Current time: 2021-02-11T15:47:12Z, a difference of 1124158 milliseconds.  Allowed clock skew: 0 milliseconds.
2021-02-11 15:47:12,160 ERROR com.luv2code.springboot.cruddemo.rest.GlobalExceptionHandler [http-nio-8080-exec-4] JWT expired at 2021-02-11T15:28:28Z. Current time: 2021-02-11T15:47:12Z, a difference of 1124159 milliseconds.  Allowed clock skew: 0 milliseconds.
2021-02-11 15:48:09,232 ERROR com.luv2code.springboot.cruddemo.rest.GlobalExceptionHandler [http-nio-8080-exec-2] JWT expired at 2021-02-11T15:28:28Z. Current time: 2021-02-11T15:48:09Z, a difference of 1181231 milliseconds.  Allowed clock skew: 0 milliseconds.
2021-02-11 15:48:09,232 ERROR com.luv2code.springboot.cruddemo.rest.GlobalExceptionHandler [http-nio-8080-exec-1] JWT expired at 2021-02-11T15:28:28Z. Current time: 2021-02-11T15:48:09Z, a difference of 1181231 milliseconds.  Allowed clock skew: 0 milliseconds.
2021-02-11 15:48:09,321 ERROR com.luv2code.springboot.cruddemo.rest.GlobalExceptionHandler [http-nio-8080-exec-5] JWT expired at 2021-02-11T15:28:28Z. Current time: 2021-02-11T15:48:09Z, a difference of 1181320 milliseconds.  Allowed clock skew: 0 milliseconds.
2021-02-11 15:48:09,321 ERROR com.luv2code.springboot.cruddemo.rest.GlobalExceptionHandler [http-nio-8080-exec-4] JWT expired at 2021-02-11T15:28:28Z. Current time: 2021-02-11T15:48:09Z, a difference of 1181320 milliseconds.  Allowed clock skew: 0 milliseconds.
2021-02-11 15:48:09,323 ERROR com.luv2code.springboot.cruddemo.rest.GlobalExceptionHandler [http-nio-8080-exec-3] JWT expired at 2021-02-11T15:28:28Z. Current time: 2021-02-11T15:48:09Z, a difference of 1181322 milliseconds.  Allowed clock skew: 0 milliseconds.
2021-02-11 15:48:09,325 ERROR com.luv2code.springboot.cruddemo.rest.GlobalExceptionHandler [http-nio-8080-exec-6] JWT expired at 2021-02-11T15:28:28Z. Current time: 2021-02-11T15:48:09Z, a difference of 1181324 milliseconds.  Allowed clock skew: 0 milliseconds.
2021-02-11 15:48:53,746 ERROR com.luv2code.springboot.cruddemo.rest.GlobalExceptionHandler [http-nio-8080-exec-1] JWT expired at 2021-02-11T15:28:28Z. Current time: 2021-02-11T15:48:53Z, a difference of 1225745 milliseconds.  Allowed clock skew: 0 milliseconds.
2021-02-11 15:48:53,752 ERROR com.luv2code.springboot.cruddemo.rest.GlobalExceptionHandler [http-nio-8080-exec-2] JWT expired at 2021-02-11T15:28:28Z. Current time: 2021-02-11T15:48:53Z, a difference of 1225752 milliseconds.  Allowed clock skew: 0 milliseconds.
2021-02-11 15:48:53,813 ERROR com.luv2code.springboot.cruddemo.rest.GlobalExceptionHandler [http-nio-8080-exec-3] JWT expired at 2021-02-11T15:28:28Z. Current time: 2021-02-11T15:48:53Z, a difference of 1225813 milliseconds.  Allowed clock skew: 0 milliseconds.
2021-02-11 15:48:53,843 ERROR com.luv2code.springboot.cruddemo.rest.GlobalExceptionHandler [http-nio-8080-exec-4] JWT expired at 2021-02-11T15:28:28Z. Current time: 2021-02-11T15:48:53Z, a difference of 1225842 milliseconds.  Allowed clock skew: 0 milliseconds.
2021-02-11 15:48:53,843 ERROR com.luv2code.springboot.cruddemo.rest.GlobalExceptionHandler [http-nio-8080-exec-5] JWT expired at 2021-02-11T15:28:28Z. Current time: 2021-02-11T15:48:53Z, a difference of 1225842 milliseconds.  Allowed clock skew: 0 milliseconds.
2021-02-11 15:48:53,843 ERROR com.luv2code.springboot.cruddemo.rest.GlobalExceptionHandler [http-nio-8080-exec-6] JWT expired at 2021-02-11T15:28:28Z. Current time: 2021-02-11T15:48:53Z, a difference of 1225842 milliseconds.  Allowed clock skew: 0 milliseconds.
2021-02-11 15:49:24,188 ERROR com.luv2code.springboot.cruddemo.rest.GlobalExceptionHandler [http-nio-8080-exec-3] JWT expired at 2021-02-11T15:28:28Z. Current time: 2021-02-11T15:49:24Z, a difference of 1256185 milliseconds.  Allowed clock skew: 0 milliseconds.
2021-02-11 15:49:24,188 ERROR com.luv2code.springboot.cruddemo.rest.GlobalExceptionHandler [http-nio-8080-exec-2] JWT expired at 2021-02-11T15:28:28Z. Current time: 2021-02-11T15:49:24Z, a difference of 1256185 milliseconds.  Allowed clock skew: 0 milliseconds.
2021-02-11 15:49:24,188 ERROR com.luv2code.springboot.cruddemo.rest.GlobalExceptionHandler [http-nio-8080-exec-1] JWT expired at 2021-02-11T15:28:28Z. Current time: 2021-02-11T15:49:24Z, a difference of 1256185 milliseconds.  Allowed clock skew: 0 milliseconds.
2021-02-11 15:49:24,188 ERROR com.luv2code.springboot.cruddemo.rest.GlobalExceptionHandler [http-nio-8080-exec-6] JWT expired at 2021-02-11T15:28:28Z. Current time: 2021-02-11T15:49:24Z, a difference of 1256185 milliseconds.  Allowed clock skew: 0 milliseconds.
2021-02-11 15:49:24,188 ERROR com.luv2code.springboot.cruddemo.rest.GlobalExceptionHandler [http-nio-8080-exec-5] JWT expired at 2021-02-11T15:28:28Z. Current time: 2021-02-11T15:49:24Z, a difference of 1256185 milliseconds.  Allowed clock skew: 0 milliseconds.
2021-02-11 15:49:24,252 ERROR com.luv2code.springboot.cruddemo.rest.GlobalExceptionHandler [http-nio-8080-exec-9] JWT expired at 2021-02-11T15:28:28Z. Current time: 2021-02-11T15:49:24Z, a difference of 1256252 milliseconds.  Allowed clock skew: 0 milliseconds.
2021-02-11 15:50:39,465 ERROR com.luv2code.springboot.cruddemo.rest.GlobalExceptionHandler [http-nio-8080-exec-7] Type definition error: [simple type, class org.springframework.web.multipart.MultipartFile]; nested exception is com.fasterxml.jackson.databind.exc.InvalidDefinitionException: Cannot construct instance of `org.springframework.web.multipart.MultipartFile` (no Creators, like default constructor, exist): abstract types either need to be mapped to concrete types, have custom deserializer, or contain additional type information
 at [Source: (PushbackInputStream); line: 1, column: 30] (through reference chain: com.luv2code.utility.UploadPost["photo"])
2021-02-11 15:52:01,911 ERROR com.luv2code.springboot.cruddemo.rest.GlobalExceptionHandler [http-nio-8080-exec-6] Type definition error: [simple type, class org.springframework.web.multipart.MultipartFile]; nested exception is com.fasterxml.jackson.databind.exc.InvalidDefinitionException: Cannot construct instance of `org.springframework.web.multipart.MultipartFile` (no Creators, like default constructor, exist): abstract types either need to be mapped to concrete types, have custom deserializer, or contain additional type information
 at [Source: (PushbackInputStream); line: 1, column: 28] (through reference chain: com.luv2code.utility.UploadPost["photo"])
2021-02-11 16:03:23,986 ERROR com.luv2code.springboot.cruddemo.rest.PostLikesRestController [http-nio-8080-exec-2] cannot like a post of a user that is not ur friend
2021-02-11 16:03:27,413 ERROR com.luv2code.springboot.cruddemo.rest.PostLikesRestController [http-nio-8080-exec-3] cannot like a post of a user that is not ur friend
2021-02-11 16:03:28,573 ERROR com.luv2code.springboot.cruddemo.rest.PostLikesRestController [http-nio-8080-exec-4] cannot like a post of a user that is not ur friend
2021-02-11 16:03:29,613 ERROR com.luv2code.springboot.cruddemo.rest.PostLikesRestController [http-nio-8080-exec-5] cannot like a post of a user that is not ur friend
2021-02-11 16:03:42,100 ERROR com.luv2code.springboot.cruddemo.rest.GlobalExceptionHandler [http-nio-8080-exec-10] Failed to parse multipart servlet request; nested exception is javax.servlet.ServletException: org.apache.tomcat.util.http.fileupload.impl.InvalidContentTypeException: the request doesn't contain a multipart/form-data or multipart/mixed stream, content type header is application/json
2021-02-11 16:06:28,522 ERROR com.luv2code.springboot.cruddemo.rest.GlobalExceptionHandler [http-nio-8080-exec-1] Content type 'application/json' not supported
2021-02-11 16:06:59,464 ERROR com.luv2code.springboot.cruddemo.rest.GlobalExceptionHandler [http-nio-8080-exec-1] Failed to parse multipart servlet request; nested exception is javax.servlet.ServletException: org.apache.tomcat.util.http.fileupload.impl.InvalidContentTypeException: the request doesn't contain a multipart/form-data or multipart/mixed stream, content type header is application/json
2021-02-11 16:07:49,089 ERROR com.luv2code.springboot.cruddemo.rest.GlobalExceptionHandler [http-nio-8080-exec-5] Failed to parse multipart servlet request; nested exception is javax.servlet.ServletException: org.apache.tomcat.util.http.fileupload.impl.InvalidContentTypeException: the request doesn't contain a multipart/form-data or multipart/mixed stream, content type header is application/json
2021-02-11 16:08:41,130 ERROR com.luv2code.springboot.cruddemo.rest.GlobalExceptionHandler [http-nio-8080-exec-3] Failed to parse multipart servlet request; nested exception is javax.servlet.ServletException: org.apache.tomcat.util.http.fileupload.impl.InvalidContentTypeException: the request doesn't contain a multipart/form-data or multipart/mixed stream, content type header is application/json
2021-02-11 16:10:31,121 ERROR com.luv2code.springboot.cruddemo.rest.GlobalExceptionHandler [http-nio-8080-exec-7] Failed to parse multipart servlet request; nested exception is javax.servlet.ServletException: org.apache.tomcat.util.http.fileupload.impl.InvalidContentTypeException: the request doesn't contain a multipart/form-data or multipart/mixed stream, content type header is application/json
2021-02-11 16:18:51,599 ERROR com.luv2code.springboot.cruddemo.rest.GlobalExceptionHandler [http-nio-8080-exec-1] Failed to parse multipart servlet request; nested exception is javax.servlet.ServletException: org.apache.tomcat.util.http.fileupload.impl.InvalidContentTypeException: the request doesn't contain a multipart/form-data or multipart/mixed stream, content type header is application/json
2021-02-11 16:19:33,291 ERROR com.luv2code.springboot.cruddemo.rest.GlobalExceptionHandler [http-nio-8080-exec-9] Failed to parse multipart servlet request; nested exception is javax.servlet.ServletException: org.apache.tomcat.util.http.fileupload.impl.InvalidContentTypeException: the request doesn't contain a multipart/form-data or multipart/mixed stream, content type header is application/json
2021-02-11 16:49:55,598 ERROR com.luv2code.springboot.cruddemo.rest.GlobalExceptionHandler [http-nio-8080-exec-1] Type definition error: [simple type, class org.springframework.web.multipart.MultipartFile]; nested exception is com.fasterxml.jackson.databind.exc.InvalidDefinitionException: Cannot construct instance of `org.springframework.web.multipart.MultipartFile` (no Creators, like default constructor, exist): abstract types either need to be mapped to concrete types, have custom deserializer, or contain additional type information
 at [Source: (PushbackInputStream); line: 1, column: 33] (through reference chain: com.luv2code.utility.UploadPost["photo"])
2021-02-11 16:50:31,470 ERROR com.luv2code.springboot.cruddemo.rest.GlobalExceptionHandler [http-nio-8080-exec-8] JWT expired at 2021-02-11T16:50:25Z. Current time: 2021-02-11T16:50:31Z, a difference of 6468 milliseconds.  Allowed clock skew: 0 milliseconds.
2021-02-11 16:50:31,470 ERROR com.luv2code.springboot.cruddemo.rest.GlobalExceptionHandler [http-nio-8080-exec-4] JWT expired at 2021-02-11T16:50:25Z. Current time: 2021-02-11T16:50:31Z, a difference of 6468 milliseconds.  Allowed clock skew: 0 milliseconds.
2021-02-11 16:51:31,339 ERROR com.luv2code.springboot.cruddemo.rest.GlobalExceptionHandler [http-nio-8080-exec-3] JWT expired at 2021-02-11T16:50:25Z. Current time: 2021-02-11T16:51:31Z, a difference of 66338 milliseconds.  Allowed clock skew: 0 milliseconds.
2021-02-11 16:51:31,358 ERROR com.luv2code.springboot.cruddemo.rest.GlobalExceptionHandler [http-nio-8080-exec-10] JWT expired at 2021-02-11T16:50:25Z. Current time: 2021-02-11T16:51:31Z, a difference of 66355 milliseconds.  Allowed clock skew: 0 milliseconds.
2021-02-11 16:52:23,894 ERROR com.luv2code.springboot.cruddemo.rest.GlobalExceptionHandler [http-nio-8080-exec-2] Required UploadPost parameter 'post' is not present
2021-02-11 16:52:31,340 ERROR com.luv2code.springboot.cruddemo.rest.GlobalExceptionHandler [http-nio-8080-exec-3] JWT expired at 2021-02-11T16:50:25Z. Current time: 2021-02-11T16:52:31Z, a difference of 126339 milliseconds.  Allowed clock skew: 0 milliseconds.
2021-02-11 16:52:31,340 ERROR com.luv2code.springboot.cruddemo.rest.GlobalExceptionHandler [http-nio-8080-exec-4] JWT expired at 2021-02-11T16:50:25Z. Current time: 2021-02-11T16:52:31Z, a difference of 126340 milliseconds.  Allowed clock skew: 0 milliseconds.
2021-02-11 16:52:49,596 ERROR com.luv2code.springboot.cruddemo.rest.GlobalExceptionHandler [http-nio-8080-exec-5] JWT expired at 2021-02-11T16:50:25Z. Current time: 2021-02-11T16:52:49Z, a difference of 144596 milliseconds.  Allowed clock skew: 0 milliseconds.
2021-02-11 16:52:49,622 ERROR com.luv2code.springboot.cruddemo.rest.GlobalExceptionHandler [http-nio-8080-exec-7] JWT expired at 2021-02-11T16:50:25Z. Current time: 2021-02-11T16:52:49Z, a difference of 144621 milliseconds.  Allowed clock skew: 0 milliseconds.
2021-02-11 16:52:49,753 ERROR com.luv2code.springboot.cruddemo.rest.GlobalExceptionHandler [http-nio-8080-exec-1] JWT expired at 2021-02-11T16:50:25Z. Current time: 2021-02-11T16:52:49Z, a difference of 144752 milliseconds.  Allowed clock skew: 0 milliseconds.
2021-02-11 16:52:49,763 ERROR com.luv2code.springboot.cruddemo.rest.GlobalExceptionHandler [http-nio-8080-exec-2] JWT expired at 2021-02-11T16:50:25Z. Current time: 2021-02-11T16:52:49Z, a difference of 144762 milliseconds.  Allowed clock skew: 0 milliseconds.
2021-02-11 16:52:49,767 ERROR com.luv2code.springboot.cruddemo.rest.GlobalExceptionHandler [http-nio-8080-exec-4] JWT expired at 2021-02-11T16:50:25Z. Current time: 2021-02-11T16:52:49Z, a difference of 144767 milliseconds.  Allowed clock skew: 0 milliseconds.
2021-02-11 16:52:49,767 ERROR com.luv2code.springboot.cruddemo.rest.GlobalExceptionHandler [http-nio-8080-exec-3] JWT expired at 2021-02-11T16:50:25Z. Current time: 2021-02-11T16:52:49Z, a difference of 144766 milliseconds.  Allowed clock skew: 0 milliseconds.
2021-02-11 17:36:05,365 ERROR com.luv2code.springboot.cruddemo.rest.GlobalExceptionHandler [http-nio-8080-exec-6] EntityRepresentationModel not found!
2021-02-11 17:36:47,801 ERROR com.luv2code.springboot.cruddemo.rest.GlobalExceptionHandler [http-nio-8080-exec-1] EntityRepresentationModel not found!
2021-02-11 17:37:16,941 ERROR com.luv2code.springboot.cruddemo.rest.GlobalExceptionHandler [http-nio-8080-exec-6] EntityRepresentationModel not found!
2021-02-11 17:37:51,593 ERROR com.luv2code.springboot.cruddemo.rest.GlobalExceptionHandler [http-nio-8080-exec-1] EntityRepresentationModel not found!
2021-02-11 17:38:00,411 ERROR com.luv2code.springboot.cruddemo.rest.GlobalExceptionHandler [http-nio-8080-exec-4] EntityRepresentationModel not found!
2021-02-11 17:38:31,768 ERROR com.luv2code.springboot.cruddemo.rest.GlobalExceptionHandler [http-nio-8080-exec-2] EntityRepresentationModel not found!
2021-02-11 17:42:23,314 ERROR com.luv2code.springboot.cruddemo.rest.GlobalExceptionHandler [http-nio-8080-exec-2] no such id for an account
2021-02-11 17:42:28,470 ERROR com.luv2code.springboot.cruddemo.rest.GlobalExceptionHandler [http-nio-8080-exec-3] Failed to convert value of type 'java.lang.String' to required type 'java.lang.Integer'; nested exception is java.lang.NumberFormatException: For input string: "asdqweqw"
2021-02-11 17:58:26,435 ERROR com.luv2code.springboot.cruddemo.rest.GlobalExceptionHandler [http-nio-8080-exec-7] JWT expired at 2021-02-11T17:53:02Z. Current time: 2021-02-11T17:58:26Z, a difference of 324434 milliseconds.  Allowed clock skew: 0 milliseconds.
2021-02-11 17:58:26,435 ERROR com.luv2code.springboot.cruddemo.rest.GlobalExceptionHandler [http-nio-8080-exec-6] JWT expired at 2021-02-11T17:53:02Z. Current time: 2021-02-11T17:58:26Z, a difference of 324434 milliseconds.  Allowed clock skew: 0 milliseconds.
2021-02-11 17:58:26,435 ERROR com.luv2code.springboot.cruddemo.rest.GlobalExceptionHandler [http-nio-8080-exec-5] JWT expired at 2021-02-11T17:53:02Z. Current time: 2021-02-11T17:58:26Z, a difference of 324434 milliseconds.  Allowed clock skew: 0 milliseconds.
2021-02-11 17:58:30,046 ERROR com.luv2code.springboot.cruddemo.rest.GlobalExceptionHandler [http-nio-8080-exec-9] JWT expired at 2021-02-11T17:53:02Z. Current time: 2021-02-11T17:58:30Z, a difference of 328045 milliseconds.  Allowed clock skew: 0 milliseconds.
2021-02-11 17:58:30,658 ERROR com.luv2code.springboot.cruddemo.rest.GlobalExceptionHandler [http-nio-8080-exec-10] JWT expired at 2021-02-11T17:53:02Z. Current time: 2021-02-11T17:58:30Z, a difference of 328658 milliseconds.  Allowed clock skew: 0 milliseconds.
2021-02-11 17:58:30,713 ERROR com.luv2code.springboot.cruddemo.rest.GlobalExceptionHandler [http-nio-8080-exec-2] JWT expired at 2021-02-11T17:53:02Z. Current time: 2021-02-11T17:58:30Z, a difference of 328712 milliseconds.  Allowed clock skew: 0 milliseconds.
2021-02-11 17:58:30,713 ERROR com.luv2code.springboot.cruddemo.rest.GlobalExceptionHandler [http-nio-8080-exec-1] JWT expired at 2021-02-11T17:53:02Z. Current time: 2021-02-11T17:58:30Z, a difference of 328712 milliseconds.  Allowed clock skew: 0 milliseconds.
2021-02-11 18:00:55,416 ERROR com.luv2code.springboot.cruddemo.rest.GlobalExceptionHandler [http-nio-8080-exec-1] JWT expired at 2021-02-11T17:53:02Z. Current time: 2021-02-11T18:00:55Z, a difference of 473415 milliseconds.  Allowed clock skew: 0 milliseconds.
2021-02-11 18:02:10,128 ERROR com.luv2code.springboot.cruddemo.rest.PostLikesRestController [http-nio-8080-exec-7] Unknown error occured
2021-02-11 18:05:16,958 ERROR com.luv2code.springboot.cruddemo.rest.GlobalExceptionHandler [http-nio-8080-exec-9] JWT expired at 2021-02-11T18:05:16Z. Current time: 2021-02-11T18:05:16Z, a difference of 958 milliseconds.  Allowed clock skew: 0 milliseconds.
2021-02-11 18:05:16,958 ERROR com.luv2code.springboot.cruddemo.rest.GlobalExceptionHandler [http-nio-8080-exec-4] JWT expired at 2021-02-11T18:05:16Z. Current time: 2021-02-11T18:05:16Z, a difference of 958 milliseconds.  Allowed clock skew: 0 milliseconds.
2021-02-11 18:05:16,958 ERROR com.luv2code.springboot.cruddemo.rest.GlobalExceptionHandler [http-nio-8080-exec-10] JWT expired at 2021-02-11T18:05:16Z. Current time: 2021-02-11T18:05:16Z, a difference of 958 milliseconds.  Allowed clock skew: 0 milliseconds.
2021-02-11 18:06:13,485 ERROR com.luv2code.springboot.cruddemo.rest.GlobalExceptionHandler [http-nio-8080-exec-1] null
2021-02-11 18:06:20,054 ERROR com.luv2code.springboot.cruddemo.rest.GlobalExceptionHandler [http-nio-8080-exec-2] null
2021-02-11 18:06:29,512 ERROR com.luv2code.springboot.cruddemo.rest.GlobalExceptionHandler [http-nio-8080-exec-3] invalid credentials
2021-02-11 18:08:21,275 ERROR com.luv2code.springboot.cruddemo.rest.GlobalExceptionHandler [http-nio-8080-exec-1] invalid credentials
2021-02-11 18:08:43,174 ERROR com.luv2code.springboot.cruddemo.rest.GlobalExceptionHandler [http-nio-8080-exec-2] null
2021-02-11 18:08:50,576 ERROR com.luv2code.springboot.cruddemo.rest.GlobalExceptionHandler [http-nio-8080-exec-3] null
2021-02-11 18:12:38,206 ERROR com.luv2code.springboot.cruddemo.rest.GlobalExceptionHandler [http-nio-8080-exec-1] invalid credentials
2021-02-11 18:12:53,033 ERROR com.luv2code.springboot.cruddemo.rest.GlobalExceptionHandler [http-nio-8080-exec-2] email not found
2021-02-11 18:13:04,169 ERROR com.luv2code.springboot.cruddemo.rest.GlobalExceptionHandler [http-nio-8080-exec-3] email not found
2021-02-11 18:13:46,958 ERROR com.luv2code.springboot.cruddemo.rest.GlobalExceptionHandler [http-nio-8080-exec-2] Failed to convert value of type 'java.lang.String' to required type 'java.lang.Integer'; nested exception is java.lang.NumberFormatException: For input string: "asdqweqw"
2021-02-11 19:27:48,879 ERROR com.luv2code.springboot.cruddemo.rest.GlobalExceptionHandler [http-nio-8080-exec-8] JWT expired at 2021-02-11T19:13:57Z. Current time: 2021-02-11T19:27:48Z, a difference of 831874 milliseconds.  Allowed clock skew: 0 milliseconds.
2021-02-11 19:27:48,879 ERROR com.luv2code.springboot.cruddemo.rest.GlobalExceptionHandler [http-nio-8080-exec-9] JWT expired at 2021-02-11T19:13:57Z. Current time: 2021-02-11T19:27:48Z, a difference of 831874 milliseconds.  Allowed clock skew: 0 milliseconds.
2021-02-11 20:08:38,135 ERROR com.luv2code.springboot.cruddemo.rest.GlobalExceptionHandler [http-nio-8080-exec-2] Could not write JSON: could not extract ResultSet; nested exception is com.fasterxml.jackson.databind.JsonMappingException: could not extract ResultSet (through reference chain: com.luv2code.springboot.cruddemo.entity.Account["posts"])
2021-02-11 20:29:08,328 ERROR com.luv2code.springboot.cruddemo.rest.GlobalExceptionHandler [http-nio-8080-exec-5] JWT expired at 2021-02-11T20:29:02Z. Current time: 2021-02-11T20:29:08Z, a difference of 6328 milliseconds.  Allowed clock skew: 0 milliseconds.
2021-02-11 20:29:08,328 ERROR com.luv2code.springboot.cruddemo.rest.GlobalExceptionHandler [http-nio-8080-exec-4] JWT expired at 2021-02-11T20:29:02Z. Current time: 2021-02-11T20:29:08Z, a difference of 6328 milliseconds.  Allowed clock skew: 0 milliseconds.
