2021-05-03 11:23:01,427 INFO org.springframework.boot.StartupInfoLogger [restartedMain] Starting CruddemoApplication on NOTB990 with PID 23528 (C:\Users\antoine.khoury\Documents\eclipse work space\scai-project\target\classes started by Antoine.Khoury in C:\Users\antoine.khoury\Documents\eclipse work space\scai-project)
2021-05-03 11:23:01,437 DEBUG org.springframework.boot.StartupInfoLogger [restartedMain] Running with Spring Boot v2.3.3.RELEASE, Spring v5.2.8.RELEASE
2021-05-03 11:23:01,439 INFO org.springframework.boot.SpringApplication [restartedMain] No active profile set, falling back to default profiles: default
2021-05-03 11:23:14,718 INFO org.springframework.boot.StartupInfoLogger [restartedMain] Started CruddemoApplication in 14.001 seconds (JVM running for 15.191)
2021-05-03 11:27:12,564 INFO org.springframework.boot.StartupInfoLogger [restartedMain] Starting CruddemoApplication on NOTB990 with PID 23528 (C:\Users\antoine.khoury\Documents\eclipse work space\scai-project\target\classes started by Antoine.Khoury in C:\Users\antoine.khoury\Documents\eclipse work space\scai-project)
2021-05-03 11:27:12,565 DEBUG org.springframework.boot.StartupInfoLogger [restartedMain] Running with Spring Boot v2.3.3.RELEASE, Spring v5.2.8.RELEASE
2021-05-03 11:27:12,565 INFO org.springframework.boot.SpringApplication [restartedMain] No active profile set, falling back to default profiles: default
2021-05-03 11:27:16,696 INFO org.springframework.boot.StartupInfoLogger [restartedMain] Started CruddemoApplication in 4.253 seconds (JVM running for 257.169)
2021-05-03 11:27:28,361 ERROR com.luv2code.springboot.cruddemo.rest.GlobalExceptionHandler [http-nio-8080-exec-2] invalid credentials
2021-05-03 11:38:59,081 INFO org.springframework.boot.StartupInfoLogger [restartedMain] Starting CruddemoApplication on NOTB990 with PID 23528 (C:\Users\antoine.khoury\Documents\eclipse work space\scai-project\target\classes started by Antoine.Khoury in C:\Users\antoine.khoury\Documents\eclipse work space\scai-project)
2021-05-03 11:38:59,082 DEBUG org.springframework.boot.StartupInfoLogger [restartedMain] Running with Spring Boot v2.3.3.RELEASE, Spring v5.2.8.RELEASE
2021-05-03 11:38:59,083 INFO org.springframework.boot.SpringApplication [restartedMain] No active profile set, falling back to default profiles: default
2021-05-03 11:40:32,765 INFO org.springframework.boot.StartupInfoLogger [restartedMain] Starting CruddemoApplication on NOTB990 with PID 23528 (C:\Users\antoine.khoury\Documents\eclipse work space\scai-project\target\classes started by Antoine.Khoury in C:\Users\antoine.khoury\Documents\eclipse work space\scai-project)
2021-05-03 11:40:32,766 DEBUG org.springframework.boot.StartupInfoLogger [restartedMain] Running with Spring Boot v2.3.3.RELEASE, Spring v5.2.8.RELEASE
2021-05-03 11:40:32,766 INFO org.springframework.boot.SpringApplication [restartedMain] No active profile set, falling back to default profiles: default
2021-05-03 11:40:36,578 INFO org.springframework.boot.StartupInfoLogger [restartedMain] Started CruddemoApplication in 3.881 seconds (JVM running for 1057.051)
2021-05-03 11:48:08,469 INFO org.springframework.boot.StartupInfoLogger [restartedMain] Starting CruddemoApplication on NOTB990 with PID 23528 (C:\Users\antoine.khoury\Documents\eclipse work space\scai-project\target\classes started by Antoine.Khoury in C:\Users\antoine.khoury\Documents\eclipse work space\scai-project)
2021-05-03 11:48:08,470 DEBUG org.springframework.boot.StartupInfoLogger [restartedMain] Running with Spring Boot v2.3.3.RELEASE, Spring v5.2.8.RELEASE
2021-05-03 11:48:08,470 INFO org.springframework.boot.SpringApplication [restartedMain] No active profile set, falling back to default profiles: default
2021-05-03 11:48:11,435 INFO org.springframework.boot.StartupInfoLogger [restartedMain] Started CruddemoApplication in 3.03 seconds (JVM running for 1511.908)
2021-05-03 11:50:29,085 INFO org.springframework.boot.StartupInfoLogger [restartedMain] Starting CruddemoApplication on NOTB990 with PID 23528 (C:\Users\antoine.khoury\Documents\eclipse work space\scai-project\target\classes started by Antoine.Khoury in C:\Users\antoine.khoury\Documents\eclipse work space\scai-project)
2021-05-03 11:50:29,086 DEBUG org.springframework.boot.StartupInfoLogger [restartedMain] Running with Spring Boot v2.3.3.RELEASE, Spring v5.2.8.RELEASE
2021-05-03 11:50:29,086 INFO org.springframework.boot.SpringApplication [restartedMain] No active profile set, falling back to default profiles: default
2021-05-03 11:50:31,778 INFO org.springframework.boot.StartupInfoLogger [restartedMain] Started CruddemoApplication in 2.757 seconds (JVM running for 1652.25)
2021-05-03 11:51:43,543 INFO org.springframework.boot.StartupInfoLogger [restartedMain] Starting CruddemoApplication on NOTB990 with PID 23528 (C:\Users\antoine.khoury\Documents\eclipse work space\scai-project\target\classes started by Antoine.Khoury in C:\Users\antoine.khoury\Documents\eclipse work space\scai-project)
2021-05-03 11:51:43,544 DEBUG org.springframework.boot.StartupInfoLogger [restartedMain] Running with Spring Boot v2.3.3.RELEASE, Spring v5.2.8.RELEASE
2021-05-03 11:51:43,544 INFO org.springframework.boot.SpringApplication [restartedMain] No active profile set, falling back to default profiles: default
2021-05-03 11:51:46,828 INFO org.springframework.boot.StartupInfoLogger [restartedMain] Started CruddemoApplication in 3.356 seconds (JVM running for 1727.301)
2021-05-03 11:55:13,327 INFO org.springframework.boot.StartupInfoLogger [restartedMain] Starting CruddemoApplication on NOTB990 with PID 23528 (C:\Users\antoine.khoury\Documents\eclipse work space\scai-project\target\classes started by Antoine.Khoury in C:\Users\antoine.khoury\Documents\eclipse work space\scai-project)
2021-05-03 11:55:13,328 DEBUG org.springframework.boot.StartupInfoLogger [restartedMain] Running with Spring Boot v2.3.3.RELEASE, Spring v5.2.8.RELEASE
2021-05-03 11:55:13,328 INFO org.springframework.boot.SpringApplication [restartedMain] No active profile set, falling back to default profiles: default
2021-05-03 11:55:15,828 INFO org.springframework.boot.StartupInfoLogger [restartedMain] Started CruddemoApplication in 2.57 seconds (JVM running for 1936.301)
2021-05-03 11:59:39,734 INFO org.springframework.boot.StartupInfoLogger [restartedMain] Starting CruddemoApplication on NOTB990 with PID 23528 (C:\Users\antoine.khoury\Documents\eclipse work space\scai-project\target\classes started by Antoine.Khoury in C:\Users\antoine.khoury\Documents\eclipse work space\scai-project)
2021-05-03 11:59:39,734 DEBUG org.springframework.boot.StartupInfoLogger [restartedMain] Running with Spring Boot v2.3.3.RELEASE, Spring v5.2.8.RELEASE
2021-05-03 11:59:39,735 INFO org.springframework.boot.SpringApplication [restartedMain] No active profile set, falling back to default profiles: default
2021-05-03 11:59:42,447 INFO org.springframework.boot.StartupInfoLogger [restartedMain] Started CruddemoApplication in 2.759 seconds (JVM running for 2202.92)
2021-05-03 12:00:47,215 INFO org.springframework.boot.StartupInfoLogger [restartedMain] Starting CruddemoApplication on NOTB990 with PID 23528 (C:\Users\antoine.khoury\Documents\eclipse work space\scai-project\target\classes started by Antoine.Khoury in C:\Users\antoine.khoury\Documents\eclipse work space\scai-project)
2021-05-03 12:00:47,215 DEBUG org.springframework.boot.StartupInfoLogger [restartedMain] Running with Spring Boot v2.3.3.RELEASE, Spring v5.2.8.RELEASE
2021-05-03 12:00:47,216 INFO org.springframework.boot.SpringApplication [restartedMain] No active profile set, falling back to default profiles: default
2021-05-03 12:00:50,288 INFO org.springframework.boot.StartupInfoLogger [restartedMain] Started CruddemoApplication in 3.122 seconds (JVM running for 2270.761)
2021-05-03 12:06:10,842 INFO org.springframework.boot.StartupInfoLogger [restartedMain] Starting CruddemoApplication on NOTB990 with PID 23528 (C:\Users\antoine.khoury\Documents\eclipse work space\scai-project\target\classes started by Antoine.Khoury in C:\Users\antoine.khoury\Documents\eclipse work space\scai-project)
2021-05-03 12:06:10,844 DEBUG org.springframework.boot.StartupInfoLogger [restartedMain] Running with Spring Boot v2.3.3.RELEASE, Spring v5.2.8.RELEASE
2021-05-03 12:06:10,845 INFO org.springframework.boot.SpringApplication [restartedMain] No active profile set, falling back to default profiles: default
2021-05-03 12:06:13,386 INFO org.springframework.boot.StartupInfoLogger [restartedMain] Started CruddemoApplication in 2.603 seconds (JVM running for 2593.859)
2021-05-03 12:06:58,970 INFO org.springframework.boot.StartupInfoLogger [restartedMain] Starting CruddemoApplication on NOTB990 with PID 23528 (C:\Users\antoine.khoury\Documents\eclipse work space\scai-project\target\classes started by Antoine.Khoury in C:\Users\antoine.khoury\Documents\eclipse work space\scai-project)
2021-05-03 12:06:58,971 DEBUG org.springframework.boot.StartupInfoLogger [restartedMain] Running with Spring Boot v2.3.3.RELEASE, Spring v5.2.8.RELEASE
2021-05-03 12:06:58,971 INFO org.springframework.boot.SpringApplication [restartedMain] No active profile set, falling back to default profiles: default
2021-05-03 12:07:15,778 INFO org.springframework.boot.StartupInfoLogger [restartedMain] Starting CruddemoApplication on NOTB990 with PID 23528 (C:\Users\antoine.khoury\Documents\eclipse work space\scai-project\target\classes started by Antoine.Khoury in C:\Users\antoine.khoury\Documents\eclipse work space\scai-project)
2021-05-03 12:07:15,778 DEBUG org.springframework.boot.StartupInfoLogger [restartedMain] Running with Spring Boot v2.3.3.RELEASE, Spring v5.2.8.RELEASE
2021-05-03 12:07:15,778 INFO org.springframework.boot.SpringApplication [restartedMain] No active profile set, falling back to default profiles: default
2021-05-03 12:07:18,937 INFO org.springframework.boot.StartupInfoLogger [restartedMain] Started CruddemoApplication in 3.206 seconds (JVM running for 2659.41)
2021-05-03 12:07:59,194 INFO org.springframework.boot.StartupInfoLogger [restartedMain] Starting CruddemoApplication on NOTB990 with PID 23528 (C:\Users\antoine.khoury\Documents\eclipse work space\scai-project\target\classes started by Antoine.Khoury in C:\Users\antoine.khoury\Documents\eclipse work space\scai-project)
2021-05-03 12:07:59,195 DEBUG org.springframework.boot.StartupInfoLogger [restartedMain] Running with Spring Boot v2.3.3.RELEASE, Spring v5.2.8.RELEASE
2021-05-03 12:07:59,196 INFO org.springframework.boot.SpringApplication [restartedMain] No active profile set, falling back to default profiles: default
2021-05-03 12:08:01,791 INFO org.springframework.boot.StartupInfoLogger [restartedMain] Started CruddemoApplication in 2.681 seconds (JVM running for 2702.263)
2021-05-03 12:08:52,471 INFO org.springframework.boot.StartupInfoLogger [restartedMain] Starting CruddemoApplication on NOTB990 with PID 23528 (C:\Users\antoine.khoury\Documents\eclipse work space\scai-project\target\classes started by Antoine.Khoury in C:\Users\antoine.khoury\Documents\eclipse work space\scai-project)
2021-05-03 12:08:52,472 DEBUG org.springframework.boot.StartupInfoLogger [restartedMain] Running with Spring Boot v2.3.3.RELEASE, Spring v5.2.8.RELEASE
2021-05-03 12:08:52,472 INFO org.springframework.boot.SpringApplication [restartedMain] No active profile set, falling back to default profiles: default
2021-05-03 12:08:55,153 INFO org.springframework.boot.StartupInfoLogger [restartedMain] Started CruddemoApplication in 2.725 seconds (JVM running for 2755.626)
2021-05-03 12:09:20,071 INFO org.springframework.boot.StartupInfoLogger [restartedMain] Starting CruddemoApplication on NOTB990 with PID 23528 (C:\Users\antoine.khoury\Documents\eclipse work space\scai-project\target\classes started by Antoine.Khoury in C:\Users\antoine.khoury\Documents\eclipse work space\scai-project)
2021-05-03 12:09:20,071 DEBUG org.springframework.boot.StartupInfoLogger [restartedMain] Running with Spring Boot v2.3.3.RELEASE, Spring v5.2.8.RELEASE
2021-05-03 12:09:20,071 INFO org.springframework.boot.SpringApplication [restartedMain] No active profile set, falling back to default profiles: default
2021-05-03 12:09:22,964 INFO org.springframework.boot.StartupInfoLogger [restartedMain] Started CruddemoApplication in 2.943 seconds (JVM running for 2783.436)
2021-05-03 12:09:47,833 INFO org.springframework.boot.StartupInfoLogger [restartedMain] Starting CruddemoApplication on NOTB990 with PID 23528 (C:\Users\antoine.khoury\Documents\eclipse work space\scai-project\target\classes started by Antoine.Khoury in C:\Users\antoine.khoury\Documents\eclipse work space\scai-project)
2021-05-03 12:09:47,834 DEBUG org.springframework.boot.StartupInfoLogger [restartedMain] Running with Spring Boot v2.3.3.RELEASE, Spring v5.2.8.RELEASE
2021-05-03 12:09:47,834 INFO org.springframework.boot.SpringApplication [restartedMain] No active profile set, falling back to default profiles: default
2021-05-03 12:09:50,575 INFO org.springframework.boot.StartupInfoLogger [restartedMain] Started CruddemoApplication in 2.798 seconds (JVM running for 2811.048)
2021-05-03 12:11:29,435 INFO org.springframework.boot.StartupInfoLogger [restartedMain] Starting CruddemoApplication on NOTB990 with PID 23528 (C:\Users\antoine.khoury\Documents\eclipse work space\scai-project\target\classes started by Antoine.Khoury in C:\Users\antoine.khoury\Documents\eclipse work space\scai-project)
2021-05-03 12:11:29,436 DEBUG org.springframework.boot.StartupInfoLogger [restartedMain] Running with Spring Boot v2.3.3.RELEASE, Spring v5.2.8.RELEASE
2021-05-03 12:11:29,436 INFO org.springframework.boot.SpringApplication [restartedMain] No active profile set, falling back to default profiles: default
2021-05-03 12:11:31,999 INFO org.springframework.boot.StartupInfoLogger [restartedMain] Started CruddemoApplication in 2.605 seconds (JVM running for 2912.472)
2021-05-03 12:17:26,078 INFO org.springframework.boot.StartupInfoLogger [restartedMain] Starting CruddemoApplication on NOTB990 with PID 23528 (C:\Users\antoine.khoury\Documents\eclipse work space\scai-project\target\classes started by Antoine.Khoury in C:\Users\antoine.khoury\Documents\eclipse work space\scai-project)
2021-05-03 12:17:26,078 DEBUG org.springframework.boot.StartupInfoLogger [restartedMain] Running with Spring Boot v2.3.3.RELEASE, Spring v5.2.8.RELEASE
2021-05-03 12:17:26,079 INFO org.springframework.boot.SpringApplication [restartedMain] No active profile set, falling back to default profiles: default
2021-05-03 12:17:28,455 INFO org.springframework.boot.StartupInfoLogger [restartedMain] Started CruddemoApplication in 2.431 seconds (JVM running for 3268.928)
2021-05-03 12:18:39,684 INFO org.springframework.boot.StartupInfoLogger [restartedMain] Starting CruddemoApplication on NOTB990 with PID 23528 (C:\Users\antoine.khoury\Documents\eclipse work space\scai-project\target\classes started by Antoine.Khoury in C:\Users\antoine.khoury\Documents\eclipse work space\scai-project)
2021-05-03 12:18:39,684 DEBUG org.springframework.boot.StartupInfoLogger [restartedMain] Running with Spring Boot v2.3.3.RELEASE, Spring v5.2.8.RELEASE
2021-05-03 12:18:39,684 INFO org.springframework.boot.SpringApplication [restartedMain] No active profile set, falling back to default profiles: default
2021-05-03 12:18:42,459 INFO org.springframework.boot.StartupInfoLogger [restartedMain] Started CruddemoApplication in 2.828 seconds (JVM running for 3342.932)
2021-05-03 12:25:19,729 INFO org.springframework.boot.StartupInfoLogger [restartedMain] Starting CruddemoApplication on NOTB990 with PID 23528 (C:\Users\antoine.khoury\Documents\eclipse work space\scai-project\target\classes started by Antoine.Khoury in C:\Users\antoine.khoury\Documents\eclipse work space\scai-project)
2021-05-03 12:25:19,729 DEBUG org.springframework.boot.StartupInfoLogger [restartedMain] Running with Spring Boot v2.3.3.RELEASE, Spring v5.2.8.RELEASE
2021-05-03 12:25:19,729 INFO org.springframework.boot.SpringApplication [restartedMain] No active profile set, falling back to default profiles: default
2021-05-03 12:25:57,900 INFO org.springframework.boot.StartupInfoLogger [restartedMain] Starting CruddemoApplication on NOTB990 with PID 23528 (C:\Users\antoine.khoury\Documents\eclipse work space\scai-project\target\classes started by Antoine.Khoury in C:\Users\antoine.khoury\Documents\eclipse work space\scai-project)
2021-05-03 12:25:57,900 DEBUG org.springframework.boot.StartupInfoLogger [restartedMain] Running with Spring Boot v2.3.3.RELEASE, Spring v5.2.8.RELEASE
2021-05-03 12:25:57,900 INFO org.springframework.boot.SpringApplication [restartedMain] No active profile set, falling back to default profiles: default
2021-05-03 12:26:28,881 INFO org.springframework.boot.StartupInfoLogger [restartedMain] Starting CruddemoApplication on NOTB990 with PID 23528 (C:\Users\antoine.khoury\Documents\eclipse work space\scai-project\target\classes started by Antoine.Khoury in C:\Users\antoine.khoury\Documents\eclipse work space\scai-project)
2021-05-03 12:26:28,881 DEBUG org.springframework.boot.StartupInfoLogger [restartedMain] Running with Spring Boot v2.3.3.RELEASE, Spring v5.2.8.RELEASE
2021-05-03 12:26:28,881 INFO org.springframework.boot.SpringApplication [restartedMain] No active profile set, falling back to default profiles: default
2021-05-03 12:26:31,481 INFO org.springframework.boot.StartupInfoLogger [restartedMain] Started CruddemoApplication in 2.644 seconds (JVM running for 3811.954)
2021-05-03 12:28:37,276 INFO org.springframework.boot.StartupInfoLogger [restartedMain] Starting CruddemoApplication on NOTB990 with PID 23528 (C:\Users\antoine.khoury\Documents\eclipse work space\scai-project\target\classes started by Antoine.Khoury in C:\Users\antoine.khoury\Documents\eclipse work space\scai-project)
2021-05-03 12:28:37,276 DEBUG org.springframework.boot.StartupInfoLogger [restartedMain] Running with Spring Boot v2.3.3.RELEASE, Spring v5.2.8.RELEASE
2021-05-03 12:28:37,276 INFO org.springframework.boot.SpringApplication [restartedMain] No active profile set, falling back to default profiles: default
2021-05-03 12:28:56,864 INFO org.springframework.boot.StartupInfoLogger [restartedMain] Starting CruddemoApplication on NOTB990 with PID 23528 (C:\Users\antoine.khoury\Documents\eclipse work space\scai-project\target\classes started by Antoine.Khoury in C:\Users\antoine.khoury\Documents\eclipse work space\scai-project)
2021-05-03 12:28:56,864 DEBUG org.springframework.boot.StartupInfoLogger [restartedMain] Running with Spring Boot v2.3.3.RELEASE, Spring v5.2.8.RELEASE
2021-05-03 12:28:56,864 INFO org.springframework.boot.SpringApplication [restartedMain] No active profile set, falling back to default profiles: default
2021-05-03 12:29:00,142 INFO org.springframework.boot.StartupInfoLogger [restartedMain] Started CruddemoApplication in 3.322 seconds (JVM running for 3960.615)
2021-05-03 12:29:03,575 ERROR com.luv2code.springboot.cruddemo.rest.GlobalExceptionHandler [http-nio-8080-exec-2] JWT expired at 2021-05-03T12:27:36Z. Current time: 2021-05-03T12:29:03Z, a difference of 87574 milliseconds.  Allowed clock skew: 0 milliseconds.
2021-05-03 12:29:56,009 ERROR com.luv2code.springboot.cruddemo.rest.GlobalExceptionHandler [http-nio-8080-exec-4] JWT expired at 2021-05-03T12:27:36Z. Current time: 2021-05-03T12:29:56Z, a difference of 140009 milliseconds.  Allowed clock skew: 0 milliseconds.
2021-05-03 12:30:08,451 ERROR com.luv2code.springboot.cruddemo.rest.GlobalExceptionHandler [http-nio-8080-exec-5] JWT expired at 2021-05-03T12:27:36Z. Current time: 2021-05-03T12:30:08Z, a difference of 152451 milliseconds.  Allowed clock skew: 0 milliseconds.
2021-05-03 12:31:43,297 INFO org.springframework.boot.StartupInfoLogger [restartedMain] Starting CruddemoApplication on NOTB990 with PID 23528 (C:\Users\antoine.khoury\Documents\eclipse work space\scai-project\target\classes started by Antoine.Khoury in C:\Users\antoine.khoury\Documents\eclipse work space\scai-project)
2021-05-03 12:31:43,298 DEBUG org.springframework.boot.StartupInfoLogger [restartedMain] Running with Spring Boot v2.3.3.RELEASE, Spring v5.2.8.RELEASE
2021-05-03 12:31:43,298 INFO org.springframework.boot.SpringApplication [restartedMain] No active profile set, falling back to default profiles: default
2021-05-03 12:31:46,688 INFO org.springframework.boot.StartupInfoLogger [restartedMain] Started CruddemoApplication in 3.456 seconds (JVM running for 4127.162)
2021-05-03 12:32:52,751 INFO org.springframework.boot.StartupInfoLogger [restartedMain] Starting CruddemoApplication on NOTB990 with PID 23528 (C:\Users\antoine.khoury\Documents\eclipse work space\scai-project\target\classes started by Antoine.Khoury in C:\Users\antoine.khoury\Documents\eclipse work space\scai-project)
2021-05-03 12:32:52,752 DEBUG org.springframework.boot.StartupInfoLogger [restartedMain] Running with Spring Boot v2.3.3.RELEASE, Spring v5.2.8.RELEASE
2021-05-03 12:32:52,752 INFO org.springframework.boot.SpringApplication [restartedMain] No active profile set, falling back to default profiles: default
2021-05-03 12:32:55,674 INFO org.springframework.boot.StartupInfoLogger [restartedMain] Started CruddemoApplication in 3.03 seconds (JVM running for 4196.147)
2021-05-03 12:33:44,077 INFO org.springframework.boot.StartupInfoLogger [restartedMain] Starting CruddemoApplication on NOTB990 with PID 23528 (C:\Users\antoine.khoury\Documents\eclipse work space\scai-project\target\classes started by Antoine.Khoury in C:\Users\antoine.khoury\Documents\eclipse work space\scai-project)
2021-05-03 12:33:44,078 DEBUG org.springframework.boot.StartupInfoLogger [restartedMain] Running with Spring Boot v2.3.3.RELEASE, Spring v5.2.8.RELEASE
2021-05-03 12:33:44,079 INFO org.springframework.boot.SpringApplication [restartedMain] No active profile set, falling back to default profiles: default
2021-05-03 12:33:46,557 INFO org.springframework.boot.StartupInfoLogger [restartedMain] Started CruddemoApplication in 2.549 seconds (JVM running for 4247.03)
2021-05-03 15:29:24,373 INFO org.springframework.boot.StartupInfoLogger [restartedMain] Starting CruddemoApplication on NOTB990 with PID 23528 (C:\Users\antoine.khoury\Documents\eclipse work space\scai-project\target\classes started by Antoine.Khoury in C:\Users\antoine.khoury\Documents\eclipse work space\scai-project)
2021-05-03 15:29:24,374 DEBUG org.springframework.boot.StartupInfoLogger [restartedMain] Running with Spring Boot v2.3.3.RELEASE, Spring v5.2.8.RELEASE
2021-05-03 15:29:24,374 INFO org.springframework.boot.SpringApplication [restartedMain] No active profile set, falling back to default profiles: default
2021-05-03 15:29:28,732 INFO org.springframework.boot.StartupInfoLogger [restartedMain] Started CruddemoApplication in 4.471 seconds (JVM running for 14789.227)
2021-05-03 15:29:41,337 INFO org.springframework.boot.StartupInfoLogger [restartedMain] Starting CruddemoApplication on NOTB990 with PID 23528 (C:\Users\antoine.khoury\Documents\eclipse work space\scai-project\target\classes started by Antoine.Khoury in C:\Users\antoine.khoury\Documents\eclipse work space\scai-project)
2021-05-03 15:29:41,338 DEBUG org.springframework.boot.StartupInfoLogger [restartedMain] Running with Spring Boot v2.3.3.RELEASE, Spring v5.2.8.RELEASE
2021-05-03 15:29:41,338 INFO org.springframework.boot.SpringApplication [restartedMain] No active profile set, falling back to default profiles: default
2021-05-03 15:29:44,965 INFO org.springframework.boot.StartupInfoLogger [restartedMain] Started CruddemoApplication in 3.681 seconds (JVM running for 14805.46)
2021-05-03 15:29:51,105 INFO org.springframework.boot.StartupInfoLogger [restartedMain] Starting CruddemoApplication on NOTB990 with PID 15628 (C:\Users\antoine.khoury\Documents\eclipse work space\scai-project\target\classes started by Antoine.Khoury in C:\Users\antoine.khoury\Documents\eclipse work space\scai-project)
2021-05-03 15:29:51,110 DEBUG org.springframework.boot.StartupInfoLogger [restartedMain] Running with Spring Boot v2.3.3.RELEASE, Spring v5.2.8.RELEASE
2021-05-03 15:29:51,112 INFO org.springframework.boot.SpringApplication [restartedMain] No active profile set, falling back to default profiles: default
2021-05-03 15:30:04,964 INFO org.springframework.boot.StartupInfoLogger [restartedMain] Started CruddemoApplication in 14.718 seconds (JVM running for 16.212)
2021-05-03 15:30:56,626 INFO org.springframework.boot.StartupInfoLogger [restartedMain] Starting CruddemoApplication on NOTB990 with PID 15628 (C:\Users\antoine.khoury\Documents\eclipse work space\scai-project\target\classes started by Antoine.Khoury in C:\Users\antoine.khoury\Documents\eclipse work space\scai-project)
2021-05-03 15:30:56,627 DEBUG org.springframework.boot.StartupInfoLogger [restartedMain] Running with Spring Boot v2.3.3.RELEASE, Spring v5.2.8.RELEASE
2021-05-03 15:30:56,627 INFO org.springframework.boot.SpringApplication [restartedMain] No active profile set, falling back to default profiles: default
2021-05-03 15:31:01,574 INFO org.springframework.boot.StartupInfoLogger [restartedMain] Started CruddemoApplication in 5.048 seconds (JVM running for 72.822)
2021-05-03 15:31:45,723 INFO org.springframework.boot.StartupInfoLogger [restartedMain] Starting CruddemoApplication on NOTB990 with PID 15628 (C:\Users\antoine.khoury\Documents\eclipse work space\scai-project\target\classes started by Antoine.Khoury in C:\Users\antoine.khoury\Documents\eclipse work space\scai-project)
2021-05-03 15:31:45,724 DEBUG org.springframework.boot.StartupInfoLogger [restartedMain] Running with Spring Boot v2.3.3.RELEASE, Spring v5.2.8.RELEASE
2021-05-03 15:31:45,725 INFO org.springframework.boot.SpringApplication [restartedMain] No active profile set, falling back to default profiles: default
2021-05-03 15:31:50,501 INFO org.springframework.boot.StartupInfoLogger [restartedMain] Started CruddemoApplication in 4.853 seconds (JVM running for 121.749)
2021-05-03 15:32:36,299 INFO org.springframework.boot.StartupInfoLogger [restartedMain] Starting CruddemoApplication on NOTB990 with PID 15628 (C:\Users\antoine.khoury\Documents\eclipse work space\scai-project\target\classes started by Antoine.Khoury in C:\Users\antoine.khoury\Documents\eclipse work space\scai-project)
2021-05-03 15:32:36,300 DEBUG org.springframework.boot.StartupInfoLogger [restartedMain] Running with Spring Boot v2.3.3.RELEASE, Spring v5.2.8.RELEASE
2021-05-03 15:32:36,300 INFO org.springframework.boot.SpringApplication [restartedMain] No active profile set, falling back to default profiles: default
2021-05-03 15:32:39,501 INFO org.springframework.boot.StartupInfoLogger [restartedMain] Started CruddemoApplication in 3.284 seconds (JVM running for 170.749)
2021-05-03 15:33:18,202 INFO org.springframework.boot.StartupInfoLogger [restartedMain] Starting CruddemoApplication on NOTB990 with PID 15628 (C:\Users\antoine.khoury\Documents\eclipse work space\scai-project\target\classes started by Antoine.Khoury in C:\Users\antoine.khoury\Documents\eclipse work space\scai-project)
2021-05-03 15:33:18,205 DEBUG org.springframework.boot.StartupInfoLogger [restartedMain] Running with Spring Boot v2.3.3.RELEASE, Spring v5.2.8.RELEASE
2021-05-03 15:33:18,206 INFO org.springframework.boot.SpringApplication [restartedMain] No active profile set, falling back to default profiles: default
2021-05-03 15:33:21,303 INFO org.springframework.boot.StartupInfoLogger [restartedMain] Started CruddemoApplication in 3.182 seconds (JVM running for 212.552)
2021-05-03 15:33:37,919 INFO org.springframework.boot.StartupInfoLogger [restartedMain] Starting CruddemoApplication on NOTB990 with PID 15628 (C:\Users\antoine.khoury\Documents\eclipse work space\scai-project\target\classes started by Antoine.Khoury in C:\Users\antoine.khoury\Documents\eclipse work space\scai-project)
2021-05-03 15:33:37,920 DEBUG org.springframework.boot.StartupInfoLogger [restartedMain] Running with Spring Boot v2.3.3.RELEASE, Spring v5.2.8.RELEASE
2021-05-03 15:33:37,920 INFO org.springframework.boot.SpringApplication [restartedMain] No active profile set, falling back to default profiles: default
2021-05-03 15:33:40,875 INFO org.springframework.boot.StartupInfoLogger [restartedMain] Started CruddemoApplication in 3.014 seconds (JVM running for 232.123)
2021-05-03 15:38:24,906 INFO org.springframework.boot.StartupInfoLogger [restartedMain] Starting CruddemoApplication on NOTB990 with PID 15628 (C:\Users\antoine.khoury\Documents\eclipse work space\scai-project\target\classes started by Antoine.Khoury in C:\Users\antoine.khoury\Documents\eclipse work space\scai-project)
2021-05-03 15:38:24,906 DEBUG org.springframework.boot.StartupInfoLogger [restartedMain] Running with Spring Boot v2.3.3.RELEASE, Spring v5.2.8.RELEASE
2021-05-03 15:38:24,907 INFO org.springframework.boot.SpringApplication [restartedMain] No active profile set, falling back to default profiles: default
2021-05-03 15:38:27,472 INFO org.springframework.boot.StartupInfoLogger [restartedMain] Started CruddemoApplication in 2.614 seconds (JVM running for 518.72)
2021-05-03 15:41:15,827 INFO org.springframework.boot.StartupInfoLogger [restartedMain] Starting CruddemoApplication on NOTB990 with PID 15628 (C:\Users\antoine.khoury\Documents\eclipse work space\scai-project\target\classes started by Antoine.Khoury in C:\Users\antoine.khoury\Documents\eclipse work space\scai-project)
2021-05-03 15:41:15,828 DEBUG org.springframework.boot.StartupInfoLogger [restartedMain] Running with Spring Boot v2.3.3.RELEASE, Spring v5.2.8.RELEASE
2021-05-03 15:41:15,828 INFO org.springframework.boot.SpringApplication [restartedMain] No active profile set, falling back to default profiles: default
2021-05-03 15:41:18,869 INFO org.springframework.boot.StartupInfoLogger [restartedMain] Started CruddemoApplication in 3.099 seconds (JVM running for 690.117)
2021-05-03 15:43:54,324 INFO org.springframework.boot.StartupInfoLogger [restartedMain] Starting CruddemoApplication on NOTB990 with PID 15628 (C:\Users\antoine.khoury\Documents\eclipse work space\scai-project\target\classes started by Antoine.Khoury in C:\Users\antoine.khoury\Documents\eclipse work space\scai-project)
2021-05-03 15:43:54,325 DEBUG org.springframework.boot.StartupInfoLogger [restartedMain] Running with Spring Boot v2.3.3.RELEASE, Spring v5.2.8.RELEASE
2021-05-03 15:43:54,325 INFO org.springframework.boot.SpringApplication [restartedMain] No active profile set, falling back to default profiles: default
2021-05-03 15:43:57,127 INFO org.springframework.boot.StartupInfoLogger [restartedMain] Started CruddemoApplication in 2.88 seconds (JVM running for 848.374)
2021-05-03 15:46:14,989 INFO org.springframework.boot.StartupInfoLogger [restartedMain] Starting CruddemoApplication on NOTB990 with PID 15628 (C:\Users\antoine.khoury\Documents\eclipse work space\scai-project\target\classes started by Antoine.Khoury in C:\Users\antoine.khoury\Documents\eclipse work space\scai-project)
2021-05-03 15:46:14,990 DEBUG org.springframework.boot.StartupInfoLogger [restartedMain] Running with Spring Boot v2.3.3.RELEASE, Spring v5.2.8.RELEASE
2021-05-03 15:46:14,990 INFO org.springframework.boot.SpringApplication [restartedMain] No active profile set, falling back to default profiles: default
2021-05-03 15:46:17,988 INFO org.springframework.boot.StartupInfoLogger [restartedMain] Started CruddemoApplication in 3.067 seconds (JVM running for 989.236)
2021-05-03 15:46:21,924 INFO org.springframework.boot.StartupInfoLogger [restartedMain] Starting CruddemoApplication on NOTB990 with PID 15628 (C:\Users\antoine.khoury\Documents\eclipse work space\scai-project\target\classes started by Antoine.Khoury in C:\Users\antoine.khoury\Documents\eclipse work space\scai-project)
2021-05-03 15:46:21,925 DEBUG org.springframework.boot.StartupInfoLogger [restartedMain] Running with Spring Boot v2.3.3.RELEASE, Spring v5.2.8.RELEASE
2021-05-03 15:46:21,925 INFO org.springframework.boot.SpringApplication [restartedMain] No active profile set, falling back to default profiles: default
2021-05-03 15:46:25,080 INFO org.springframework.boot.StartupInfoLogger [restartedMain] Started CruddemoApplication in 3.219 seconds (JVM running for 996.328)
2021-05-03 15:47:00,742 INFO org.springframework.boot.StartupInfoLogger [restartedMain] Starting CruddemoApplication on NOTB990 with PID 15628 (C:\Users\antoine.khoury\Documents\eclipse work space\scai-project\target\classes started by Antoine.Khoury in C:\Users\antoine.khoury\Documents\eclipse work space\scai-project)
2021-05-03 15:47:00,743 DEBUG org.springframework.boot.StartupInfoLogger [restartedMain] Running with Spring Boot v2.3.3.RELEASE, Spring v5.2.8.RELEASE
2021-05-03 15:47:00,743 INFO org.springframework.boot.SpringApplication [restartedMain] No active profile set, falling back to default profiles: default
2021-05-03 15:47:03,573 INFO org.springframework.boot.StartupInfoLogger [restartedMain] Started CruddemoApplication in 2.875 seconds (JVM running for 1034.821)
2021-05-03 15:47:08,004 ERROR com.luv2code.springboot.cruddemo.rest.GlobalExceptionHandler [http-nio-8080-exec-2] could not extract ResultSet; SQL [n/a]; nested exception is org.hibernate.exception.SQLGrammarException: could not extract ResultSet
2021-05-03 15:47:50,061 INFO org.springframework.boot.StartupInfoLogger [restartedMain] Starting CruddemoApplication on NOTB990 with PID 15628 (C:\Users\antoine.khoury\Documents\eclipse work space\scai-project\target\classes started by Antoine.Khoury in C:\Users\antoine.khoury\Documents\eclipse work space\scai-project)
2021-05-03 15:47:50,062 DEBUG org.springframework.boot.StartupInfoLogger [restartedMain] Running with Spring Boot v2.3.3.RELEASE, Spring v5.2.8.RELEASE
2021-05-03 15:47:50,062 INFO org.springframework.boot.SpringApplication [restartedMain] No active profile set, falling back to default profiles: default
2021-05-03 15:47:52,116 INFO org.springframework.boot.StartupInfoLogger [restartedMain] Started CruddemoApplication in 2.121 seconds (JVM running for 1083.364)
2021-05-03 15:48:02,152 INFO org.springframework.boot.StartupInfoLogger [restartedMain] Starting CruddemoApplication on NOTB990 with PID 15628 (C:\Users\antoine.khoury\Documents\eclipse work space\scai-project\target\classes started by Antoine.Khoury in C:\Users\antoine.khoury\Documents\eclipse work space\scai-project)
2021-05-03 15:48:02,152 DEBUG org.springframework.boot.StartupInfoLogger [restartedMain] Running with Spring Boot v2.3.3.RELEASE, Spring v5.2.8.RELEASE
2021-05-03 15:48:02,153 INFO org.springframework.boot.SpringApplication [restartedMain] No active profile set, falling back to default profiles: default
2021-05-03 15:48:11,299 INFO org.springframework.boot.StartupInfoLogger [restartedMain] Starting CruddemoApplication on NOTB990 with PID 15628 (C:\Users\antoine.khoury\Documents\eclipse work space\scai-project\target\classes started by Antoine.Khoury in C:\Users\antoine.khoury\Documents\eclipse work space\scai-project)
2021-05-03 15:48:11,300 DEBUG org.springframework.boot.StartupInfoLogger [restartedMain] Running with Spring Boot v2.3.3.RELEASE, Spring v5.2.8.RELEASE
2021-05-03 15:48:11,300 INFO org.springframework.boot.SpringApplication [restartedMain] No active profile set, falling back to default profiles: default
2021-05-03 15:48:14,523 INFO org.springframework.boot.StartupInfoLogger [restartedMain] Started CruddemoApplication in 3.286 seconds (JVM running for 1105.771)
2021-05-03 15:49:14,312 INFO org.springframework.boot.StartupInfoLogger [restartedMain] Starting CruddemoApplication on NOTB990 with PID 15628 (C:\Users\antoine.khoury\Documents\eclipse work space\scai-project\target\classes started by Antoine.Khoury in C:\Users\antoine.khoury\Documents\eclipse work space\scai-project)
2021-05-03 15:49:14,312 DEBUG org.springframework.boot.StartupInfoLogger [restartedMain] Running with Spring Boot v2.3.3.RELEASE, Spring v5.2.8.RELEASE
2021-05-03 15:49:14,313 INFO org.springframework.boot.SpringApplication [restartedMain] No active profile set, falling back to default profiles: default
2021-05-03 15:49:29,604 INFO org.springframework.boot.StartupInfoLogger [restartedMain] Starting CruddemoApplication on NOTB990 with PID 15628 (C:\Users\antoine.khoury\Documents\eclipse work space\scai-project\target\classes started by Antoine.Khoury in C:\Users\antoine.khoury\Documents\eclipse work space\scai-project)
2021-05-03 15:49:29,605 DEBUG org.springframework.boot.StartupInfoLogger [restartedMain] Running with Spring Boot v2.3.3.RELEASE, Spring v5.2.8.RELEASE
2021-05-03 15:49:29,605 INFO org.springframework.boot.SpringApplication [restartedMain] No active profile set, falling back to default profiles: default
2021-05-03 15:49:32,511 INFO org.springframework.boot.StartupInfoLogger [restartedMain] Started CruddemoApplication in 2.957 seconds (JVM running for 1183.758)
2021-05-03 15:50:32,277 INFO org.springframework.boot.StartupInfoLogger [restartedMain] Starting CruddemoApplication on NOTB990 with PID 15628 (C:\Users\antoine.khoury\Documents\eclipse work space\scai-project\target\classes started by Antoine.Khoury in C:\Users\antoine.khoury\Documents\eclipse work space\scai-project)
2021-05-03 15:50:32,278 DEBUG org.springframework.boot.StartupInfoLogger [restartedMain] Running with Spring Boot v2.3.3.RELEASE, Spring v5.2.8.RELEASE
2021-05-03 15:50:32,278 INFO org.springframework.boot.SpringApplication [restartedMain] No active profile set, falling back to default profiles: default
2021-05-03 15:50:34,567 INFO org.springframework.boot.StartupInfoLogger [restartedMain] Started CruddemoApplication in 2.372 seconds (JVM running for 1245.815)
2021-05-03 15:51:10,806 INFO org.springframework.boot.StartupInfoLogger [restartedMain] Starting CruddemoApplication on NOTB990 with PID 15628 (C:\Users\antoine.khoury\Documents\eclipse work space\scai-project\target\classes started by Antoine.Khoury in C:\Users\antoine.khoury\Documents\eclipse work space\scai-project)
2021-05-03 15:51:10,807 DEBUG org.springframework.boot.StartupInfoLogger [restartedMain] Running with Spring Boot v2.3.3.RELEASE, Spring v5.2.8.RELEASE
2021-05-03 15:51:10,807 INFO org.springframework.boot.SpringApplication [restartedMain] No active profile set, falling back to default profiles: default
2021-05-03 15:51:13,015 INFO org.springframework.boot.StartupInfoLogger [restartedMain] Started CruddemoApplication in 2.261 seconds (JVM running for 1284.263)
2021-05-03 15:51:31,016 INFO org.springframework.boot.StartupInfoLogger [restartedMain] Starting CruddemoApplication on NOTB990 with PID 15628 (C:\Users\antoine.khoury\Documents\eclipse work space\scai-project\target\classes started by Antoine.Khoury in C:\Users\antoine.khoury\Documents\eclipse work space\scai-project)
2021-05-03 15:51:31,016 DEBUG org.springframework.boot.StartupInfoLogger [restartedMain] Running with Spring Boot v2.3.3.RELEASE, Spring v5.2.8.RELEASE
2021-05-03 15:51:31,017 INFO org.springframework.boot.SpringApplication [restartedMain] No active profile set, falling back to default profiles: default
2021-05-03 15:51:33,327 INFO org.springframework.boot.StartupInfoLogger [restartedMain] Started CruddemoApplication in 2.361 seconds (JVM running for 1304.575)
2021-05-03 15:53:18,257 INFO org.springframework.boot.StartupInfoLogger [restartedMain] Starting CruddemoApplication on NOTB990 with PID 15628 (C:\Users\antoine.khoury\Documents\eclipse work space\scai-project\target\classes started by Antoine.Khoury in C:\Users\antoine.khoury\Documents\eclipse work space\scai-project)
2021-05-03 15:53:18,258 DEBUG org.springframework.boot.StartupInfoLogger [restartedMain] Running with Spring Boot v2.3.3.RELEASE, Spring v5.2.8.RELEASE
2021-05-03 15:53:18,258 INFO org.springframework.boot.SpringApplication [restartedMain] No active profile set, falling back to default profiles: default
2021-05-03 15:53:20,615 INFO org.springframework.boot.StartupInfoLogger [restartedMain] Started CruddemoApplication in 2.397 seconds (JVM running for 1411.863)
2021-05-03 15:54:32,860 INFO org.springframework.boot.StartupInfoLogger [restartedMain] Starting CruddemoApplication on NOTB990 with PID 15628 (C:\Users\antoine.khoury\Documents\eclipse work space\scai-project\target\classes started by Antoine.Khoury in C:\Users\antoine.khoury\Documents\eclipse work space\scai-project)
2021-05-03 15:54:32,861 DEBUG org.springframework.boot.StartupInfoLogger [restartedMain] Running with Spring Boot v2.3.3.RELEASE, Spring v5.2.8.RELEASE
2021-05-03 15:54:32,861 INFO org.springframework.boot.SpringApplication [restartedMain] No active profile set, falling back to default profiles: default
2021-05-03 15:54:35,067 INFO org.springframework.boot.StartupInfoLogger [restartedMain] Started CruddemoApplication in 2.251 seconds (JVM running for 1486.314)
2021-05-03 15:59:04,698 INFO org.springframework.boot.StartupInfoLogger [restartedMain] Starting CruddemoApplication on NOTB990 with PID 15628 (C:\Users\antoine.khoury\Documents\eclipse work space\scai-project\target\classes started by Antoine.Khoury in C:\Users\antoine.khoury\Documents\eclipse work space\scai-project)
2021-05-03 15:59:04,698 DEBUG org.springframework.boot.StartupInfoLogger [restartedMain] Running with Spring Boot v2.3.3.RELEASE, Spring v5.2.8.RELEASE
2021-05-03 15:59:04,699 INFO org.springframework.boot.SpringApplication [restartedMain] No active profile set, falling back to default profiles: default
2021-05-03 15:59:06,918 INFO org.springframework.boot.StartupInfoLogger [restartedMain] Started CruddemoApplication in 2.26 seconds (JVM running for 1758.165)
2021-05-03 15:59:11,269 ERROR com.luv2code.springboot.cruddemo.rest.GlobalExceptionHandler [http-nio-8080-exec-2] could not extract ResultSet; SQL [n/a]; nested exception is org.hibernate.exception.SQLGrammarException: could not extract ResultSet
2021-05-03 15:59:38,941 INFO org.springframework.boot.StartupInfoLogger [restartedMain] Starting CruddemoApplication on NOTB990 with PID 15628 (C:\Users\antoine.khoury\Documents\eclipse work space\scai-project\target\classes started by Antoine.Khoury in C:\Users\antoine.khoury\Documents\eclipse work space\scai-project)
2021-05-03 15:59:38,942 DEBUG org.springframework.boot.StartupInfoLogger [restartedMain] Running with Spring Boot v2.3.3.RELEASE, Spring v5.2.8.RELEASE
2021-05-03 15:59:38,942 INFO org.springframework.boot.SpringApplication [restartedMain] No active profile set, falling back to default profiles: default
2021-05-03 15:59:40,965 INFO org.springframework.boot.StartupInfoLogger [restartedMain] Started CruddemoApplication in 2.078 seconds (JVM running for 1792.213)
2021-05-03 16:00:03,849 INFO org.springframework.boot.StartupInfoLogger [restartedMain] Starting CruddemoApplication on NOTB990 with PID 15628 (C:\Users\antoine.khoury\Documents\eclipse work space\scai-project\target\classes started by Antoine.Khoury in C:\Users\antoine.khoury\Documents\eclipse work space\scai-project)
2021-05-03 16:00:03,850 DEBUG org.springframework.boot.StartupInfoLogger [restartedMain] Running with Spring Boot v2.3.3.RELEASE, Spring v5.2.8.RELEASE
2021-05-03 16:00:03,850 INFO org.springframework.boot.SpringApplication [restartedMain] No active profile set, falling back to default profiles: default
2021-05-03 16:00:05,993 INFO org.springframework.boot.StartupInfoLogger [restartedMain] Started CruddemoApplication in 2.184 seconds (JVM running for 1817.241)
2021-05-03 16:02:01,509 INFO org.springframework.boot.StartupInfoLogger [restartedMain] Starting CruddemoApplication on NOTB990 with PID 15628 (C:\Users\antoine.khoury\Documents\eclipse work space\scai-project\target\classes started by Antoine.Khoury in C:\Users\antoine.khoury\Documents\eclipse work space\scai-project)
2021-05-03 16:02:01,509 DEBUG org.springframework.boot.StartupInfoLogger [restartedMain] Running with Spring Boot v2.3.3.RELEASE, Spring v5.2.8.RELEASE
2021-05-03 16:02:01,510 INFO org.springframework.boot.SpringApplication [restartedMain] No active profile set, falling back to default profiles: default
2021-05-03 16:02:04,423 INFO org.springframework.boot.StartupInfoLogger [restartedMain] Started CruddemoApplication in 2.994 seconds (JVM running for 1935.671)
2021-05-03 16:02:06,315 ERROR com.luv2code.springboot.cruddemo.rest.GlobalExceptionHandler [http-nio-8080-exec-2] Named parameter not bound : accountId; nested exception is org.hibernate.QueryException: Named parameter not bound : accountId
2021-05-03 16:02:17,405 INFO org.springframework.boot.StartupInfoLogger [restartedMain] Starting CruddemoApplication on NOTB990 with PID 15628 (C:\Users\antoine.khoury\Documents\eclipse work space\scai-project\target\classes started by Antoine.Khoury in C:\Users\antoine.khoury\Documents\eclipse work space\scai-project)
2021-05-03 16:02:17,406 DEBUG org.springframework.boot.StartupInfoLogger [restartedMain] Running with Spring Boot v2.3.3.RELEASE, Spring v5.2.8.RELEASE
2021-05-03 16:02:17,406 INFO org.springframework.boot.SpringApplication [restartedMain] No active profile set, falling back to default profiles: default
2021-05-03 16:02:20,433 INFO org.springframework.boot.StartupInfoLogger [restartedMain] Started CruddemoApplication in 3.083 seconds (JVM running for 1951.681)
2021-05-03 16:02:40,642 INFO org.springframework.boot.StartupInfoLogger [restartedMain] Starting CruddemoApplication on NOTB990 with PID 15628 (C:\Users\antoine.khoury\Documents\eclipse work space\scai-project\target\classes started by Antoine.Khoury in C:\Users\antoine.khoury\Documents\eclipse work space\scai-project)
2021-05-03 16:02:40,642 DEBUG org.springframework.boot.StartupInfoLogger [restartedMain] Running with Spring Boot v2.3.3.RELEASE, Spring v5.2.8.RELEASE
2021-05-03 16:02:40,643 INFO org.springframework.boot.SpringApplication [restartedMain] No active profile set, falling back to default profiles: default
2021-05-03 16:02:43,354 INFO org.springframework.boot.StartupInfoLogger [restartedMain] Started CruddemoApplication in 2.761 seconds (JVM running for 1974.603)
2021-05-03 16:09:11,973 INFO org.springframework.boot.StartupInfoLogger [restartedMain] Starting CruddemoApplication on NOTB990 with PID 15628 (C:\Users\antoine.khoury\Documents\eclipse work space\scai-project\target\classes started by Antoine.Khoury in C:\Users\antoine.khoury\Documents\eclipse work space\scai-project)
2021-05-03 16:09:11,973 DEBUG org.springframework.boot.StartupInfoLogger [restartedMain] Running with Spring Boot v2.3.3.RELEASE, Spring v5.2.8.RELEASE
2021-05-03 16:09:11,974 INFO org.springframework.boot.SpringApplication [restartedMain] No active profile set, falling back to default profiles: default
2021-05-03 16:09:14,504 INFO org.springframework.boot.StartupInfoLogger [restartedMain] Started CruddemoApplication in 2.59 seconds (JVM running for 2365.752)
2021-05-03 16:09:49,513 ERROR com.luv2code.springboot.cruddemo.rest.GlobalExceptionHandler [http-nio-8080-exec-2] JWT expired at 2021-05-03T16:09:47Z. Current time: 2021-05-03T16:09:49Z, a difference of 2512 milliseconds.  Allowed clock skew: 0 milliseconds.
2021-05-03 16:09:49,517 ERROR com.luv2code.springboot.cruddemo.rest.GlobalExceptionHandler [http-nio-8080-exec-5] JWT expired at 2021-05-03T16:09:47Z. Current time: 2021-05-03T16:09:49Z, a difference of 2517 milliseconds.  Allowed clock skew: 0 milliseconds.
2021-05-03 16:14:54,302 INFO org.springframework.boot.StartupInfoLogger [restartedMain] Starting CruddemoApplication on NOTB990 with PID 15628 (C:\Users\antoine.khoury\Documents\eclipse work space\scai-project\target\classes started by Antoine.Khoury in C:\Users\antoine.khoury\Documents\eclipse work space\scai-project)
2021-05-03 16:14:54,303 DEBUG org.springframework.boot.StartupInfoLogger [restartedMain] Running with Spring Boot v2.3.3.RELEASE, Spring v5.2.8.RELEASE
2021-05-03 16:14:54,303 INFO org.springframework.boot.SpringApplication [restartedMain] No active profile set, falling back to default profiles: default
2021-05-03 16:14:58,152 INFO org.springframework.boot.StartupInfoLogger [restartedMain] Started CruddemoApplication in 3.944 seconds (JVM running for 2709.4)
2021-05-03 16:15:45,466 INFO org.springframework.boot.StartupInfoLogger [restartedMain] Starting CruddemoApplication on NOTB990 with PID 15628 (C:\Users\antoine.khoury\Documents\eclipse work space\scai-project\target\classes started by Antoine.Khoury in C:\Users\antoine.khoury\Documents\eclipse work space\scai-project)
2021-05-03 16:15:45,467 DEBUG org.springframework.boot.StartupInfoLogger [restartedMain] Running with Spring Boot v2.3.3.RELEASE, Spring v5.2.8.RELEASE
2021-05-03 16:15:45,468 INFO org.springframework.boot.SpringApplication [restartedMain] No active profile set, falling back to default profiles: default
2021-05-03 16:17:55,076 INFO org.springframework.boot.StartupInfoLogger [restartedMain] Starting CruddemoApplication on NOTB990 with PID 15628 (C:\Users\antoine.khoury\Documents\eclipse work space\scai-project\target\classes started by Antoine.Khoury in C:\Users\antoine.khoury\Documents\eclipse work space\scai-project)
2021-05-03 16:17:55,104 DEBUG org.springframework.boot.StartupInfoLogger [restartedMain] Running with Spring Boot v2.3.3.RELEASE, Spring v5.2.8.RELEASE
2021-05-03 16:17:55,105 INFO org.springframework.boot.SpringApplication [restartedMain] No active profile set, falling back to default profiles: default
2021-05-03 16:17:58,624 INFO org.springframework.boot.StartupInfoLogger [restartedMain] Starting CruddemoApplication on NOTB990 with PID 15628 (C:\Users\antoine.khoury\Documents\eclipse work space\scai-project\target\classes started by Antoine.Khoury in C:\Users\antoine.khoury\Documents\eclipse work space\scai-project)
2021-05-03 16:17:58,624 DEBUG org.springframework.boot.StartupInfoLogger [restartedMain] Running with Spring Boot v2.3.3.RELEASE, Spring v5.2.8.RELEASE
2021-05-03 16:17:58,625 INFO org.springframework.boot.SpringApplication [restartedMain] No active profile set, falling back to default profiles: default
2021-05-03 16:20:16,876 INFO org.springframework.boot.StartupInfoLogger [restartedMain] Starting CruddemoApplication on NOTB990 with PID 15628 (C:\Users\antoine.khoury\Documents\eclipse work space\scai-project\target\classes started by Antoine.Khoury in C:\Users\antoine.khoury\Documents\eclipse work space\scai-project)
2021-05-03 16:20:16,877 DEBUG org.springframework.boot.StartupInfoLogger [restartedMain] Running with Spring Boot v2.3.3.RELEASE, Spring v5.2.8.RELEASE
2021-05-03 16:20:16,878 INFO org.springframework.boot.SpringApplication [restartedMain] No active profile set, falling back to default profiles: default
2021-05-03 16:20:53,237 INFO org.springframework.boot.StartupInfoLogger [restartedMain] Starting CruddemoApplication on NOTB990 with PID 15628 (C:\Users\antoine.khoury\Documents\eclipse work space\scai-project\target\classes started by Antoine.Khoury in C:\Users\antoine.khoury\Documents\eclipse work space\scai-project)
2021-05-03 16:20:53,238 DEBUG org.springframework.boot.StartupInfoLogger [restartedMain] Running with Spring Boot v2.3.3.RELEASE, Spring v5.2.8.RELEASE
2021-05-03 16:20:53,239 INFO org.springframework.boot.SpringApplication [restartedMain] No active profile set, falling back to default profiles: default
2021-05-03 16:21:07,774 INFO org.springframework.boot.StartupInfoLogger [restartedMain] Starting CruddemoApplication on NOTB990 with PID 15628 (C:\Users\antoine.khoury\Documents\eclipse work space\scai-project\target\classes started by Antoine.Khoury in C:\Users\antoine.khoury\Documents\eclipse work space\scai-project)
2021-05-03 16:21:07,776 DEBUG org.springframework.boot.StartupInfoLogger [restartedMain] Running with Spring Boot v2.3.3.RELEASE, Spring v5.2.8.RELEASE
2021-05-03 16:21:07,777 INFO org.springframework.boot.SpringApplication [restartedMain] No active profile set, falling back to default profiles: default
2021-05-03 16:25:06,362 INFO org.springframework.boot.StartupInfoLogger [restartedMain] Starting CruddemoApplication on NOTB990 with PID 18612 (C:\Users\antoine.khoury\Documents\eclipse work space\scai-project\target\classes started by Antoine.Khoury in C:\Users\antoine.khoury\Documents\eclipse work space\scai-project)
2021-05-03 16:25:06,369 DEBUG org.springframework.boot.StartupInfoLogger [restartedMain] Running with Spring Boot v2.3.3.RELEASE, Spring v5.2.8.RELEASE
2021-05-03 16:25:06,371 INFO org.springframework.boot.SpringApplication [restartedMain] No active profile set, falling back to default profiles: default
2021-05-03 16:25:25,410 INFO org.springframework.boot.StartupInfoLogger [restartedMain] Started CruddemoApplication in 20.106 seconds (JVM running for 21.774)
2021-05-03 16:25:27,440 ERROR com.luv2code.springboot.cruddemo.rest.GlobalExceptionHandler [http-nio-8080-exec-1] JWT expired at 2021-05-03T16:09:47Z. Current time: 2021-05-03T16:25:27Z, a difference of 940436 milliseconds.  Allowed clock skew: 0 milliseconds.
2021-05-03 16:25:42,362 ERROR com.luv2code.springboot.cruddemo.rest.GlobalExceptionHandler [http-nio-8080-exec-10] Failed to convert from type [java.lang.Object[]] to type [com.luv2code.springboot.cruddemo.entity.Account] for value '{com.luv2code.springboot.cruddemo.entity.Profile@659b7278, com.luv2code.springboot.cruddemo.entity.Relationship@4f96e230}'; nested exception is org.springframework.core.convert.ConverterNotFoundException: No converter found capable of converting from type [com.luv2code.springboot.cruddemo.entity.Profile] to type [com.luv2code.springboot.cruddemo.entity.Account]
2021-05-03 16:25:42,362 ERROR com.luv2code.springboot.cruddemo.rest.GlobalExceptionHandler [http-nio-8080-exec-1] Failed to convert from type [java.lang.Object[]] to type [com.luv2code.springboot.cruddemo.entity.Account] for value '{com.luv2code.springboot.cruddemo.entity.Profile@16d393f5, com.luv2code.springboot.cruddemo.entity.Relationship@3d6c5ae0}'; nested exception is org.springframework.core.convert.ConverterNotFoundException: No converter found capable of converting from type [com.luv2code.springboot.cruddemo.entity.Profile] to type [com.luv2code.springboot.cruddemo.entity.Account]
2021-05-03 16:25:53,375 ERROR com.luv2code.springboot.cruddemo.rest.GlobalExceptionHandler [http-nio-8080-exec-8] Failed to convert from type [java.lang.Object[]] to type [com.luv2code.springboot.cruddemo.entity.Account] for value '{com.luv2code.springboot.cruddemo.entity.Profile@5acd5236, com.luv2code.springboot.cruddemo.entity.Relationship@727424c8}'; nested exception is org.springframework.core.convert.ConverterNotFoundException: No converter found capable of converting from type [com.luv2code.springboot.cruddemo.entity.Profile] to type [com.luv2code.springboot.cruddemo.entity.Account]
2021-05-03 16:26:03,683 ERROR com.luv2code.springboot.cruddemo.rest.GlobalExceptionHandler [http-nio-8080-exec-2] Failed to convert from type [java.lang.Object[]] to type [com.luv2code.springboot.cruddemo.entity.Account] for value '{com.luv2code.springboot.cruddemo.entity.Profile@aac68b4, com.luv2code.springboot.cruddemo.entity.Relationship@47208d8b}'; nested exception is org.springframework.core.convert.ConverterNotFoundException: No converter found capable of converting from type [com.luv2code.springboot.cruddemo.entity.Profile] to type [com.luv2code.springboot.cruddemo.entity.Account]
2021-05-03 16:29:42,032 ERROR com.luv2code.springboot.cruddemo.rest.GlobalExceptionHandler [http-nio-8080-exec-4] Failed to convert from type [java.lang.Object[]] to type [com.luv2code.springboot.cruddemo.entity.Account] for value '{com.luv2code.springboot.cruddemo.entity.Profile@5c46f777, com.luv2code.springboot.cruddemo.entity.Relationship@3fc7946f}'; nested exception is org.springframework.core.convert.ConverterNotFoundException: No converter found capable of converting from type [com.luv2code.springboot.cruddemo.entity.Profile] to type [com.luv2code.springboot.cruddemo.entity.Account]
2021-05-03 16:29:58,139 INFO org.springframework.boot.StartupInfoLogger [restartedMain] Starting CruddemoApplication on NOTB990 with PID 18612 (C:\Users\antoine.khoury\Documents\eclipse work space\scai-project\target\classes started by Antoine.Khoury in C:\Users\antoine.khoury\Documents\eclipse work space\scai-project)
2021-05-03 16:29:58,139 DEBUG org.springframework.boot.StartupInfoLogger [restartedMain] Running with Spring Boot v2.3.3.RELEASE, Spring v5.2.8.RELEASE
2021-05-03 16:29:58,140 INFO org.springframework.boot.SpringApplication [restartedMain] No active profile set, falling back to default profiles: default
2021-05-03 16:30:02,906 INFO org.springframework.boot.StartupInfoLogger [restartedMain] Started CruddemoApplication in 4.85 seconds (JVM running for 299.271)
2021-05-03 16:30:23,786 INFO org.springframework.boot.StartupInfoLogger [restartedMain] Starting CruddemoApplication on NOTB990 with PID 18612 (C:\Users\antoine.khoury\Documents\eclipse work space\scai-project\target\classes started by Antoine.Khoury in C:\Users\antoine.khoury\Documents\eclipse work space\scai-project)
2021-05-03 16:30:23,793 DEBUG org.springframework.boot.StartupInfoLogger [restartedMain] Running with Spring Boot v2.3.3.RELEASE, Spring v5.2.8.RELEASE
2021-05-03 16:30:23,794 INFO org.springframework.boot.SpringApplication [restartedMain] No active profile set, falling back to default profiles: default
2021-05-03 16:30:35,965 INFO org.springframework.boot.StartupInfoLogger [restartedMain] Starting CruddemoApplication on NOTB990 with PID 18612 (C:\Users\antoine.khoury\Documents\eclipse work space\scai-project\target\classes started by Antoine.Khoury in C:\Users\antoine.khoury\Documents\eclipse work space\scai-project)
2021-05-03 16:30:35,966 DEBUG org.springframework.boot.StartupInfoLogger [restartedMain] Running with Spring Boot v2.3.3.RELEASE, Spring v5.2.8.RELEASE
2021-05-03 16:30:35,967 INFO org.springframework.boot.SpringApplication [restartedMain] No active profile set, falling back to default profiles: default
2021-05-03 16:30:40,839 INFO org.springframework.boot.StartupInfoLogger [restartedMain] Started CruddemoApplication in 4.947 seconds (JVM running for 337.204)
2021-05-03 16:33:27,098 INFO org.springframework.boot.StartupInfoLogger [restartedMain] Starting CruddemoApplication on NOTB990 with PID 18612 (C:\Users\antoine.khoury\Documents\eclipse work space\scai-project\target\classes started by Antoine.Khoury in C:\Users\antoine.khoury\Documents\eclipse work space\scai-project)
2021-05-03 16:33:27,100 DEBUG org.springframework.boot.StartupInfoLogger [restartedMain] Running with Spring Boot v2.3.3.RELEASE, Spring v5.2.8.RELEASE
2021-05-03 16:33:27,102 INFO org.springframework.boot.SpringApplication [restartedMain] No active profile set, falling back to default profiles: default
2021-05-03 16:33:30,653 INFO org.springframework.boot.StartupInfoLogger [restartedMain] Started CruddemoApplication in 3.634 seconds (JVM running for 507.018)
2021-05-03 16:34:15,932 INFO org.springframework.boot.StartupInfoLogger [restartedMain] Starting CruddemoApplication on NOTB990 with PID 18612 (C:\Users\antoine.khoury\Documents\eclipse work space\scai-project\target\classes started by Antoine.Khoury in C:\Users\antoine.khoury\Documents\eclipse work space\scai-project)
2021-05-03 16:34:15,933 DEBUG org.springframework.boot.StartupInfoLogger [restartedMain] Running with Spring Boot v2.3.3.RELEASE, Spring v5.2.8.RELEASE
2021-05-03 16:34:15,933 INFO org.springframework.boot.SpringApplication [restartedMain] No active profile set, falling back to default profiles: default
2021-05-03 16:34:20,819 INFO org.springframework.boot.StartupInfoLogger [restartedMain] Started CruddemoApplication in 4.961 seconds (JVM running for 557.183)
2021-05-03 16:34:23,153 INFO org.springframework.boot.StartupInfoLogger [restartedMain] Starting CruddemoApplication on NOTB990 with PID 18612 (C:\Users\antoine.khoury\Documents\eclipse work space\scai-project\target\classes started by Antoine.Khoury in C:\Users\antoine.khoury\Documents\eclipse work space\scai-project)
2021-05-03 16:34:23,154 DEBUG org.springframework.boot.StartupInfoLogger [restartedMain] Running with Spring Boot v2.3.3.RELEASE, Spring v5.2.8.RELEASE
2021-05-03 16:34:23,154 INFO org.springframework.boot.SpringApplication [restartedMain] No active profile set, falling back to default profiles: default
2021-05-03 16:34:26,822 INFO org.springframework.boot.StartupInfoLogger [restartedMain] Started CruddemoApplication in 3.736 seconds (JVM running for 563.187)
2021-05-03 16:35:55,694 INFO org.springframework.boot.StartupInfoLogger [restartedMain] Starting CruddemoApplication on NOTB990 with PID 18612 (C:\Users\antoine.khoury\Documents\eclipse work space\scai-project\target\classes started by Antoine.Khoury in C:\Users\antoine.khoury\Documents\eclipse work space\scai-project)
2021-05-03 16:35:55,694 DEBUG org.springframework.boot.StartupInfoLogger [restartedMain] Running with Spring Boot v2.3.3.RELEASE, Spring v5.2.8.RELEASE
2021-05-03 16:35:55,695 INFO org.springframework.boot.SpringApplication [restartedMain] No active profile set, falling back to default profiles: default
2021-05-03 16:35:58,324 INFO org.springframework.boot.StartupInfoLogger [restartedMain] Started CruddemoApplication in 2.677 seconds (JVM running for 654.688)
2021-05-03 16:37:46,542 INFO org.springframework.boot.StartupInfoLogger [restartedMain] Starting CruddemoApplication on NOTB990 with PID 18612 (C:\Users\antoine.khoury\Documents\eclipse work space\scai-project\target\classes started by Antoine.Khoury in C:\Users\antoine.khoury\Documents\eclipse work space\scai-project)
2021-05-03 16:37:46,543 DEBUG org.springframework.boot.StartupInfoLogger [restartedMain] Running with Spring Boot v2.3.3.RELEASE, Spring v5.2.8.RELEASE
2021-05-03 16:37:46,543 INFO org.springframework.boot.SpringApplication [restartedMain] No active profile set, falling back to default profiles: default
2021-05-03 16:38:48,287 INFO org.springframework.boot.StartupInfoLogger [restartedMain] Starting CruddemoApplication on NOTB990 with PID 18612 (C:\Users\antoine.khoury\Documents\eclipse work space\scai-project\target\classes started by Antoine.Khoury in C:\Users\antoine.khoury\Documents\eclipse work space\scai-project)
2021-05-03 16:38:48,287 DEBUG org.springframework.boot.StartupInfoLogger [restartedMain] Running with Spring Boot v2.3.3.RELEASE, Spring v5.2.8.RELEASE
2021-05-03 16:38:48,288 INFO org.springframework.boot.SpringApplication [restartedMain] No active profile set, falling back to default profiles: default
2021-05-03 16:39:01,805 INFO org.springframework.boot.StartupInfoLogger [restartedMain] Starting CruddemoApplication on NOTB990 with PID 15688 (C:\Users\antoine.khoury\Documents\eclipse work space\scai-project\target\classes started by Antoine.Khoury in C:\Users\antoine.khoury\Documents\eclipse work space\scai-project)
2021-05-03 16:39:01,812 DEBUG org.springframework.boot.StartupInfoLogger [restartedMain] Running with Spring Boot v2.3.3.RELEASE, Spring v5.2.8.RELEASE
2021-05-03 16:39:01,813 INFO org.springframework.boot.SpringApplication [restartedMain] No active profile set, falling back to default profiles: default
2021-05-03 16:39:40,736 INFO org.springframework.boot.StartupInfoLogger [restartedMain] Starting CruddemoApplication on NOTB990 with PID 22820 (C:\Users\antoine.khoury\Documents\eclipse work space\scai-project\target\classes started by Antoine.Khoury in C:\Users\antoine.khoury\Documents\eclipse work space\scai-project)
2021-05-03 16:39:40,740 DEBUG org.springframework.boot.StartupInfoLogger [restartedMain] Running with Spring Boot v2.3.3.RELEASE, Spring v5.2.8.RELEASE
2021-05-03 16:39:40,741 INFO org.springframework.boot.SpringApplication [restartedMain] No active profile set, falling back to default profiles: default
2021-05-03 16:39:53,422 INFO org.springframework.boot.StartupInfoLogger [restartedMain] Started CruddemoApplication in 13.254 seconds (JVM running for 14.203)
2021-05-03 16:40:14,271 ERROR com.luv2code.springboot.cruddemo.rest.GlobalExceptionHandler [http-nio-8080-exec-4] could not extract ResultSet; SQL [n/a]; nested exception is org.hibernate.exception.SQLGrammarException: could not extract ResultSet
2021-05-03 16:41:23,463 INFO org.springframework.boot.StartupInfoLogger [restartedMain] Starting CruddemoApplication on NOTB990 with PID 22820 (C:\Users\antoine.khoury\Documents\eclipse work space\scai-project\target\classes started by Antoine.Khoury in C:\Users\antoine.khoury\Documents\eclipse work space\scai-project)
2021-05-03 16:41:23,464 DEBUG org.springframework.boot.StartupInfoLogger [restartedMain] Running with Spring Boot v2.3.3.RELEASE, Spring v5.2.8.RELEASE
2021-05-03 16:41:23,465 INFO org.springframework.boot.SpringApplication [restartedMain] No active profile set, falling back to default profiles: default
2021-05-03 16:42:50,226 INFO org.springframework.boot.StartupInfoLogger [restartedMain] Starting CruddemoApplication on NOTB990 with PID 22820 (C:\Users\antoine.khoury\Documents\eclipse work space\scai-project\target\classes started by Antoine.Khoury in C:\Users\antoine.khoury\Documents\eclipse work space\scai-project)
2021-05-03 16:42:50,244 DEBUG org.springframework.boot.StartupInfoLogger [restartedMain] Running with Spring Boot v2.3.3.RELEASE, Spring v5.2.8.RELEASE
2021-05-03 16:42:50,245 INFO org.springframework.boot.SpringApplication [restartedMain] No active profile set, falling back to default profiles: default
2021-05-03 16:42:57,140 INFO org.springframework.boot.StartupInfoLogger [restartedMain] Started CruddemoApplication in 7.087 seconds (JVM running for 197.922)
2021-05-03 16:43:20,003 INFO org.springframework.boot.StartupInfoLogger [restartedMain] Starting CruddemoApplication on NOTB990 with PID 22820 (C:\Users\antoine.khoury\Documents\eclipse work space\scai-project\target\classes started by Antoine.Khoury in C:\Users\antoine.khoury\Documents\eclipse work space\scai-project)
2021-05-03 16:43:20,004 DEBUG org.springframework.boot.StartupInfoLogger [restartedMain] Running with Spring Boot v2.3.3.RELEASE, Spring v5.2.8.RELEASE
2021-05-03 16:43:20,005 INFO org.springframework.boot.SpringApplication [restartedMain] No active profile set, falling back to default profiles: default
2021-05-03 16:43:25,280 INFO org.springframework.boot.StartupInfoLogger [restartedMain] Started CruddemoApplication in 5.358 seconds (JVM running for 226.061)
2021-05-03 16:48:12,911 INFO org.springframework.boot.StartupInfoLogger [restartedMain] Starting CruddemoApplication on NOTB990 with PID 22820 (C:\Users\antoine.khoury\Documents\eclipse work space\scai-project\target\classes started by Antoine.Khoury in C:\Users\antoine.khoury\Documents\eclipse work space\scai-project)
2021-05-03 16:48:12,912 DEBUG org.springframework.boot.StartupInfoLogger [restartedMain] Running with Spring Boot v2.3.3.RELEASE, Spring v5.2.8.RELEASE
2021-05-03 16:48:12,912 INFO org.springframework.boot.SpringApplication [restartedMain] No active profile set, falling back to default profiles: default
2021-05-03 16:48:17,027 INFO org.springframework.boot.StartupInfoLogger [restartedMain] Started CruddemoApplication in 4.175 seconds (JVM running for 517.809)
2021-05-03 16:48:42,773 INFO org.springframework.boot.StartupInfoLogger [restartedMain] Starting CruddemoApplication on NOTB990 with PID 22820 (C:\Users\antoine.khoury\Documents\eclipse work space\scai-project\target\classes started by Antoine.Khoury in C:\Users\antoine.khoury\Documents\eclipse work space\scai-project)
2021-05-03 16:48:42,774 DEBUG org.springframework.boot.StartupInfoLogger [restartedMain] Running with Spring Boot v2.3.3.RELEASE, Spring v5.2.8.RELEASE
2021-05-03 16:48:42,774 INFO org.springframework.boot.SpringApplication [restartedMain] No active profile set, falling back to default profiles: default
2021-05-03 16:48:45,787 INFO org.springframework.boot.StartupInfoLogger [restartedMain] Started CruddemoApplication in 3.066 seconds (JVM running for 546.567)
2021-05-03 16:49:34,396 INFO org.springframework.boot.StartupInfoLogger [restartedMain] Starting CruddemoApplication on NOTB990 with PID 22820 (C:\Users\antoine.khoury\Documents\eclipse work space\scai-project\target\classes started by Antoine.Khoury in C:\Users\antoine.khoury\Documents\eclipse work space\scai-project)
2021-05-03 16:49:34,396 DEBUG org.springframework.boot.StartupInfoLogger [restartedMain] Running with Spring Boot v2.3.3.RELEASE, Spring v5.2.8.RELEASE
2021-05-03 16:49:34,396 INFO org.springframework.boot.SpringApplication [restartedMain] No active profile set, falling back to default profiles: default
2021-05-03 16:49:36,934 INFO org.springframework.boot.StartupInfoLogger [restartedMain] Started CruddemoApplication in 2.583 seconds (JVM running for 597.715)
2021-05-03 16:51:26,262 INFO org.springframework.boot.StartupInfoLogger [restartedMain] Starting CruddemoApplication on NOTB990 with PID 22820 (C:\Users\antoine.khoury\Documents\eclipse work space\scai-project\target\classes started by Antoine.Khoury in C:\Users\antoine.khoury\Documents\eclipse work space\scai-project)
2021-05-03 16:51:26,263 DEBUG org.springframework.boot.StartupInfoLogger [restartedMain] Running with Spring Boot v2.3.3.RELEASE, Spring v5.2.8.RELEASE
2021-05-03 16:51:26,263 INFO org.springframework.boot.SpringApplication [restartedMain] No active profile set, falling back to default profiles: default
2021-05-03 16:51:28,826 INFO org.springframework.boot.StartupInfoLogger [restartedMain] Started CruddemoApplication in 2.609 seconds (JVM running for 709.607)
2021-05-03 16:52:34,871 INFO org.springframework.boot.StartupInfoLogger [restartedMain] Starting CruddemoApplication on NOTB990 with PID 22820 (C:\Users\antoine.khoury\Documents\eclipse work space\scai-project\target\classes started by Antoine.Khoury in C:\Users\antoine.khoury\Documents\eclipse work space\scai-project)
2021-05-03 16:52:34,871 DEBUG org.springframework.boot.StartupInfoLogger [restartedMain] Running with Spring Boot v2.3.3.RELEASE, Spring v5.2.8.RELEASE
2021-05-03 16:52:34,872 INFO org.springframework.boot.SpringApplication [restartedMain] No active profile set, falling back to default profiles: default
2021-05-03 16:52:37,519 INFO org.springframework.boot.StartupInfoLogger [restartedMain] Started CruddemoApplication in 2.706 seconds (JVM running for 778.3)
2021-05-03 16:52:53,179 INFO org.springframework.boot.StartupInfoLogger [restartedMain] Starting CruddemoApplication on NOTB990 with PID 22820 (C:\Users\antoine.khoury\Documents\eclipse work space\scai-project\target\classes started by Antoine.Khoury in C:\Users\antoine.khoury\Documents\eclipse work space\scai-project)
2021-05-03 16:52:53,180 DEBUG org.springframework.boot.StartupInfoLogger [restartedMain] Running with Spring Boot v2.3.3.RELEASE, Spring v5.2.8.RELEASE
2021-05-03 16:52:53,180 INFO org.springframework.boot.SpringApplication [restartedMain] No active profile set, falling back to default profiles: default
2021-05-03 16:52:56,093 INFO org.springframework.boot.StartupInfoLogger [restartedMain] Started CruddemoApplication in 2.971 seconds (JVM running for 796.874)
2021-05-03 16:56:56,051 INFO org.springframework.boot.StartupInfoLogger [restartedMain] Starting CruddemoApplication on NOTB990 with PID 22820 (C:\Users\antoine.khoury\Documents\eclipse work space\scai-project\target\classes started by Antoine.Khoury in C:\Users\antoine.khoury\Documents\eclipse work space\scai-project)
2021-05-03 16:56:56,052 DEBUG org.springframework.boot.StartupInfoLogger [restartedMain] Running with Spring Boot v2.3.3.RELEASE, Spring v5.2.8.RELEASE
2021-05-03 16:56:56,052 INFO org.springframework.boot.SpringApplication [restartedMain] No active profile set, falling back to default profiles: default
2021-05-03 16:57:28,668 INFO org.springframework.boot.StartupInfoLogger [restartedMain] Starting CruddemoApplication on NOTB990 with PID 22820 (C:\Users\antoine.khoury\Documents\eclipse work space\scai-project\target\classes started by Antoine.Khoury in C:\Users\antoine.khoury\Documents\eclipse work space\scai-project)
2021-05-03 16:57:28,669 DEBUG org.springframework.boot.StartupInfoLogger [restartedMain] Running with Spring Boot v2.3.3.RELEASE, Spring v5.2.8.RELEASE
2021-05-03 16:57:28,669 INFO org.springframework.boot.SpringApplication [restartedMain] No active profile set, falling back to default profiles: default
2021-05-03 16:57:31,205 INFO org.springframework.boot.StartupInfoLogger [restartedMain] Started CruddemoApplication in 2.578 seconds (JVM running for 1071.986)
2021-05-03 16:57:36,533 INFO org.springframework.boot.StartupInfoLogger [restartedMain] Starting CruddemoApplication on NOTB990 with PID 22820 (C:\Users\antoine.khoury\Documents\eclipse work space\scai-project\target\classes started by Antoine.Khoury in C:\Users\antoine.khoury\Documents\eclipse work space\scai-project)
2021-05-03 16:57:36,533 DEBUG org.springframework.boot.StartupInfoLogger [restartedMain] Running with Spring Boot v2.3.3.RELEASE, Spring v5.2.8.RELEASE
2021-05-03 16:57:36,534 INFO org.springframework.boot.SpringApplication [restartedMain] No active profile set, falling back to default profiles: default
2021-05-03 16:57:40,241 INFO org.springframework.boot.StartupInfoLogger [restartedMain] Started CruddemoApplication in 3.76 seconds (JVM running for 1081.022)
2021-05-03 16:58:11,281 ERROR com.luv2code.springboot.cruddemo.rest.GlobalExceptionHandler [http-nio-8080-exec-4] Required request body is missing: public com.luv2code.springboot.cruddemo.entity.Account com.luv2code.springboot.cruddemo.rest.AccountRestController.resetPassword(java.lang.String) throws java.io.IOException,javax.mail.MessagingException
2021-05-03 16:58:19,212 ERROR com.luv2code.springboot.cruddemo.rest.GlobalExceptionHandler [http-nio-8080-exec-7] Required request body is missing: public com.luv2code.springboot.cruddemo.entity.Account com.luv2code.springboot.cruddemo.rest.AccountRestController.resetPassword(java.lang.String) throws java.io.IOException,javax.mail.MessagingException
2021-05-03 16:58:28,241 ERROR com.luv2code.springboot.cruddemo.rest.GlobalExceptionHandler [http-nio-8080-exec-6] Required request body is missing: public com.luv2code.springboot.cruddemo.entity.Account com.luv2code.springboot.cruddemo.rest.AccountRestController.resetPassword(java.lang.String) throws java.io.IOException,javax.mail.MessagingException
2021-05-03 17:12:05,188 INFO org.springframework.boot.StartupInfoLogger [restartedMain] Starting CruddemoApplication on NOTB990 with PID 22820 (C:\Users\antoine.khoury\Documents\eclipse work space\scai-project\target\classes started by Antoine.Khoury in C:\Users\antoine.khoury\Documents\eclipse work space\scai-project)
2021-05-03 17:12:05,189 DEBUG org.springframework.boot.StartupInfoLogger [restartedMain] Running with Spring Boot v2.3.3.RELEASE, Spring v5.2.8.RELEASE
2021-05-03 17:12:05,189 INFO org.springframework.boot.SpringApplication [restartedMain] No active profile set, falling back to default profiles: default
2021-05-03 17:12:09,526 INFO org.springframework.boot.StartupInfoLogger [restartedMain] Started CruddemoApplication in 4.466 seconds (JVM running for 1950.307)
2021-05-03 17:13:01,332 INFO org.springframework.boot.StartupInfoLogger [restartedMain] Starting CruddemoApplication on NOTB990 with PID 27424 (C:\Users\antoine.khoury\Documents\eclipse work space\scai-project\target\classes started by Antoine.Khoury in C:\Users\antoine.khoury\Documents\eclipse work space\scai-project)
2021-05-03 17:13:01,336 DEBUG org.springframework.boot.StartupInfoLogger [restartedMain] Running with Spring Boot v2.3.3.RELEASE, Spring v5.2.8.RELEASE
2021-05-03 17:13:01,336 INFO org.springframework.boot.SpringApplication [restartedMain] No active profile set, falling back to default profiles: default
2021-05-03 17:13:14,602 INFO org.springframework.boot.StartupInfoLogger [restartedMain] Started CruddemoApplication in 14.002 seconds (JVM running for 15.077)
2021-05-03 17:13:42,396 INFO org.springframework.boot.StartupInfoLogger [restartedMain] Starting CruddemoApplication on NOTB990 with PID 27424 (C:\Users\antoine.khoury\Documents\eclipse work space\scai-project\target\classes started by Antoine.Khoury in C:\Users\antoine.khoury\Documents\eclipse work space\scai-project)
2021-05-03 17:13:42,397 DEBUG org.springframework.boot.StartupInfoLogger [restartedMain] Running with Spring Boot v2.3.3.RELEASE, Spring v5.2.8.RELEASE
2021-05-03 17:13:42,397 INFO org.springframework.boot.SpringApplication [restartedMain] No active profile set, falling back to default profiles: default
2021-05-03 17:13:47,984 INFO org.springframework.boot.StartupInfoLogger [restartedMain] Started CruddemoApplication in 5.731 seconds (JVM running for 48.46)
2021-05-03 17:13:55,572 INFO org.springframework.boot.StartupInfoLogger [restartedMain] Starting CruddemoApplication on NOTB990 with PID 27424 (C:\Users\antoine.khoury\Documents\eclipse work space\scai-project\target\classes started by Antoine.Khoury in C:\Users\antoine.khoury\Documents\eclipse work space\scai-project)
2021-05-03 17:13:55,572 DEBUG org.springframework.boot.StartupInfoLogger [restartedMain] Running with Spring Boot v2.3.3.RELEASE, Spring v5.2.8.RELEASE
2021-05-03 17:13:55,573 INFO org.springframework.boot.SpringApplication [restartedMain] No active profile set, falling back to default profiles: default
2021-05-03 17:13:59,873 INFO org.springframework.boot.StartupInfoLogger [restartedMain] Started CruddemoApplication in 4.388 seconds (JVM running for 60.348)
2021-05-03 17:16:25,872 INFO org.springframework.boot.StartupInfoLogger [restartedMain] Starting CruddemoApplication on NOTB990 with PID 27424 (C:\Users\antoine.khoury\Documents\eclipse work space\scai-project\target\classes started by Antoine.Khoury in C:\Users\antoine.khoury\Documents\eclipse work space\scai-project)
2021-05-03 17:16:25,873 DEBUG org.springframework.boot.StartupInfoLogger [restartedMain] Running with Spring Boot v2.3.3.RELEASE, Spring v5.2.8.RELEASE
2021-05-03 17:16:25,873 INFO org.springframework.boot.SpringApplication [restartedMain] No active profile set, falling back to default profiles: default
2021-05-03 17:16:29,031 INFO org.springframework.boot.StartupInfoLogger [restartedMain] Started CruddemoApplication in 3.222 seconds (JVM running for 209.507)
2021-05-03 17:19:07,310 INFO org.springframework.boot.StartupInfoLogger [restartedMain] Starting CruddemoApplication on NOTB990 with PID 27424 (C:\Users\antoine.khoury\Documents\eclipse work space\scai-project\target\classes started by Antoine.Khoury in C:\Users\antoine.khoury\Documents\eclipse work space\scai-project)
2021-05-03 17:19:07,311 DEBUG org.springframework.boot.StartupInfoLogger [restartedMain] Running with Spring Boot v2.3.3.RELEASE, Spring v5.2.8.RELEASE
2021-05-03 17:19:07,311 INFO org.springframework.boot.SpringApplication [restartedMain] No active profile set, falling back to default profiles: default
2021-05-03 17:19:10,675 INFO org.springframework.boot.StartupInfoLogger [restartedMain] Started CruddemoApplication in 3.441 seconds (JVM running for 371.151)
2021-05-03 17:23:03,525 INFO org.springframework.boot.StartupInfoLogger [restartedMain] Starting CruddemoApplication on NOTB990 with PID 27424 (C:\Users\antoine.khoury\Documents\eclipse work space\scai-project\target\classes started by Antoine.Khoury in C:\Users\antoine.khoury\Documents\eclipse work space\scai-project)
2021-05-03 17:23:03,525 DEBUG org.springframework.boot.StartupInfoLogger [restartedMain] Running with Spring Boot v2.3.3.RELEASE, Spring v5.2.8.RELEASE
2021-05-03 17:23:03,526 INFO org.springframework.boot.SpringApplication [restartedMain] No active profile set, falling back to default profiles: default
2021-05-03 17:23:06,480 INFO org.springframework.boot.StartupInfoLogger [restartedMain] Started CruddemoApplication in 3.045 seconds (JVM running for 606.956)
2021-05-03 17:26:01,644 INFO org.springframework.boot.StartupInfoLogger [restartedMain] Starting CruddemoApplication on NOTB990 with PID 27424 (C:\Users\antoine.khoury\Documents\eclipse work space\scai-project\target\classes started by Antoine.Khoury in C:\Users\antoine.khoury\Documents\eclipse work space\scai-project)
2021-05-03 17:26:01,645 DEBUG org.springframework.boot.StartupInfoLogger [restartedMain] Running with Spring Boot v2.3.3.RELEASE, Spring v5.2.8.RELEASE
2021-05-03 17:26:01,645 INFO org.springframework.boot.SpringApplication [restartedMain] No active profile set, falling back to default profiles: default
2021-05-03 17:26:04,116 INFO org.springframework.boot.StartupInfoLogger [restartedMain] Started CruddemoApplication in 2.517 seconds (JVM running for 784.592)
2021-05-03 17:27:47,441 INFO org.springframework.boot.StartupInfoLogger [restartedMain] Starting CruddemoApplication on NOTB990 with PID 27424 (C:\Users\antoine.khoury\Documents\eclipse work space\scai-project\target\classes started by Antoine.Khoury in C:\Users\antoine.khoury\Documents\eclipse work space\scai-project)
2021-05-03 17:27:47,442 DEBUG org.springframework.boot.StartupInfoLogger [restartedMain] Running with Spring Boot v2.3.3.RELEASE, Spring v5.2.8.RELEASE
2021-05-03 17:27:47,442 INFO org.springframework.boot.SpringApplication [restartedMain] No active profile set, falling back to default profiles: default
2021-05-03 17:27:50,151 INFO org.springframework.boot.StartupInfoLogger [restartedMain] Started CruddemoApplication in 2.758 seconds (JVM running for 890.627)
2021-05-03 17:29:03,970 INFO org.springframework.boot.StartupInfoLogger [restartedMain] Starting CruddemoApplication on NOTB990 with PID 27424 (C:\Users\antoine.khoury\Documents\eclipse work space\scai-project\target\classes started by Antoine.Khoury in C:\Users\antoine.khoury\Documents\eclipse work space\scai-project)
2021-05-03 17:29:03,971 DEBUG org.springframework.boot.StartupInfoLogger [restartedMain] Running with Spring Boot v2.3.3.RELEASE, Spring v5.2.8.RELEASE
2021-05-03 17:29:03,971 INFO org.springframework.boot.SpringApplication [restartedMain] No active profile set, falling back to default profiles: default
2021-05-03 17:29:07,539 INFO org.springframework.boot.StartupInfoLogger [restartedMain] Started CruddemoApplication in 3.643 seconds (JVM running for 968.014)
2021-05-03 17:29:26,327 INFO org.springframework.boot.StartupInfoLogger [restartedMain] Starting CruddemoApplication on NOTB990 with PID 27424 (C:\Users\antoine.khoury\Documents\eclipse work space\scai-project\target\classes started by Antoine.Khoury in C:\Users\antoine.khoury\Documents\eclipse work space\scai-project)
2021-05-03 17:29:26,328 DEBUG org.springframework.boot.StartupInfoLogger [restartedMain] Running with Spring Boot v2.3.3.RELEASE, Spring v5.2.8.RELEASE
2021-05-03 17:29:26,329 INFO org.springframework.boot.SpringApplication [restartedMain] No active profile set, falling back to default profiles: default
2021-05-03 17:29:30,549 INFO org.springframework.boot.StartupInfoLogger [restartedMain] Started CruddemoApplication in 4.313 seconds (JVM running for 991.024)
2021-05-03 17:32:55,949 INFO org.springframework.boot.StartupInfoLogger [restartedMain] Starting CruddemoApplication on NOTB990 with PID 27424 (C:\Users\antoine.khoury\Documents\eclipse work space\scai-project\target\classes started by Antoine.Khoury in C:\Users\antoine.khoury\Documents\eclipse work space\scai-project)
2021-05-03 17:32:55,950 DEBUG org.springframework.boot.StartupInfoLogger [restartedMain] Running with Spring Boot v2.3.3.RELEASE, Spring v5.2.8.RELEASE
2021-05-03 17:32:55,950 INFO org.springframework.boot.SpringApplication [restartedMain] No active profile set, falling back to default profiles: default
2021-05-03 17:32:57,999 INFO org.springframework.boot.StartupInfoLogger [restartedMain] Started CruddemoApplication in 2.1 seconds (JVM running for 1198.475)
2021-05-03 17:33:43,821 INFO org.springframework.boot.StartupInfoLogger [restartedMain] Starting CruddemoApplication on NOTB990 with PID 27424 (C:\Users\antoine.khoury\Documents\eclipse work space\scai-project\target\classes started by Antoine.Khoury in C:\Users\antoine.khoury\Documents\eclipse work space\scai-project)
2021-05-03 17:33:43,821 DEBUG org.springframework.boot.StartupInfoLogger [restartedMain] Running with Spring Boot v2.3.3.RELEASE, Spring v5.2.8.RELEASE
2021-05-03 17:33:43,821 INFO org.springframework.boot.SpringApplication [restartedMain] No active profile set, falling back to default profiles: default
2021-05-03 17:33:45,967 INFO org.springframework.boot.StartupInfoLogger [restartedMain] Started CruddemoApplication in 2.198 seconds (JVM running for 1246.443)
2021-05-03 17:34:54,776 INFO org.springframework.boot.StartupInfoLogger [restartedMain] Starting CruddemoApplication on NOTB990 with PID 27424 (C:\Users\antoine.khoury\Documents\eclipse work space\scai-project\target\classes started by Antoine.Khoury in C:\Users\antoine.khoury\Documents\eclipse work space\scai-project)
2021-05-03 17:34:54,776 DEBUG org.springframework.boot.StartupInfoLogger [restartedMain] Running with Spring Boot v2.3.3.RELEASE, Spring v5.2.8.RELEASE
2021-05-03 17:34:54,776 INFO org.springframework.boot.SpringApplication [restartedMain] No active profile set, falling back to default profiles: default
2021-05-03 17:34:57,118 INFO org.springframework.boot.StartupInfoLogger [restartedMain] Started CruddemoApplication in 2.389 seconds (JVM running for 1317.594)
2021-05-03 17:35:20,119 INFO org.springframework.boot.StartupInfoLogger [restartedMain] Starting CruddemoApplication on NOTB990 with PID 27424 (C:\Users\antoine.khoury\Documents\eclipse work space\scai-project\target\classes started by Antoine.Khoury in C:\Users\antoine.khoury\Documents\eclipse work space\scai-project)
2021-05-03 17:35:20,120 DEBUG org.springframework.boot.StartupInfoLogger [restartedMain] Running with Spring Boot v2.3.3.RELEASE, Spring v5.2.8.RELEASE
2021-05-03 17:35:20,120 INFO org.springframework.boot.SpringApplication [restartedMain] No active profile set, falling back to default profiles: default
2021-05-03 17:35:22,463 INFO org.springframework.boot.StartupInfoLogger [restartedMain] Started CruddemoApplication in 2.386 seconds (JVM running for 1342.939)
2021-05-03 17:38:22,496 INFO org.springframework.boot.StartupInfoLogger [restartedMain] Starting CruddemoApplication on NOTB990 with PID 27424 (C:\Users\antoine.khoury\Documents\eclipse work space\scai-project\target\classes started by Antoine.Khoury in C:\Users\antoine.khoury\Documents\eclipse work space\scai-project)
2021-05-03 17:38:22,497 DEBUG org.springframework.boot.StartupInfoLogger [restartedMain] Running with Spring Boot v2.3.3.RELEASE, Spring v5.2.8.RELEASE
2021-05-03 17:38:22,497 INFO org.springframework.boot.SpringApplication [restartedMain] No active profile set, falling back to default profiles: default
2021-05-03 17:38:24,607 INFO org.springframework.boot.StartupInfoLogger [restartedMain] Started CruddemoApplication in 2.156 seconds (JVM running for 1525.082)
2021-05-03 17:39:49,069 INFO org.springframework.boot.StartupInfoLogger [restartedMain] Starting CruddemoApplication on NOTB990 with PID 27424 (C:\Users\antoine.khoury\Documents\eclipse work space\scai-project\target\classes started by Antoine.Khoury in C:\Users\antoine.khoury\Documents\eclipse work space\scai-project)
2021-05-03 17:39:49,070 DEBUG org.springframework.boot.StartupInfoLogger [restartedMain] Running with Spring Boot v2.3.3.RELEASE, Spring v5.2.8.RELEASE
2021-05-03 17:39:49,070 INFO org.springframework.boot.SpringApplication [restartedMain] No active profile set, falling back to default profiles: default
2021-05-03 17:39:51,051 INFO org.springframework.boot.StartupInfoLogger [restartedMain] Started CruddemoApplication in 2.039 seconds (JVM running for 1611.526)
2021-05-03 17:46:30,762 INFO org.springframework.boot.StartupInfoLogger [restartedMain] Starting CruddemoApplication on NOTB990 with PID 27424 (C:\Users\antoine.khoury\Documents\eclipse work space\scai-project\target\classes started by Antoine.Khoury in C:\Users\antoine.khoury\Documents\eclipse work space\scai-project)
2021-05-03 17:46:30,762 DEBUG org.springframework.boot.StartupInfoLogger [restartedMain] Running with Spring Boot v2.3.3.RELEASE, Spring v5.2.8.RELEASE
2021-05-03 17:46:30,763 INFO org.springframework.boot.SpringApplication [restartedMain] No active profile set, falling back to default profiles: default
2021-05-03 17:46:32,960 INFO org.springframework.boot.StartupInfoLogger [restartedMain] Started CruddemoApplication in 2.242 seconds (JVM running for 2013.436)
2021-05-03 17:49:13,846 INFO org.springframework.boot.StartupInfoLogger [restartedMain] Starting CruddemoApplication on NOTB990 with PID 2220 (C:\Users\antoine.khoury\Documents\eclipse work space\scai-project\target\classes started by Antoine.Khoury in C:\Users\antoine.khoury\Documents\eclipse work space\scai-project)
2021-05-03 17:49:13,926 DEBUG org.springframework.boot.StartupInfoLogger [restartedMain] Running with Spring Boot v2.3.3.RELEASE, Spring v5.2.8.RELEASE
2021-05-03 17:49:13,928 INFO org.springframework.boot.SpringApplication [restartedMain] No active profile set, falling back to default profiles: default
2021-05-03 17:49:25,181 INFO org.springframework.boot.StartupInfoLogger [restartedMain] Started CruddemoApplication in 11.885 seconds (JVM running for 12.977)
2021-05-03 17:50:55,693 INFO org.springframework.boot.StartupInfoLogger [restartedMain] Starting CruddemoApplication on NOTB990 with PID 2220 (C:\Users\antoine.khoury\Documents\eclipse work space\scai-project\target\classes started by Antoine.Khoury in C:\Users\antoine.khoury\Documents\eclipse work space\scai-project)
2021-05-03 17:50:55,693 DEBUG org.springframework.boot.StartupInfoLogger [restartedMain] Running with Spring Boot v2.3.3.RELEASE, Spring v5.2.8.RELEASE
2021-05-03 17:50:55,694 INFO org.springframework.boot.SpringApplication [restartedMain] No active profile set, falling back to default profiles: default
2021-05-03 17:50:59,891 INFO org.springframework.boot.StartupInfoLogger [restartedMain] Started CruddemoApplication in 4.282 seconds (JVM running for 107.687)
2021-05-03 17:51:58,439 INFO org.springframework.boot.StartupInfoLogger [restartedMain] Starting CruddemoApplication on NOTB990 with PID 2220 (C:\Users\antoine.khoury\Documents\eclipse work space\scai-project\target\classes started by Antoine.Khoury in C:\Users\antoine.khoury\Documents\eclipse work space\scai-project)
2021-05-03 17:51:58,440 DEBUG org.springframework.boot.StartupInfoLogger [restartedMain] Running with Spring Boot v2.3.3.RELEASE, Spring v5.2.8.RELEASE
2021-05-03 17:51:58,440 INFO org.springframework.boot.SpringApplication [restartedMain] No active profile set, falling back to default profiles: default
2021-05-03 17:52:02,255 INFO org.springframework.boot.StartupInfoLogger [restartedMain] Started CruddemoApplication in 3.901 seconds (JVM running for 170.051)
2021-05-03 17:52:32,995 INFO org.springframework.boot.StartupInfoLogger [restartedMain] Starting CruddemoApplication on NOTB990 with PID 2220 (C:\Users\antoine.khoury\Documents\eclipse work space\scai-project\target\classes started by Antoine.Khoury in C:\Users\antoine.khoury\Documents\eclipse work space\scai-project)
2021-05-03 17:52:32,996 DEBUG org.springframework.boot.StartupInfoLogger [restartedMain] Running with Spring Boot v2.3.3.RELEASE, Spring v5.2.8.RELEASE
2021-05-03 17:52:32,996 INFO org.springframework.boot.SpringApplication [restartedMain] No active profile set, falling back to default profiles: default
2021-05-03 17:52:36,896 INFO org.springframework.boot.StartupInfoLogger [restartedMain] Started CruddemoApplication in 3.978 seconds (JVM running for 204.692)
2021-05-03 17:53:13,294 INFO org.springframework.boot.StartupInfoLogger [restartedMain] Starting CruddemoApplication on NOTB990 with PID 2220 (C:\Users\antoine.khoury\Documents\eclipse work space\scai-project\target\classes started by Antoine.Khoury in C:\Users\antoine.khoury\Documents\eclipse work space\scai-project)
2021-05-03 17:53:13,307 DEBUG org.springframework.boot.StartupInfoLogger [restartedMain] Running with Spring Boot v2.3.3.RELEASE, Spring v5.2.8.RELEASE
2021-05-03 17:53:13,308 INFO org.springframework.boot.SpringApplication [restartedMain] No active profile set, falling back to default profiles: default
2021-05-03 17:53:16,823 INFO org.springframework.boot.StartupInfoLogger [restartedMain] Started CruddemoApplication in 3.641 seconds (JVM running for 244.619)
2021-05-03 18:53:50,018 INFO org.springframework.boot.StartupInfoLogger [restartedMain] Starting CruddemoApplication on NOTB990 with PID 20896 (C:\Users\antoine.khoury\Documents\eclipse work space\scai-project\target\classes started by Antoine.Khoury in C:\Users\antoine.khoury\Documents\eclipse work space\scai-project)
2021-05-03 18:53:50,025 DEBUG org.springframework.boot.StartupInfoLogger [restartedMain] Running with Spring Boot v2.3.3.RELEASE, Spring v5.2.8.RELEASE
2021-05-03 18:53:50,027 INFO org.springframework.boot.SpringApplication [restartedMain] No active profile set, falling back to default profiles: default
2021-05-03 18:54:04,528 INFO org.springframework.boot.StartupInfoLogger [restartedMain] Started CruddemoApplication in 15.197 seconds (JVM running for 16.122)
