2021-03-03 17:17:24,732 INFO org.springframework.boot.StartupInfoLogger [restartedMain] Starting CruddemoApplication on NOTB990 with PID 10280 (C:\Users\antoine.khoury\Documents\eclipse work space\scai-project\target\classes started by Antoine.Khoury in C:\Users\antoine.khoury\Documents\eclipse work space\scai-project)
2021-03-03 17:17:24,749 DEBUG org.springframework.boot.StartupInfoLogger [restartedMain] Running with Spring Boot v2.3.3.RELEASE, Spring v5.2.8.RELEASE
2021-03-03 17:17:24,753 INFO org.springframework.boot.SpringApplication [restartedMain] No active profile set, falling back to default profiles: default
2021-03-03 17:17:45,094 INFO org.springframework.boot.StartupInfoLogger [restartedMain] Started CruddemoApplication in 21.612 seconds (JVM running for 23.904)
2021-03-03 17:21:43,575 ERROR com.luv2code.springboot.cruddemo.rest.GlobalExceptionHandler [http-nio-8080-exec-8] EntityRepresentationModel not found!
2021-03-03 17:21:46,836 ERROR com.luv2code.springboot.cruddemo.rest.GlobalExceptionHandler [http-nio-8080-exec-9] EntityRepresentationModel not found!
2021-03-03 17:21:48,348 ERROR com.luv2code.springboot.cruddemo.rest.GlobalExceptionHandler [http-nio-8080-exec-7] EntityRepresentationModel not found!
2021-03-03 17:22:06,379 ERROR com.luv2code.springboot.cruddemo.rest.GlobalExceptionHandler [http-nio-8080-exec-2] EntityRepresentationModel not found!
2021-03-03 17:27:39,525 INFO org.springframework.boot.StartupInfoLogger [restartedMain] Starting CruddemoApplication on NOTB990 with PID 10280 (C:\Users\antoine.khoury\Documents\eclipse work space\scai-project\target\classes started by Antoine.Khoury in C:\Users\antoine.khoury\Documents\eclipse work space\scai-project)
2021-03-03 17:27:39,526 DEBUG org.springframework.boot.StartupInfoLogger [restartedMain] Running with Spring Boot v2.3.3.RELEASE, Spring v5.2.8.RELEASE
2021-03-03 17:27:39,527 INFO org.springframework.boot.SpringApplication [restartedMain] No active profile set, falling back to default profiles: default
2021-03-03 17:27:44,408 INFO org.springframework.boot.StartupInfoLogger [restartedMain] Started CruddemoApplication in 4.993 seconds (JVM running for 623.219)
2021-03-03 17:29:03,487 INFO org.springframework.boot.StartupInfoLogger [restartedMain] Starting CruddemoApplication on NOTB990 with PID 10280 (C:\Users\antoine.khoury\Documents\eclipse work space\scai-project\target\classes started by Antoine.Khoury in C:\Users\antoine.khoury\Documents\eclipse work space\scai-project)
2021-03-03 17:29:03,488 DEBUG org.springframework.boot.StartupInfoLogger [restartedMain] Running with Spring Boot v2.3.3.RELEASE, Spring v5.2.8.RELEASE
2021-03-03 17:29:03,489 INFO org.springframework.boot.SpringApplication [restartedMain] No active profile set, falling back to default profiles: default
2021-03-03 17:29:10,079 INFO org.springframework.boot.StartupInfoLogger [restartedMain] Started CruddemoApplication in 6.698 seconds (JVM running for 708.89)
2021-03-03 17:30:06,731 INFO org.springframework.boot.StartupInfoLogger [restartedMain] Starting CruddemoApplication on NOTB990 with PID 10280 (C:\Users\antoine.khoury\Documents\eclipse work space\scai-project\target\classes started by Antoine.Khoury in C:\Users\antoine.khoury\Documents\eclipse work space\scai-project)
2021-03-03 17:30:06,732 DEBUG org.springframework.boot.StartupInfoLogger [restartedMain] Running with Spring Boot v2.3.3.RELEASE, Spring v5.2.8.RELEASE
2021-03-03 17:30:06,733 INFO org.springframework.boot.SpringApplication [restartedMain] No active profile set, falling back to default profiles: default
2021-03-03 17:30:20,174 INFO org.springframework.boot.StartupInfoLogger [restartedMain] Starting CruddemoApplication on NOTB990 with PID 10280 (C:\Users\antoine.khoury\Documents\eclipse work space\scai-project\target\classes started by Antoine.Khoury in C:\Users\antoine.khoury\Documents\eclipse work space\scai-project)
2021-03-03 17:30:20,174 DEBUG org.springframework.boot.StartupInfoLogger [restartedMain] Running with Spring Boot v2.3.3.RELEASE, Spring v5.2.8.RELEASE
2021-03-03 17:30:20,175 INFO org.springframework.boot.SpringApplication [restartedMain] No active profile set, falling back to default profiles: default
2021-03-03 17:30:24,727 INFO org.springframework.boot.StartupInfoLogger [restartedMain] Started CruddemoApplication in 4.611 seconds (JVM running for 783.538)
2021-03-03 17:40:46,802 INFO org.springframework.boot.StartupInfoLogger [restartedMain] Starting CruddemoApplication on NOTB990 with PID 10280 (C:\Users\antoine.khoury\Documents\eclipse work space\scai-project\target\classes started by Antoine.Khoury in C:\Users\antoine.khoury\Documents\eclipse work space\scai-project)
2021-03-03 17:40:46,802 DEBUG org.springframework.boot.StartupInfoLogger [restartedMain] Running with Spring Boot v2.3.3.RELEASE, Spring v5.2.8.RELEASE
2021-03-03 17:40:46,818 INFO org.springframework.boot.SpringApplication [restartedMain] No active profile set, falling back to default profiles: default
2021-03-03 17:41:05,340 INFO org.springframework.boot.StartupInfoLogger [restartedMain] Starting CruddemoApplication on NOTB990 with PID 10280 (C:\Users\antoine.khoury\Documents\eclipse work space\scai-project\target\classes started by Antoine.Khoury in C:\Users\antoine.khoury\Documents\eclipse work space\scai-project)
2021-03-03 17:41:05,340 DEBUG org.springframework.boot.StartupInfoLogger [restartedMain] Running with Spring Boot v2.3.3.RELEASE, Spring v5.2.8.RELEASE
2021-03-03 17:41:05,340 INFO org.springframework.boot.SpringApplication [restartedMain] No active profile set, falling back to default profiles: default
2021-03-03 17:47:17,067 INFO org.springframework.boot.StartupInfoLogger [restartedMain] Starting CruddemoApplication on NOTB990 with PID 10280 (C:\Users\antoine.khoury\Documents\eclipse work space\scai-project\target\classes started by Antoine.Khoury in C:\Users\antoine.khoury\Documents\eclipse work space\scai-project)
2021-03-03 17:47:17,068 DEBUG org.springframework.boot.StartupInfoLogger [restartedMain] Running with Spring Boot v2.3.3.RELEASE, Spring v5.2.8.RELEASE
2021-03-03 17:47:17,069 INFO org.springframework.boot.SpringApplication [restartedMain] No active profile set, falling back to default profiles: default
2021-03-03 17:47:21,784 INFO org.springframework.boot.StartupInfoLogger [restartedMain] Started CruddemoApplication in 4.809 seconds (JVM running for 1800.595)
2021-03-03 17:48:37,400 INFO org.springframework.boot.StartupInfoLogger [restartedMain] Starting CruddemoApplication on NOTB990 with PID 10280 (C:\Users\antoine.khoury\Documents\eclipse work space\scai-project\target\classes started by Antoine.Khoury in C:\Users\antoine.khoury\Documents\eclipse work space\scai-project)
2021-03-03 17:48:37,403 DEBUG org.springframework.boot.StartupInfoLogger [restartedMain] Running with Spring Boot v2.3.3.RELEASE, Spring v5.2.8.RELEASE
2021-03-03 17:48:37,403 INFO org.springframework.boot.SpringApplication [restartedMain] No active profile set, falling back to default profiles: default
2021-03-03 17:48:41,446 INFO org.springframework.boot.StartupInfoLogger [restartedMain] Started CruddemoApplication in 4.133 seconds (JVM running for 1880.257)
2021-03-03 17:50:11,690 INFO org.springframework.boot.StartupInfoLogger [restartedMain] Starting CruddemoApplication on NOTB990 with PID 10280 (C:\Users\antoine.khoury\Documents\eclipse work space\scai-project\target\classes started by Antoine.Khoury in C:\Users\antoine.khoury\Documents\eclipse work space\scai-project)
2021-03-03 17:50:11,691 DEBUG org.springframework.boot.StartupInfoLogger [restartedMain] Running with Spring Boot v2.3.3.RELEASE, Spring v5.2.8.RELEASE
2021-03-03 17:50:11,692 INFO org.springframework.boot.SpringApplication [restartedMain] No active profile set, falling back to default profiles: default
2021-03-03 17:50:15,251 INFO org.springframework.boot.StartupInfoLogger [restartedMain] Started CruddemoApplication in 3.645 seconds (JVM running for 1974.062)
2021-03-03 17:54:09,043 ERROR com.luv2code.springboot.cruddemo.rest.GlobalExceptionHandler [http-nio-8080-exec-3] no such id for an account
2021-03-03 17:59:59,785 INFO org.springframework.boot.StartupInfoLogger [restartedMain] Starting CruddemoApplication on NOTB990 with PID 10280 (C:\Users\antoine.khoury\Documents\eclipse work space\scai-project\target\classes started by Antoine.Khoury in C:\Users\antoine.khoury\Documents\eclipse work space\scai-project)
2021-03-03 17:59:59,786 DEBUG org.springframework.boot.StartupInfoLogger [restartedMain] Running with Spring Boot v2.3.3.RELEASE, Spring v5.2.8.RELEASE
2021-03-03 17:59:59,786 INFO org.springframework.boot.SpringApplication [restartedMain] No active profile set, falling back to default profiles: default
2021-03-03 18:00:04,466 INFO org.springframework.boot.StartupInfoLogger [restartedMain] Started CruddemoApplication in 4.773 seconds (JVM running for 2563.277)
2021-03-03 18:12:00,369 INFO org.springframework.boot.StartupInfoLogger [restartedMain] Starting CruddemoApplication on NOTB990 with PID 10280 (C:\Users\antoine.khoury\Documents\eclipse work space\scai-project\target\classes started by Antoine.Khoury in C:\Users\antoine.khoury\Documents\eclipse work space\scai-project)
2021-03-03 18:12:00,369 DEBUG org.springframework.boot.StartupInfoLogger [restartedMain] Running with Spring Boot v2.3.3.RELEASE, Spring v5.2.8.RELEASE
2021-03-03 18:12:00,370 INFO org.springframework.boot.SpringApplication [restartedMain] No active profile set, falling back to default profiles: default
2021-03-03 18:12:04,668 INFO org.springframework.boot.StartupInfoLogger [restartedMain] Started CruddemoApplication in 4.409 seconds (JVM running for 3283.478)
