2021-03-04 09:17:59,066 INFO org.springframework.boot.StartupInfoLogger [restartedMain] Starting CruddemoApplication on NOTB990 with PID 18804 (C:\Users\antoine.khoury\Documents\eclipse work space\scai-project\target\classes started by Antoine.Khoury in C:\Users\antoine.khoury\Documents\eclipse work space\scai-project)
2021-03-04 09:17:59,116 DEBUG org.springframework.boot.StartupInfoLogger [restartedMain] Running with Spring Boot v2.3.3.RELEASE, Spring v5.2.8.RELEASE
2021-03-04 09:17:59,118 INFO org.springframework.boot.SpringApplication [restartedMain] No active profile set, falling back to default profiles: default
2021-03-04 09:18:23,498 INFO org.springframework.boot.StartupInfoLogger [restartedMain] Started CruddemoApplication in 25.877 seconds (JVM running for 28.393)
2021-03-04 09:19:38,873 ERROR com.luv2code.springboot.cruddemo.rest.GlobalExceptionHandler [http-nio-8080-exec-7] JWT expired at 2021-03-03T18:47:27Z. Current time: 2021-03-04T09:19:38Z, a difference of 52331863 milliseconds.  Allowed clock skew: 0 milliseconds.
2021-03-04 09:19:38,871 ERROR com.luv2code.springboot.cruddemo.rest.GlobalExceptionHandler [http-nio-8080-exec-10] JWT expired at 2021-03-03T18:47:27Z. Current time: 2021-03-04T09:19:38Z, a difference of 52331866 milliseconds.  Allowed clock skew: 0 milliseconds.
2021-03-04 09:19:38,873 ERROR com.luv2code.springboot.cruddemo.rest.GlobalExceptionHandler [http-nio-8080-exec-3] JWT expired at 2021-03-03T18:47:27Z. Current time: 2021-03-04T09:19:38Z, a difference of 52331872 milliseconds.  Allowed clock skew: 0 milliseconds.
2021-03-04 09:19:38,872 ERROR com.luv2code.springboot.cruddemo.rest.GlobalExceptionHandler [http-nio-8080-exec-6] JWT expired at 2021-03-03T18:47:27Z. Current time: 2021-03-04T09:19:38Z, a difference of 52331863 milliseconds.  Allowed clock skew: 0 milliseconds.
2021-03-04 09:19:38,873 ERROR com.luv2code.springboot.cruddemo.rest.GlobalExceptionHandler [http-nio-8080-exec-4] JWT expired at 2021-03-03T18:47:27Z. Current time: 2021-03-04T09:19:38Z, a difference of 52331863 milliseconds.  Allowed clock skew: 0 milliseconds.
2021-03-04 09:19:39,081 ERROR com.luv2code.springboot.cruddemo.rest.GlobalExceptionHandler [http-nio-8080-exec-10] JWT expired at 2021-03-03T18:47:27Z. Current time: 2021-03-04T09:19:39Z, a difference of 52332080 milliseconds.  Allowed clock skew: 0 milliseconds.
2021-03-04 09:32:20,773 INFO org.springframework.boot.StartupInfoLogger [restartedMain] Starting CruddemoApplication on NOTB990 with PID 18804 (C:\Users\antoine.khoury\Documents\eclipse work space\scai-project\target\classes started by Antoine.Khoury in C:\Users\antoine.khoury\Documents\eclipse work space\scai-project)
2021-03-04 09:32:20,773 DEBUG org.springframework.boot.StartupInfoLogger [restartedMain] Running with Spring Boot v2.3.3.RELEASE, Spring v5.2.8.RELEASE
2021-03-04 09:32:20,773 INFO org.springframework.boot.SpringApplication [restartedMain] No active profile set, falling back to default profiles: default
2021-03-04 09:32:26,301 INFO org.springframework.boot.StartupInfoLogger [restartedMain] Starting CruddemoApplication on NOTB990 with PID 18804 (C:\Users\antoine.khoury\Documents\eclipse work space\scai-project\target\classes started by Antoine.Khoury in C:\Users\antoine.khoury\Documents\eclipse work space\scai-project)
2021-03-04 09:32:26,301 DEBUG org.springframework.boot.StartupInfoLogger [restartedMain] Running with Spring Boot v2.3.3.RELEASE, Spring v5.2.8.RELEASE
2021-03-04 09:32:26,301 INFO org.springframework.boot.SpringApplication [restartedMain] No active profile set, falling back to default profiles: default
2021-03-04 09:32:35,882 INFO org.springframework.boot.StartupInfoLogger [restartedMain] Started CruddemoApplication in 9.679 seconds (JVM running for 880.781)
2021-03-04 09:32:45,455 INFO org.springframework.boot.StartupInfoLogger [restartedMain] Starting CruddemoApplication on NOTB990 with PID 5824 (C:\Users\antoine.khoury\Documents\eclipse work space\scai-project\target\classes started by Antoine.Khoury in C:\Users\antoine.khoury\Documents\eclipse work space\scai-project)
2021-03-04 09:32:45,455 DEBUG org.springframework.boot.StartupInfoLogger [restartedMain] Running with Spring Boot v2.3.3.RELEASE, Spring v5.2.8.RELEASE
2021-03-04 09:32:45,455 INFO org.springframework.boot.SpringApplication [restartedMain] No active profile set, falling back to default profiles: default
2021-03-04 09:32:57,928 INFO org.springframework.boot.StartupInfoLogger [restartedMain] Started CruddemoApplication in 13.035 seconds (JVM running for 14.108)
2021-03-04 09:33:19,664 ERROR com.luv2code.springboot.cruddemo.rest.GlobalExceptionHandler [http-nio-8080-exec-10] invalid credentials
2021-03-04 10:33:25,220 ERROR com.luv2code.springboot.cruddemo.rest.GlobalExceptionHandler [http-nio-8080-exec-5] JWT expired at 2021-03-04T10:33:25Z. Current time: 2021-03-04T10:33:25Z, a difference of 220 milliseconds.  Allowed clock skew: 0 milliseconds.
2021-03-04 10:44:31,801 INFO org.springframework.boot.StartupInfoLogger [restartedMain] Starting CruddemoApplication on NOTB990 with PID 5824 (C:\Users\antoine.khoury\Documents\eclipse work space\scai-project\target\classes started by Antoine.Khoury in C:\Users\antoine.khoury\Documents\eclipse work space\scai-project)
2021-03-04 10:44:31,805 DEBUG org.springframework.boot.StartupInfoLogger [restartedMain] Running with Spring Boot v2.3.3.RELEASE, Spring v5.2.8.RELEASE
2021-03-04 10:44:31,807 INFO org.springframework.boot.SpringApplication [restartedMain] No active profile set, falling back to default profiles: default
2021-03-04 10:45:58,586 INFO org.springframework.boot.StartupInfoLogger [restartedMain] Starting CruddemoApplication on NOTB990 with PID 13768 (C:\Users\antoine.khoury\Documents\eclipse work space\scai-project\target\classes started by Antoine.Khoury in C:\Users\antoine.khoury\Documents\eclipse work space\scai-project)
2021-03-04 10:45:58,605 DEBUG org.springframework.boot.StartupInfoLogger [restartedMain] Running with Spring Boot v2.3.3.RELEASE, Spring v5.2.8.RELEASE
2021-03-04 10:45:58,610 INFO org.springframework.boot.SpringApplication [restartedMain] No active profile set, falling back to default profiles: default
2021-03-04 10:46:16,174 INFO org.springframework.boot.StartupInfoLogger [restartedMain] Started CruddemoApplication in 18.806 seconds (JVM running for 20.111)
2021-03-04 11:12:16,432 INFO org.springframework.boot.StartupInfoLogger [restartedMain] Starting CruddemoApplication on NOTB990 with PID 17016 (C:\Users\antoine.khoury\Documents\eclipse work space\scai-project\target\classes started by Antoine.Khoury in C:\Users\antoine.khoury\Documents\eclipse work space\scai-project)
2021-03-04 11:12:16,439 DEBUG org.springframework.boot.StartupInfoLogger [restartedMain] Running with Spring Boot v2.3.3.RELEASE, Spring v5.2.8.RELEASE
2021-03-04 11:12:16,439 INFO org.springframework.boot.SpringApplication [restartedMain] No active profile set, falling back to default profiles: default
2021-03-04 11:12:27,068 INFO org.springframework.boot.StartupInfoLogger [restartedMain] Started CruddemoApplication in 11.278 seconds (JVM running for 14.221)
2021-03-04 17:51:14,353 INFO org.springframework.boot.StartupInfoLogger [restartedMain] Starting CruddemoApplication on NOTB990 with PID 17768 (C:\Users\antoine.khoury\Documents\eclipse work space\scai-project\target\classes started by Antoine.Khoury in C:\Users\antoine.khoury\Documents\eclipse work space\scai-project)
2021-03-04 17:51:14,370 DEBUG org.springframework.boot.StartupInfoLogger [restartedMain] Running with Spring Boot v2.3.3.RELEASE, Spring v5.2.8.RELEASE
2021-03-04 17:51:14,372 INFO org.springframework.boot.SpringApplication [restartedMain] No active profile set, falling back to default profiles: default
2021-03-04 17:51:28,468 INFO org.springframework.boot.StartupInfoLogger [restartedMain] Started CruddemoApplication in 14.909 seconds (JVM running for 16.44)
2021-03-04 17:52:45,856 ERROR com.luv2code.springboot.cruddemo.rest.GlobalExceptionHandler [http-nio-8080-exec-8] For input string: "2021-04-09 03:58"
2021-03-04 17:53:26,211 INFO org.springframework.boot.StartupInfoLogger [restartedMain] Starting CruddemoApplication on NOTB990 with PID 17768 (C:\Users\antoine.khoury\Documents\eclipse work space\scai-project\target\classes started by Antoine.Khoury in C:\Users\antoine.khoury\Documents\eclipse work space\scai-project)
2021-03-04 17:53:26,211 DEBUG org.springframework.boot.StartupInfoLogger [restartedMain] Running with Spring Boot v2.3.3.RELEASE, Spring v5.2.8.RELEASE
2021-03-04 17:53:26,211 INFO org.springframework.boot.SpringApplication [restartedMain] No active profile set, falling back to default profiles: default
2021-03-04 17:53:31,104 INFO org.springframework.boot.StartupInfoLogger [restartedMain] Started CruddemoApplication in 5.054 seconds (JVM running for 139.072)
2021-03-04 17:53:32,475 ERROR com.luv2code.springboot.cruddemo.rest.GlobalExceptionHandler [http-nio-8080-exec-2] For input string: "2021-04-09 03:58"
2021-03-04 17:53:46,068 INFO org.springframework.boot.StartupInfoLogger [restartedMain] Starting CruddemoApplication on NOTB990 with PID 17768 (C:\Users\antoine.khoury\Documents\eclipse work space\scai-project\target\classes started by Antoine.Khoury in C:\Users\antoine.khoury\Documents\eclipse work space\scai-project)
2021-03-04 17:53:46,068 DEBUG org.springframework.boot.StartupInfoLogger [restartedMain] Running with Spring Boot v2.3.3.RELEASE, Spring v5.2.8.RELEASE
2021-03-04 17:53:46,084 INFO org.springframework.boot.SpringApplication [restartedMain] No active profile set, falling back to default profiles: default
2021-03-04 17:53:49,996 INFO org.springframework.boot.StartupInfoLogger [restartedMain] Started CruddemoApplication in 3.99 seconds (JVM running for 157.978)
2021-03-04 17:53:57,094 ERROR com.luv2code.springboot.cruddemo.rest.GlobalExceptionHandler [http-nio-8080-exec-2] For input string: "2021-04-09 03:58"
