2021-02-13 11:17:09,124 INFO org.springframework.boot.StartupInfoLogger [restartedMain] Starting CruddemoApplication on NOTB990 with PID 12888 (C:\Users\antoine.khoury\Documents\eclipse work space\scai-project\target\classes started by Antoine.Khoury in C:\Users\antoine.khoury\Documents\eclipse work space\scai-project)
2021-02-13 11:17:09,227 DEBUG org.springframework.boot.StartupInfoLogger [restartedMain] Running with Spring Boot v2.3.3.RELEASE, Spring v5.2.8.RELEASE
2021-02-13 11:17:09,232 INFO org.springframework.boot.SpringApplication [restartedMain] No active profile set, falling back to default profiles: default
2021-02-13 11:18:50,456 INFO org.springframework.boot.StartupInfoLogger [restartedMain] Starting CruddemoApplication on NOTB990 with PID 12704 (C:\Users\antoine.khoury\Documents\eclipse work space\scai-project\target\classes started by Antoine.Khoury in C:\Users\antoine.khoury\Documents\eclipse work space\scai-project)
2021-02-13 11:18:50,464 DEBUG org.springframework.boot.StartupInfoLogger [restartedMain] Running with Spring Boot v2.3.3.RELEASE, Spring v5.2.8.RELEASE
2021-02-13 11:18:50,465 INFO org.springframework.boot.SpringApplication [restartedMain] No active profile set, falling back to default profiles: default
2021-02-13 11:19:15,658 INFO org.springframework.boot.StartupInfoLogger [restartedMain] Started CruddemoApplication in 26.914 seconds (JVM running for 29.69)
2021-02-13 11:21:00,746 INFO org.springframework.boot.StartupInfoLogger [restartedMain] Starting CruddemoApplication on NOTB990 with PID 12704 (C:\Users\antoine.khoury\Documents\eclipse work space\scai-project\target\classes started by Antoine.Khoury in C:\Users\antoine.khoury\Documents\eclipse work space\scai-project)
2021-02-13 11:21:00,746 DEBUG org.springframework.boot.StartupInfoLogger [restartedMain] Running with Spring Boot v2.3.3.RELEASE, Spring v5.2.8.RELEASE
2021-02-13 11:21:00,747 INFO org.springframework.boot.SpringApplication [restartedMain] No active profile set, falling back to default profiles: default
2021-02-13 11:21:05,924 INFO org.springframework.boot.StartupInfoLogger [restartedMain] Started CruddemoApplication in 5.321 seconds (JVM running for 139.955)
2021-02-13 11:28:39,456 INFO org.springframework.boot.StartupInfoLogger [restartedMain] Starting CruddemoApplication on NOTB990 with PID 12704 (C:\Users\antoine.khoury\Documents\eclipse work space\scai-project\target\classes started by Antoine.Khoury in C:\Users\antoine.khoury\Documents\eclipse work space\scai-project)
2021-02-13 11:28:39,457 DEBUG org.springframework.boot.StartupInfoLogger [restartedMain] Running with Spring Boot v2.3.3.RELEASE, Spring v5.2.8.RELEASE
2021-02-13 11:28:39,458 INFO org.springframework.boot.SpringApplication [restartedMain] No active profile set, falling back to default profiles: default
2021-02-13 11:29:28,281 INFO org.springframework.boot.StartupInfoLogger [restartedMain] Starting CruddemoApplication on NOTB990 with PID 12704 (C:\Users\antoine.khoury\Documents\eclipse work space\scai-project\target\classes started by Antoine.Khoury in C:\Users\antoine.khoury\Documents\eclipse work space\scai-project)
2021-02-13 11:29:28,281 DEBUG org.springframework.boot.StartupInfoLogger [restartedMain] Running with Spring Boot v2.3.3.RELEASE, Spring v5.2.8.RELEASE
2021-02-13 11:29:28,282 INFO org.springframework.boot.SpringApplication [restartedMain] No active profile set, falling back to default profiles: default
2021-02-13 11:29:32,777 INFO org.springframework.boot.StartupInfoLogger [restartedMain] Started CruddemoApplication in 4.584 seconds (JVM running for 646.809)
2021-02-13 11:42:17,017 INFO org.springframework.boot.StartupInfoLogger [restartedMain] Starting CruddemoApplication on NOTB990 with PID 12704 (C:\Users\antoine.khoury\Documents\eclipse work space\scai-project\target\classes started by Antoine.Khoury in C:\Users\antoine.khoury\Documents\eclipse work space\scai-project)
2021-02-13 11:42:17,024 DEBUG org.springframework.boot.StartupInfoLogger [restartedMain] Running with Spring Boot v2.3.3.RELEASE, Spring v5.2.8.RELEASE
2021-02-13 11:42:17,025 INFO org.springframework.boot.SpringApplication [restartedMain] No active profile set, falling back to default profiles: default
2021-02-13 11:42:23,631 INFO org.springframework.boot.StartupInfoLogger [restartedMain] Started CruddemoApplication in 6.791 seconds (JVM running for 1417.662)
2021-02-13 13:29:55,187 ERROR com.luv2code.springboot.cruddemo.rest.GlobalExceptionHandler [http-nio-8080-exec-7] JWT expired at 2021-02-13T12:19:47Z. Current time: 2021-02-13T13:29:55Z, a difference of 4208178 milliseconds.  Allowed clock skew: 0 milliseconds.
2021-02-13 13:29:55,187 ERROR com.luv2code.springboot.cruddemo.rest.GlobalExceptionHandler [http-nio-8080-exec-1] JWT expired at 2021-02-13T12:19:47Z. Current time: 2021-02-13T13:29:55Z, a difference of 4208178 milliseconds.  Allowed clock skew: 0 milliseconds.
2021-02-13 14:26:00,956 INFO org.springframework.boot.StartupInfoLogger [restartedMain] Starting CruddemoApplication on NOTB990 with PID 1052 (C:\Users\antoine.khoury\Documents\eclipse work space\scai-project\target\classes started by Antoine.Khoury in C:\Users\antoine.khoury\Documents\eclipse work space\scai-project)
2021-02-13 14:26:00,961 DEBUG org.springframework.boot.StartupInfoLogger [restartedMain] Running with Spring Boot v2.3.3.RELEASE, Spring v5.2.8.RELEASE
2021-02-13 14:26:00,962 INFO org.springframework.boot.SpringApplication [restartedMain] No active profile set, falling back to default profiles: default
2021-02-13 14:26:14,784 INFO org.springframework.boot.StartupInfoLogger [restartedMain] Started CruddemoApplication in 14.802 seconds (JVM running for 16.06)
2021-02-13 14:26:33,072 ERROR com.luv2code.springboot.cruddemo.rest.GlobalExceptionHandler [http-nio-8080-exec-1] invalid credentials
2021-02-13 16:20:53,091 INFO org.springframework.boot.StartupInfoLogger [restartedMain] Starting CruddemoApplication on NOTB990 with PID 1052 (C:\Users\antoine.khoury\Documents\eclipse work space\scai-project\target\classes started by Antoine.Khoury in C:\Users\antoine.khoury\Documents\eclipse work space\scai-project)
2021-02-13 16:20:53,091 DEBUG org.springframework.boot.StartupInfoLogger [restartedMain] Running with Spring Boot v2.3.3.RELEASE, Spring v5.2.8.RELEASE
2021-02-13 16:20:53,092 INFO org.springframework.boot.SpringApplication [restartedMain] No active profile set, falling back to default profiles: default
2021-02-13 16:20:58,170 INFO org.springframework.boot.StartupInfoLogger [restartedMain] Started CruddemoApplication in 5.167 seconds (JVM running for 6899.457)
2021-02-13 16:21:08,227 INFO org.springframework.boot.StartupInfoLogger [restartedMain] Starting CruddemoApplication on NOTB990 with PID 1052 (C:\Users\antoine.khoury\Documents\eclipse work space\scai-project\target\classes started by Antoine.Khoury in C:\Users\antoine.khoury\Documents\eclipse work space\scai-project)
2021-02-13 16:21:08,228 DEBUG org.springframework.boot.StartupInfoLogger [restartedMain] Running with Spring Boot v2.3.3.RELEASE, Spring v5.2.8.RELEASE
2021-02-13 16:21:08,230 INFO org.springframework.boot.SpringApplication [restartedMain] No active profile set, falling back to default profiles: default
2021-02-13 16:21:12,163 INFO org.springframework.boot.StartupInfoLogger [restartedMain] Started CruddemoApplication in 4.047 seconds (JVM running for 6913.45)
2021-02-13 16:21:23,727 INFO org.springframework.boot.StartupInfoLogger [restartedMain] Starting CruddemoApplication on NOTB990 with PID 1052 (C:\Users\antoine.khoury\Documents\eclipse work space\scai-project\target\classes started by Antoine.Khoury in C:\Users\antoine.khoury\Documents\eclipse work space\scai-project)
2021-02-13 16:21:23,728 DEBUG org.springframework.boot.StartupInfoLogger [restartedMain] Running with Spring Boot v2.3.3.RELEASE, Spring v5.2.8.RELEASE
2021-02-13 16:21:23,729 INFO org.springframework.boot.SpringApplication [restartedMain] No active profile set, falling back to default profiles: default
2021-02-13 16:21:27,521 INFO org.springframework.boot.StartupInfoLogger [restartedMain] Started CruddemoApplication in 3.877 seconds (JVM running for 6928.807)
2021-02-13 16:29:33,224 INFO org.springframework.boot.StartupInfoLogger [restartedMain] Starting CruddemoApplication on NOTB990 with PID 1052 (C:\Users\antoine.khoury\Documents\eclipse work space\scai-project\target\classes started by Antoine.Khoury in C:\Users\antoine.khoury\Documents\eclipse work space\scai-project)
2021-02-13 16:29:33,226 DEBUG org.springframework.boot.StartupInfoLogger [restartedMain] Running with Spring Boot v2.3.3.RELEASE, Spring v5.2.8.RELEASE
2021-02-13 16:29:33,227 INFO org.springframework.boot.SpringApplication [restartedMain] No active profile set, falling back to default profiles: default
2021-02-13 16:29:37,633 INFO org.springframework.boot.StartupInfoLogger [restartedMain] Started CruddemoApplication in 4.558 seconds (JVM running for 7418.92)
2021-02-13 20:28:56,046 INFO org.springframework.boot.StartupInfoLogger [restartedMain] Starting CruddemoApplication on NOTB990 with PID 13648 (C:\Users\antoine.khoury\Documents\eclipse work space\scai-project\target\classes started by Antoine.Khoury in C:\Users\antoine.khoury\Documents\eclipse work space\scai-project)
2021-02-13 20:28:56,060 DEBUG org.springframework.boot.StartupInfoLogger [restartedMain] Running with Spring Boot v2.3.3.RELEASE, Spring v5.2.8.RELEASE
2021-02-13 20:28:56,062 INFO org.springframework.boot.SpringApplication [restartedMain] No active profile set, falling back to default profiles: default
2021-02-13 20:29:11,564 INFO org.springframework.boot.StartupInfoLogger [restartedMain] Started CruddemoApplication in 16.477 seconds (JVM running for 18.097)
2021-02-13 20:30:15,999 INFO org.springframework.boot.StartupInfoLogger [restartedMain] Starting CruddemoApplication on NOTB990 with PID 13648 (C:\Users\antoine.khoury\Documents\eclipse work space\scai-project\target\classes started by Antoine.Khoury in C:\Users\antoine.khoury\Documents\eclipse work space\scai-project)
2021-02-13 20:30:16,000 DEBUG org.springframework.boot.StartupInfoLogger [restartedMain] Running with Spring Boot v2.3.3.RELEASE, Spring v5.2.8.RELEASE
2021-02-13 20:30:16,001 INFO org.springframework.boot.SpringApplication [restartedMain] No active profile set, falling back to default profiles: default
2021-02-13 20:30:21,400 INFO org.springframework.boot.StartupInfoLogger [restartedMain] Started CruddemoApplication in 5.541 seconds (JVM running for 87.932)
2021-02-13 20:31:22,845 INFO org.springframework.boot.StartupInfoLogger [restartedMain] Starting CruddemoApplication on NOTB990 with PID 13648 (C:\Users\antoine.khoury\Documents\eclipse work space\scai-project\target\classes started by Antoine.Khoury in C:\Users\antoine.khoury\Documents\eclipse work space\scai-project)
2021-02-13 20:31:22,847 DEBUG org.springframework.boot.StartupInfoLogger [restartedMain] Running with Spring Boot v2.3.3.RELEASE, Spring v5.2.8.RELEASE
2021-02-13 20:31:22,848 INFO org.springframework.boot.SpringApplication [restartedMain] No active profile set, falling back to default profiles: default
2021-02-13 20:31:27,576 INFO org.springframework.boot.StartupInfoLogger [restartedMain] Started CruddemoApplication in 4.865 seconds (JVM running for 154.109)
2021-02-13 20:31:36,858 INFO org.springframework.boot.StartupInfoLogger [restartedMain] Starting CruddemoApplication on NOTB990 with PID 13648 (C:\Users\antoine.khoury\Documents\eclipse work space\scai-project\target\classes started by Antoine.Khoury in C:\Users\antoine.khoury\Documents\eclipse work space\scai-project)
2021-02-13 20:31:36,858 DEBUG org.springframework.boot.StartupInfoLogger [restartedMain] Running with Spring Boot v2.3.3.RELEASE, Spring v5.2.8.RELEASE
2021-02-13 20:31:36,859 INFO org.springframework.boot.SpringApplication [restartedMain] No active profile set, falling back to default profiles: default
2021-02-13 20:31:41,496 INFO org.springframework.boot.StartupInfoLogger [restartedMain] Started CruddemoApplication in 4.722 seconds (JVM running for 168.029)
2021-02-13 20:32:12,958 INFO org.springframework.boot.StartupInfoLogger [restartedMain] Starting CruddemoApplication on NOTB990 with PID 13648 (C:\Users\antoine.khoury\Documents\eclipse work space\scai-project\target\classes started by Antoine.Khoury in C:\Users\antoine.khoury\Documents\eclipse work space\scai-project)
2021-02-13 20:32:12,958 DEBUG org.springframework.boot.StartupInfoLogger [restartedMain] Running with Spring Boot v2.3.3.RELEASE, Spring v5.2.8.RELEASE
2021-02-13 20:32:12,959 INFO org.springframework.boot.SpringApplication [restartedMain] No active profile set, falling back to default profiles: default
2021-02-13 20:32:17,602 INFO org.springframework.boot.StartupInfoLogger [restartedMain] Started CruddemoApplication in 4.721 seconds (JVM running for 204.135)
2021-02-13 20:35:02,065 INFO org.springframework.boot.StartupInfoLogger [restartedMain] Starting CruddemoApplication on NOTB990 with PID 13648 (C:\Users\antoine.khoury\Documents\eclipse work space\scai-project\target\classes started by Antoine.Khoury in C:\Users\antoine.khoury\Documents\eclipse work space\scai-project)
2021-02-13 20:35:02,065 DEBUG org.springframework.boot.StartupInfoLogger [restartedMain] Running with Spring Boot v2.3.3.RELEASE, Spring v5.2.8.RELEASE
2021-02-13 20:35:02,066 INFO org.springframework.boot.SpringApplication [restartedMain] No active profile set, falling back to default profiles: default
2021-02-13 20:35:05,808 INFO org.springframework.boot.StartupInfoLogger [restartedMain] Started CruddemoApplication in 3.819 seconds (JVM running for 372.341)
2021-02-13 20:35:08,808 INFO org.springframework.boot.StartupInfoLogger [restartedMain] Starting CruddemoApplication on NOTB990 with PID 13648 (C:\Users\antoine.khoury\Documents\eclipse work space\scai-project\target\classes started by Antoine.Khoury in C:\Users\antoine.khoury\Documents\eclipse work space\scai-project)
2021-02-13 20:35:08,809 DEBUG org.springframework.boot.StartupInfoLogger [restartedMain] Running with Spring Boot v2.3.3.RELEASE, Spring v5.2.8.RELEASE
2021-02-13 20:35:08,810 INFO org.springframework.boot.SpringApplication [restartedMain] No active profile set, falling back to default profiles: default
2021-02-13 20:35:12,455 INFO org.springframework.boot.StartupInfoLogger [restartedMain] Started CruddemoApplication in 3.73 seconds (JVM running for 378.988)
2021-02-13 20:41:10,326 INFO org.springframework.boot.StartupInfoLogger [restartedMain] Starting CruddemoApplication on NOTB990 with PID 13648 (C:\Users\antoine.khoury\Documents\eclipse work space\scai-project\target\classes started by Antoine.Khoury in C:\Users\antoine.khoury\Documents\eclipse work space\scai-project)
2021-02-13 20:41:10,327 DEBUG org.springframework.boot.StartupInfoLogger [restartedMain] Running with Spring Boot v2.3.3.RELEASE, Spring v5.2.8.RELEASE
2021-02-13 20:41:10,328 INFO org.springframework.boot.SpringApplication [restartedMain] No active profile set, falling back to default profiles: default
2021-02-13 20:41:14,898 INFO org.springframework.boot.StartupInfoLogger [restartedMain] Started CruddemoApplication in 4.655 seconds (JVM running for 741.43)
2021-02-13 20:43:26,271 INFO org.springframework.boot.StartupInfoLogger [restartedMain] Starting CruddemoApplication on NOTB990 with PID 13648 (C:\Users\antoine.khoury\Documents\eclipse work space\scai-project\target\classes started by Antoine.Khoury in C:\Users\antoine.khoury\Documents\eclipse work space\scai-project)
2021-02-13 20:43:26,271 DEBUG org.springframework.boot.StartupInfoLogger [restartedMain] Running with Spring Boot v2.3.3.RELEASE, Spring v5.2.8.RELEASE
2021-02-13 20:43:26,272 INFO org.springframework.boot.SpringApplication [restartedMain] No active profile set, falling back to default profiles: default
2021-02-13 20:43:30,691 INFO org.springframework.boot.StartupInfoLogger [restartedMain] Started CruddemoApplication in 4.52 seconds (JVM running for 877.224)
2021-02-13 20:43:35,363 INFO org.springframework.boot.StartupInfoLogger [restartedMain] Starting CruddemoApplication on NOTB990 with PID 13648 (C:\Users\antoine.khoury\Documents\eclipse work space\scai-project\target\classes started by Antoine.Khoury in C:\Users\antoine.khoury\Documents\eclipse work space\scai-project)
2021-02-13 20:43:35,364 DEBUG org.springframework.boot.StartupInfoLogger [restartedMain] Running with Spring Boot v2.3.3.RELEASE, Spring v5.2.8.RELEASE
2021-02-13 20:43:35,365 INFO org.springframework.boot.SpringApplication [restartedMain] No active profile set, falling back to default profiles: default
2021-02-13 20:43:39,440 INFO org.springframework.boot.StartupInfoLogger [restartedMain] Started CruddemoApplication in 4.169 seconds (JVM running for 885.973)
2021-02-13 20:45:47,443 INFO org.springframework.boot.StartupInfoLogger [restartedMain] Starting CruddemoApplication on NOTB990 with PID 13648 (C:\Users\antoine.khoury\Documents\eclipse work space\scai-project\target\classes started by Antoine.Khoury in C:\Users\antoine.khoury\Documents\eclipse work space\scai-project)
2021-02-13 20:45:47,445 DEBUG org.springframework.boot.StartupInfoLogger [restartedMain] Running with Spring Boot v2.3.3.RELEASE, Spring v5.2.8.RELEASE
2021-02-13 20:45:47,446 INFO org.springframework.boot.SpringApplication [restartedMain] No active profile set, falling back to default profiles: default
2021-02-13 20:45:51,397 INFO org.springframework.boot.StartupInfoLogger [restartedMain] Started CruddemoApplication in 4.113 seconds (JVM running for 1017.929)
