2021-02-12 09:11:00,354 INFO org.springframework.boot.StartupInfoLogger [restartedMain] Starting CruddemoApplication on NOTB990 with PID 11896 (C:\Users\antoine.khoury\Documents\eclipse work space\scai-project\target\classes started by Antoine.Khoury in C:\Users\antoine.khoury\Documents\eclipse work space\scai-project)
2021-02-12 09:11:00,371 DEBUG org.springframework.boot.StartupInfoLogger [restartedMain] Running with Spring Boot v2.3.3.RELEASE, Spring v5.2.8.RELEASE
2021-02-12 09:11:00,373 INFO org.springframework.boot.SpringApplication [restartedMain] No active profile set, falling back to default profiles: default
2021-02-12 09:11:24,537 INFO org.springframework.boot.StartupInfoLogger [restartedMain] Started CruddemoApplication in 25.755 seconds (JVM running for 28.715)
2021-02-12 09:37:04,816 INFO org.springframework.boot.StartupInfoLogger [restartedMain] Starting CruddemoApplication on NOTB990 with PID 11896 (C:\Users\antoine.khoury\Documents\eclipse work space\scai-project\target\classes started by Antoine.Khoury in C:\Users\antoine.khoury\Documents\eclipse work space\scai-project)
2021-02-12 09:37:04,816 DEBUG org.springframework.boot.StartupInfoLogger [restartedMain] Running with Spring Boot v2.3.3.RELEASE, Spring v5.2.8.RELEASE
2021-02-12 09:37:04,821 INFO org.springframework.boot.SpringApplication [restartedMain] No active profile set, falling back to default profiles: default
2021-02-12 09:37:14,365 INFO org.springframework.boot.StartupInfoLogger [restartedMain] Started CruddemoApplication in 9.713 seconds (JVM running for 1578.543)
2021-02-12 09:37:20,380 ERROR com.luv2code.springboot.cruddemo.rest.GlobalExceptionHandler [http-nio-8080-exec-2] Could not write JSON: could not extract ResultSet; nested exception is com.fasterxml.jackson.databind.JsonMappingException: could not extract ResultSet (through reference chain: com.luv2code.springboot.cruddemo.entity.Account["posts"])
2021-02-12 09:37:54,647 INFO org.springframework.boot.StartupInfoLogger [restartedMain] Starting CruddemoApplication on NOTB990 with PID 13040 (C:\Users\antoine.khoury\Documents\eclipse work space\scai-project\target\classes started by Antoine.Khoury in C:\Users\antoine.khoury\Documents\eclipse work space\scai-project)
2021-02-12 09:37:54,660 DEBUG org.springframework.boot.StartupInfoLogger [restartedMain] Running with Spring Boot v2.3.3.RELEASE, Spring v5.2.8.RELEASE
2021-02-12 09:37:54,663 INFO org.springframework.boot.SpringApplication [restartedMain] No active profile set, falling back to default profiles: default
2021-02-12 09:38:11,758 INFO org.springframework.boot.StartupInfoLogger [restartedMain] Started CruddemoApplication in 18.074 seconds (JVM running for 20.398)
2021-02-12 09:38:58,434 INFO org.springframework.boot.StartupInfoLogger [restartedMain] Starting CruddemoApplication on NOTB990 with PID 13040 (C:\Users\antoine.khoury\Documents\eclipse work space\scai-project\target\classes started by Antoine.Khoury in C:\Users\antoine.khoury\Documents\eclipse work space\scai-project)
2021-02-12 09:38:58,435 DEBUG org.springframework.boot.StartupInfoLogger [restartedMain] Running with Spring Boot v2.3.3.RELEASE, Spring v5.2.8.RELEASE
2021-02-12 09:38:58,436 INFO org.springframework.boot.SpringApplication [restartedMain] No active profile set, falling back to default profiles: default
2021-02-12 09:39:07,016 INFO org.springframework.boot.StartupInfoLogger [restartedMain] Started CruddemoApplication in 8.767 seconds (JVM running for 75.656)
2021-02-12 09:39:07,021 ERROR com.luv2code.springboot.cruddemo.rest.GlobalExceptionHandler [http-nio-8080-exec-7] could not extract ResultSet; SQL [n/a]; nested exception is org.hibernate.exception.SQLGrammarException: could not extract ResultSet
2021-02-12 09:39:07,022 ERROR com.luv2code.springboot.cruddemo.rest.GlobalExceptionHandler [http-nio-8080-exec-3] could not extract ResultSet; SQL [n/a]; nested exception is org.hibernate.exception.SQLGrammarException: could not extract ResultSet
2021-02-12 09:39:14,486 ERROR com.luv2code.springboot.cruddemo.rest.GlobalExceptionHandler [http-nio-8080-exec-7] could not extract ResultSet; SQL [n/a]; nested exception is org.hibernate.exception.SQLGrammarException: could not extract ResultSet
2021-02-12 09:39:14,511 ERROR com.luv2code.springboot.cruddemo.rest.GlobalExceptionHandler [http-nio-8080-exec-4] could not extract ResultSet; SQL [n/a]; nested exception is org.hibernate.exception.SQLGrammarException: could not extract ResultSet
2021-02-12 09:43:19,557 INFO org.springframework.boot.StartupInfoLogger [restartedMain] Starting CruddemoApplication on NOTB990 with PID 13040 (C:\Users\antoine.khoury\Documents\eclipse work space\scai-project\target\classes started by Antoine.Khoury in C:\Users\antoine.khoury\Documents\eclipse work space\scai-project)
2021-02-12 09:43:19,558 DEBUG org.springframework.boot.StartupInfoLogger [restartedMain] Running with Spring Boot v2.3.3.RELEASE, Spring v5.2.8.RELEASE
2021-02-12 09:43:19,559 INFO org.springframework.boot.SpringApplication [restartedMain] No active profile set, falling back to default profiles: default
2021-02-12 09:51:56,704 INFO org.springframework.boot.StartupInfoLogger [restartedMain] Starting CruddemoApplication on NOTB990 with PID 13040 (C:\Users\antoine.khoury\Documents\eclipse work space\scai-project\target\classes started by Antoine.Khoury in C:\Users\antoine.khoury\Documents\eclipse work space\scai-project)
2021-02-12 09:51:56,709 DEBUG org.springframework.boot.StartupInfoLogger [restartedMain] Running with Spring Boot v2.3.3.RELEASE, Spring v5.2.8.RELEASE
2021-02-12 09:51:56,709 INFO org.springframework.boot.SpringApplication [restartedMain] No active profile set, falling back to default profiles: default
2021-02-12 09:55:35,053 INFO org.springframework.boot.StartupInfoLogger [restartedMain] Starting CruddemoApplication on NOTB990 with PID 11008 (C:\Users\antoine.khoury\Documents\eclipse work space\scai-project\target\classes started by Antoine.Khoury in C:\Users\antoine.khoury\Documents\eclipse work space\scai-project)
2021-02-12 09:55:35,076 DEBUG org.springframework.boot.StartupInfoLogger [restartedMain] Running with Spring Boot v2.3.3.RELEASE, Spring v5.2.8.RELEASE
2021-02-12 09:55:35,078 INFO org.springframework.boot.SpringApplication [restartedMain] No active profile set, falling back to default profiles: default
2021-02-12 09:57:18,033 INFO org.springframework.boot.StartupInfoLogger [restartedMain] Starting CruddemoApplication on NOTB990 with PID 19992 (C:\Users\antoine.khoury\Documents\eclipse work space\scai-project\target\classes started by Antoine.Khoury in C:\Users\antoine.khoury\Documents\eclipse work space\scai-project)
2021-02-12 09:57:18,040 DEBUG org.springframework.boot.StartupInfoLogger [restartedMain] Running with Spring Boot v2.3.3.RELEASE, Spring v5.2.8.RELEASE
2021-02-12 09:57:18,041 INFO org.springframework.boot.SpringApplication [restartedMain] No active profile set, falling back to default profiles: default
2021-02-12 09:57:42,035 INFO org.springframework.boot.StartupInfoLogger [restartedMain] Started CruddemoApplication in 24.893 seconds (JVM running for 26.73)
2021-02-12 09:57:52,849 ERROR com.luv2code.springboot.cruddemo.rest.GlobalExceptionHandler [http-nio-8080-exec-1] could not extract ResultSet; SQL [n/a]; nested exception is org.hibernate.exception.SQLGrammarException: could not extract ResultSet
2021-02-12 09:57:52,907 ERROR com.luv2code.springboot.cruddemo.rest.GlobalExceptionHandler [http-nio-8080-exec-9] could not extract ResultSet; SQL [n/a]; nested exception is org.hibernate.exception.SQLGrammarException: could not extract ResultSet
2021-02-12 10:02:36,280 INFO org.springframework.boot.StartupInfoLogger [restartedMain] Starting CruddemoApplication on NOTB990 with PID 19992 (C:\Users\antoine.khoury\Documents\eclipse work space\scai-project\target\classes started by Antoine.Khoury in C:\Users\antoine.khoury\Documents\eclipse work space\scai-project)
2021-02-12 10:02:36,281 DEBUG org.springframework.boot.StartupInfoLogger [restartedMain] Running with Spring Boot v2.3.3.RELEASE, Spring v5.2.8.RELEASE
2021-02-12 10:02:36,282 INFO org.springframework.boot.SpringApplication [restartedMain] No active profile set, falling back to default profiles: default
2021-02-12 10:02:46,701 INFO org.springframework.boot.StartupInfoLogger [restartedMain] Starting CruddemoApplication on NOTB990 with PID 19992 (C:\Users\antoine.khoury\Documents\eclipse work space\scai-project\target\classes started by Antoine.Khoury in C:\Users\antoine.khoury\Documents\eclipse work space\scai-project)
2021-02-12 10:02:46,707 DEBUG org.springframework.boot.StartupInfoLogger [restartedMain] Running with Spring Boot v2.3.3.RELEASE, Spring v5.2.8.RELEASE
2021-02-12 10:02:46,707 INFO org.springframework.boot.SpringApplication [restartedMain] No active profile set, falling back to default profiles: default
2021-02-12 10:02:57,319 INFO org.springframework.boot.StartupInfoLogger [restartedMain] Started CruddemoApplication in 10.799 seconds (JVM running for 342.013)
2021-02-12 10:08:26,322 INFO org.springframework.boot.StartupInfoLogger [restartedMain] Starting CruddemoApplication on NOTB990 with PID 19992 (C:\Users\antoine.khoury\Documents\eclipse work space\scai-project\target\classes started by Antoine.Khoury in C:\Users\antoine.khoury\Documents\eclipse work space\scai-project)
2021-02-12 10:08:26,329 DEBUG org.springframework.boot.StartupInfoLogger [restartedMain] Running with Spring Boot v2.3.3.RELEASE, Spring v5.2.8.RELEASE
2021-02-12 10:08:26,332 INFO org.springframework.boot.SpringApplication [restartedMain] No active profile set, falling back to default profiles: default
2021-02-12 10:08:37,436 INFO org.springframework.boot.StartupInfoLogger [restartedMain] Started CruddemoApplication in 11.319 seconds (JVM running for 682.129)
2021-02-12 10:16:27,043 ERROR com.luv2code.springboot.cruddemo.rest.GlobalExceptionHandler [http-nio-8080-exec-3] invalid credentials
2021-02-12 10:17:57,068 ERROR com.luv2code.springboot.cruddemo.rest.GlobalExceptionHandler [http-nio-8080-exec-8] invalid credentials
2021-02-12 10:20:06,056 ERROR com.luv2code.springboot.cruddemo.rest.GlobalExceptionHandler [http-nio-8080-exec-6] invalid credentials
2021-02-12 11:32:43,095 INFO org.springframework.boot.StartupInfoLogger [restartedMain] Starting CruddemoApplication on NOTB990 with PID 19992 (C:\Users\antoine.khoury\Documents\eclipse work space\scai-project\target\classes started by Antoine.Khoury in C:\Users\antoine.khoury\Documents\eclipse work space\scai-project)
2021-02-12 11:32:43,095 DEBUG org.springframework.boot.StartupInfoLogger [restartedMain] Running with Spring Boot v2.3.3.RELEASE, Spring v5.2.8.RELEASE
2021-02-12 11:32:43,095 INFO org.springframework.boot.SpringApplication [restartedMain] No active profile set, falling back to default profiles: default
2021-02-12 11:35:40,034 INFO org.springframework.boot.StartupInfoLogger [restartedMain] Starting CruddemoApplication on NOTB990 with PID 19992 (C:\Users\antoine.khoury\Documents\eclipse work space\scai-project\target\classes started by Antoine.Khoury in C:\Users\antoine.khoury\Documents\eclipse work space\scai-project)
2021-02-12 11:35:40,035 DEBUG org.springframework.boot.StartupInfoLogger [restartedMain] Running with Spring Boot v2.3.3.RELEASE, Spring v5.2.8.RELEASE
2021-02-12 11:35:40,035 INFO org.springframework.boot.SpringApplication [restartedMain] No active profile set, falling back to default profiles: default
2021-02-12 11:35:43,415 INFO org.springframework.boot.StartupInfoLogger [restartedMain] Started CruddemoApplication in 3.42 seconds (JVM running for 5908.108)
2021-02-12 11:36:03,352 ERROR com.luv2code.springboot.cruddemo.rest.GlobalExceptionHandler [http-nio-8080-exec-1] could not extract ResultSet; SQL [n/a]; nested exception is org.hibernate.exception.SQLGrammarException: could not extract ResultSet
2021-02-12 11:36:03,423 ERROR com.luv2code.springboot.cruddemo.rest.GlobalExceptionHandler [http-nio-8080-exec-3] could not extract ResultSet; SQL [n/a]; nested exception is org.hibernate.exception.SQLGrammarException: could not extract ResultSet
2021-02-12 11:36:23,222 ERROR com.luv2code.springboot.cruddemo.rest.GlobalExceptionHandler [http-nio-8080-exec-2] Could not write JSON: could not extract ResultSet; nested exception is com.fasterxml.jackson.databind.JsonMappingException: could not extract ResultSet (through reference chain: com.luv2code.springboot.cruddemo.entity.Account["page"]->org.hibernate.collection.internal.PersistentBag[0]->com.luv2code.springboot.cruddemo.entity.Page["posts"])
2021-02-12 11:36:36,201 ERROR com.luv2code.springboot.cruddemo.rest.GlobalExceptionHandler [http-nio-8080-exec-10] Could not write JSON: could not extract ResultSet; nested exception is com.fasterxml.jackson.databind.JsonMappingException: could not extract ResultSet (through reference chain: com.luv2code.springboot.cruddemo.entity.Account["page"]->org.hibernate.collection.internal.PersistentBag[0]->com.luv2code.springboot.cruddemo.entity.Page["posts"])
2021-02-12 11:37:10,938 ERROR com.luv2code.springboot.cruddemo.rest.GlobalExceptionHandler [http-nio-8080-exec-4] could not extract ResultSet; SQL [n/a]; nested exception is org.hibernate.exception.SQLGrammarException: could not extract ResultSet
2021-02-12 11:37:10,953 ERROR com.luv2code.springboot.cruddemo.rest.GlobalExceptionHandler [http-nio-8080-exec-7] could not extract ResultSet; SQL [n/a]; nested exception is org.hibernate.exception.SQLGrammarException: could not extract ResultSet
2021-02-12 11:37:26,494 ERROR com.luv2code.springboot.cruddemo.rest.GlobalExceptionHandler [http-nio-8080-exec-1] Could not write JSON: could not extract ResultSet; nested exception is com.fasterxml.jackson.databind.JsonMappingException: could not extract ResultSet (through reference chain: com.luv2code.springboot.cruddemo.entity.Account["page"]->org.hibernate.collection.internal.PersistentBag[0]->com.luv2code.springboot.cruddemo.entity.Page["posts"])
2021-02-12 11:39:08,127 INFO org.springframework.boot.StartupInfoLogger [restartedMain] Starting CruddemoApplication on NOTB990 with PID 19992 (C:\Users\antoine.khoury\Documents\eclipse work space\scai-project\target\classes started by Antoine.Khoury in C:\Users\antoine.khoury\Documents\eclipse work space\scai-project)
2021-02-12 11:39:08,128 DEBUG org.springframework.boot.StartupInfoLogger [restartedMain] Running with Spring Boot v2.3.3.RELEASE, Spring v5.2.8.RELEASE
2021-02-12 11:39:08,128 INFO org.springframework.boot.SpringApplication [restartedMain] No active profile set, falling back to default profiles: default
2021-02-12 11:39:11,106 INFO org.springframework.boot.StartupInfoLogger [restartedMain] Started CruddemoApplication in 3.03 seconds (JVM running for 6115.799)
2021-02-12 11:40:25,767 INFO org.springframework.boot.StartupInfoLogger [restartedMain] Starting CruddemoApplication on NOTB990 with PID 19992 (C:\Users\antoine.khoury\Documents\eclipse work space\scai-project\target\classes started by Antoine.Khoury in C:\Users\antoine.khoury\Documents\eclipse work space\scai-project)
2021-02-12 11:40:25,767 DEBUG org.springframework.boot.StartupInfoLogger [restartedMain] Running with Spring Boot v2.3.3.RELEASE, Spring v5.2.8.RELEASE
2021-02-12 11:40:25,768 INFO org.springframework.boot.SpringApplication [restartedMain] No active profile set, falling back to default profiles: default
2021-02-12 11:40:28,143 INFO org.springframework.boot.StartupInfoLogger [restartedMain] Started CruddemoApplication in 2.423 seconds (JVM running for 6192.836)
2021-02-12 11:40:32,523 ERROR com.luv2code.springboot.cruddemo.rest.GlobalExceptionHandler [http-nio-8080-exec-6] could not extract ResultSet; SQL [n/a]; nested exception is org.hibernate.exception.SQLGrammarException: could not extract ResultSet
2021-02-12 11:40:32,532 ERROR com.luv2code.springboot.cruddemo.rest.GlobalExceptionHandler [http-nio-8080-exec-9] could not extract ResultSet; SQL [n/a]; nested exception is org.hibernate.exception.SQLGrammarException: could not extract ResultSet
2021-02-12 11:43:20,380 INFO org.springframework.boot.StartupInfoLogger [restartedMain] Starting CruddemoApplication on NOTB990 with PID 19992 (C:\Users\antoine.khoury\Documents\eclipse work space\scai-project\target\classes started by Antoine.Khoury in C:\Users\antoine.khoury\Documents\eclipse work space\scai-project)
2021-02-12 11:43:20,380 DEBUG org.springframework.boot.StartupInfoLogger [restartedMain] Running with Spring Boot v2.3.3.RELEASE, Spring v5.2.8.RELEASE
2021-02-12 11:43:20,381 INFO org.springframework.boot.SpringApplication [restartedMain] No active profile set, falling back to default profiles: default
2021-02-12 11:46:32,444 INFO org.springframework.boot.StartupInfoLogger [restartedMain] Starting CruddemoApplication on NOTB990 with PID 19992 (C:\Users\antoine.khoury\Documents\eclipse work space\scai-project\target\classes started by Antoine.Khoury in C:\Users\antoine.khoury\Documents\eclipse work space\scai-project)
2021-02-12 11:46:32,445 DEBUG org.springframework.boot.StartupInfoLogger [restartedMain] Running with Spring Boot v2.3.3.RELEASE, Spring v5.2.8.RELEASE
2021-02-12 11:46:32,445 INFO org.springframework.boot.SpringApplication [restartedMain] No active profile set, falling back to default profiles: default
2021-02-12 11:48:14,569 INFO org.springframework.boot.StartupInfoLogger [restartedMain] Starting CruddemoApplication on NOTB990 with PID 19992 (C:\Users\antoine.khoury\Documents\eclipse work space\scai-project\target\classes started by Antoine.Khoury in C:\Users\antoine.khoury\Documents\eclipse work space\scai-project)
2021-02-12 11:48:14,569 DEBUG org.springframework.boot.StartupInfoLogger [restartedMain] Running with Spring Boot v2.3.3.RELEASE, Spring v5.2.8.RELEASE
2021-02-12 11:48:14,570 INFO org.springframework.boot.SpringApplication [restartedMain] No active profile set, falling back to default profiles: default
2021-02-12 11:48:32,715 INFO org.springframework.boot.StartupInfoLogger [restartedMain] Starting CruddemoApplication on NOTB990 with PID 20928 (C:\Users\antoine.khoury\Documents\eclipse work space\scai-project\target\classes started by Antoine.Khoury in C:\Users\antoine.khoury\Documents\eclipse work space\scai-project)
2021-02-12 11:48:32,721 DEBUG org.springframework.boot.StartupInfoLogger [restartedMain] Running with Spring Boot v2.3.3.RELEASE, Spring v5.2.8.RELEASE
2021-02-12 11:48:32,722 INFO org.springframework.boot.SpringApplication [restartedMain] No active profile set, falling back to default profiles: default
2021-02-12 11:57:44,945 INFO org.springframework.boot.StartupInfoLogger [restartedMain] Starting CruddemoApplication on NOTB990 with PID 6360 (C:\Users\antoine.khoury\Documents\eclipse work space\scai-project\target\classes started by Antoine.Khoury in C:\Users\antoine.khoury\Documents\eclipse work space\scai-project)
2021-02-12 11:57:44,950 DEBUG org.springframework.boot.StartupInfoLogger [restartedMain] Running with Spring Boot v2.3.3.RELEASE, Spring v5.2.8.RELEASE
2021-02-12 11:57:44,951 INFO org.springframework.boot.SpringApplication [restartedMain] No active profile set, falling back to default profiles: default
2021-02-12 12:08:49,715 INFO org.springframework.boot.StartupInfoLogger [restartedMain] Starting CruddemoApplication on NOTB990 with PID 2476 (C:\Users\antoine.khoury\Documents\eclipse work space\scai-project\target\classes started by Antoine.Khoury in C:\Users\antoine.khoury\Documents\eclipse work space\scai-project)
2021-02-12 12:08:49,723 DEBUG org.springframework.boot.StartupInfoLogger [restartedMain] Running with Spring Boot v2.3.3.RELEASE, Spring v5.2.8.RELEASE
2021-02-12 12:08:49,724 INFO org.springframework.boot.SpringApplication [restartedMain] No active profile set, falling back to default profiles: default
2021-02-12 12:12:03,509 INFO org.springframework.boot.StartupInfoLogger [restartedMain] Starting CruddemoApplication on NOTB990 with PID 18668 (C:\Users\antoine.khoury\Documents\eclipse work space\scai-project\target\classes started by Antoine.Khoury in C:\Users\antoine.khoury\Documents\eclipse work space\scai-project)
2021-02-12 12:12:03,514 DEBUG org.springframework.boot.StartupInfoLogger [restartedMain] Running with Spring Boot v2.3.3.RELEASE, Spring v5.2.8.RELEASE
2021-02-12 12:12:03,515 INFO org.springframework.boot.SpringApplication [restartedMain] No active profile set, falling back to default profiles: default
2021-02-12 12:14:34,774 INFO org.springframework.boot.StartupInfoLogger [restartedMain] Starting CruddemoApplication on NOTB990 with PID 16180 (C:\Users\antoine.khoury\Documents\eclipse work space\scai-project\target\classes started by Antoine.Khoury in C:\Users\antoine.khoury\Documents\eclipse work space\scai-project)
2021-02-12 12:14:34,779 DEBUG org.springframework.boot.StartupInfoLogger [restartedMain] Running with Spring Boot v2.3.3.RELEASE, Spring v5.2.8.RELEASE
2021-02-12 12:14:34,780 INFO org.springframework.boot.SpringApplication [restartedMain] No active profile set, falling back to default profiles: default
2021-02-12 12:14:45,454 INFO org.springframework.boot.StartupInfoLogger [restartedMain] Started CruddemoApplication in 11.274 seconds (JVM running for 12.17)
2021-02-12 12:15:03,439 ERROR com.luv2code.springboot.cruddemo.rest.GlobalExceptionHandler [http-nio-8080-exec-1] Required UploadPost parameter 'post' is not present
2021-02-12 12:18:42,103 INFO org.springframework.boot.StartupInfoLogger [restartedMain] Starting CruddemoApplication on NOTB990 with PID 16180 (C:\Users\antoine.khoury\Documents\eclipse work space\scai-project\target\classes started by Antoine.Khoury in C:\Users\antoine.khoury\Documents\eclipse work space\scai-project)
2021-02-12 12:18:42,104 DEBUG org.springframework.boot.StartupInfoLogger [restartedMain] Running with Spring Boot v2.3.3.RELEASE, Spring v5.2.8.RELEASE
2021-02-12 12:18:42,105 INFO org.springframework.boot.SpringApplication [restartedMain] No active profile set, falling back to default profiles: default
2021-02-12 12:18:45,540 INFO org.springframework.boot.StartupInfoLogger [restartedMain] Started CruddemoApplication in 3.524 seconds (JVM running for 252.256)
2021-02-12 12:19:32,544 INFO org.springframework.boot.StartupInfoLogger [restartedMain] Starting CruddemoApplication on NOTB990 with PID 16180 (C:\Users\antoine.khoury\Documents\eclipse work space\scai-project\target\classes started by Antoine.Khoury in C:\Users\antoine.khoury\Documents\eclipse work space\scai-project)
2021-02-12 12:19:32,545 DEBUG org.springframework.boot.StartupInfoLogger [restartedMain] Running with Spring Boot v2.3.3.RELEASE, Spring v5.2.8.RELEASE
2021-02-12 12:19:32,545 INFO org.springframework.boot.SpringApplication [restartedMain] No active profile set, falling back to default profiles: default
2021-02-12 12:19:35,878 INFO org.springframework.boot.StartupInfoLogger [restartedMain] Started CruddemoApplication in 3.395 seconds (JVM running for 302.595)
2021-02-12 12:21:44,096 INFO org.springframework.boot.StartupInfoLogger [restartedMain] Starting CruddemoApplication on NOTB990 with PID 16180 (C:\Users\antoine.khoury\Documents\eclipse work space\scai-project\target\classes started by Antoine.Khoury in C:\Users\antoine.khoury\Documents\eclipse work space\scai-project)
2021-02-12 12:21:44,097 DEBUG org.springframework.boot.StartupInfoLogger [restartedMain] Running with Spring Boot v2.3.3.RELEASE, Spring v5.2.8.RELEASE
2021-02-12 12:21:44,097 INFO org.springframework.boot.SpringApplication [restartedMain] No active profile set, falling back to default profiles: default
2021-02-12 12:21:47,837 INFO org.springframework.boot.StartupInfoLogger [restartedMain] Started CruddemoApplication in 3.82 seconds (JVM running for 434.566)
2021-02-12 12:30:50,416 INFO org.springframework.boot.StartupInfoLogger [restartedMain] Starting CruddemoApplication on NOTB990 with PID 8388 (C:\Users\antoine.khoury\Documents\eclipse work space\scai-project\target\classes started by Antoine.Khoury in C:\Users\antoine.khoury\Documents\eclipse work space\scai-project)
2021-02-12 12:30:50,422 DEBUG org.springframework.boot.StartupInfoLogger [restartedMain] Running with Spring Boot v2.3.3.RELEASE, Spring v5.2.8.RELEASE
2021-02-12 12:30:50,423 INFO org.springframework.boot.SpringApplication [restartedMain] No active profile set, falling back to default profiles: default
2021-02-12 12:34:03,404 INFO org.springframework.boot.StartupInfoLogger [restartedMain] Starting CruddemoApplication on NOTB990 with PID 13748 (C:\Users\antoine.khoury\Documents\eclipse work space\scai-project\target\classes started by Antoine.Khoury in C:\Users\antoine.khoury\Documents\eclipse work space\scai-project)
2021-02-12 12:34:03,409 DEBUG org.springframework.boot.StartupInfoLogger [restartedMain] Running with Spring Boot v2.3.3.RELEASE, Spring v5.2.8.RELEASE
2021-02-12 12:34:03,410 INFO org.springframework.boot.SpringApplication [restartedMain] No active profile set, falling back to default profiles: default
2021-02-12 12:34:15,706 INFO org.springframework.boot.StartupInfoLogger [restartedMain] Started CruddemoApplication in 12.895 seconds (JVM running for 13.801)
2021-02-12 12:36:20,318 ERROR com.luv2code.springboot.cruddemo.rest.GlobalExceptionHandler [http-nio-8080-exec-6] JWT expired at 2021-02-12T12:36:03Z. Current time: 2021-02-12T12:36:20Z, a difference of 17318 milliseconds.  Allowed clock skew: 0 milliseconds.
2021-02-12 12:36:20,318 ERROR com.luv2code.springboot.cruddemo.rest.GlobalExceptionHandler [http-nio-8080-exec-5] JWT expired at 2021-02-12T12:36:03Z. Current time: 2021-02-12T12:36:20Z, a difference of 17316 milliseconds.  Allowed clock skew: 0 milliseconds.
2021-02-12 13:01:13,387 INFO org.springframework.boot.StartupInfoLogger [restartedMain] Starting CruddemoApplication on NOTB990 with PID 13748 (C:\Users\antoine.khoury\Documents\eclipse work space\scai-project\target\classes started by Antoine.Khoury in C:\Users\antoine.khoury\Documents\eclipse work space\scai-project)
2021-02-12 13:01:13,388 DEBUG org.springframework.boot.StartupInfoLogger [restartedMain] Running with Spring Boot v2.3.3.RELEASE, Spring v5.2.8.RELEASE
2021-02-12 13:01:13,388 INFO org.springframework.boot.SpringApplication [restartedMain] No active profile set, falling back to default profiles: default
2021-02-12 13:01:59,116 INFO org.springframework.boot.StartupInfoLogger [restartedMain] Starting CruddemoApplication on NOTB990 with PID 13748 (C:\Users\antoine.khoury\Documents\eclipse work space\scai-project\target\classes started by Antoine.Khoury in C:\Users\antoine.khoury\Documents\eclipse work space\scai-project)
2021-02-12 13:01:59,118 DEBUG org.springframework.boot.StartupInfoLogger [restartedMain] Running with Spring Boot v2.3.3.RELEASE, Spring v5.2.8.RELEASE
2021-02-12 13:01:59,118 INFO org.springframework.boot.SpringApplication [restartedMain] No active profile set, falling back to default profiles: default
2021-02-12 13:02:09,132 INFO org.springframework.boot.StartupInfoLogger [restartedMain] Starting CruddemoApplication on NOTB990 with PID 5104 (C:\Users\antoine.khoury\Documents\eclipse work space\scai-project\target\classes started by Antoine.Khoury in C:\Users\antoine.khoury\Documents\eclipse work space\scai-project)
2021-02-12 13:02:09,137 DEBUG org.springframework.boot.StartupInfoLogger [restartedMain] Running with Spring Boot v2.3.3.RELEASE, Spring v5.2.8.RELEASE
2021-02-12 13:02:09,138 INFO org.springframework.boot.SpringApplication [restartedMain] No active profile set, falling back to default profiles: default
2021-02-12 13:03:42,989 INFO org.springframework.boot.StartupInfoLogger [restartedMain] Starting CruddemoApplication on NOTB990 with PID 19932 (C:\Users\antoine.khoury\Documents\eclipse work space\scai-project\target\classes started by Antoine.Khoury in C:\Users\antoine.khoury\Documents\eclipse work space\scai-project)
2021-02-12 13:03:42,994 DEBUG org.springframework.boot.StartupInfoLogger [restartedMain] Running with Spring Boot v2.3.3.RELEASE, Spring v5.2.8.RELEASE
2021-02-12 13:03:42,995 INFO org.springframework.boot.SpringApplication [restartedMain] No active profile set, falling back to default profiles: default
2021-02-12 13:03:52,911 INFO org.springframework.boot.StartupInfoLogger [restartedMain] Started CruddemoApplication in 10.527 seconds (JVM running for 11.472)
2021-02-12 14:04:40,951 ERROR com.luv2code.springboot.cruddemo.rest.GlobalExceptionHandler [http-nio-8080-exec-8] JWT expired at 2021-02-12T14:04:13Z. Current time: 2021-02-12T14:04:40Z, a difference of 27947 milliseconds.  Allowed clock skew: 0 milliseconds.
2021-02-12 14:04:40,951 ERROR com.luv2code.springboot.cruddemo.rest.GlobalExceptionHandler [http-nio-8080-exec-6] JWT expired at 2021-02-12T14:04:13Z. Current time: 2021-02-12T14:04:40Z, a difference of 27947 milliseconds.  Allowed clock skew: 0 milliseconds.
2021-02-12 14:07:30,846 INFO org.springframework.boot.StartupInfoLogger [restartedMain] Starting CruddemoApplication on NOTB990 with PID 19932 (C:\Users\antoine.khoury\Documents\eclipse work space\scai-project\target\classes started by Antoine.Khoury in C:\Users\antoine.khoury\Documents\eclipse work space\scai-project)
2021-02-12 14:07:30,862 DEBUG org.springframework.boot.StartupInfoLogger [restartedMain] Running with Spring Boot v2.3.3.RELEASE, Spring v5.2.8.RELEASE
2021-02-12 14:07:30,862 INFO org.springframework.boot.SpringApplication [restartedMain] No active profile set, falling back to default profiles: default
2021-02-12 14:07:34,499 INFO org.springframework.boot.StartupInfoLogger [restartedMain] Started CruddemoApplication in 3.716 seconds (JVM running for 3833.07)
2021-02-12 14:13:32,828 INFO org.springframework.boot.StartupInfoLogger [restartedMain] Starting CruddemoApplication on NOTB990 with PID 19932 (C:\Users\antoine.khoury\Documents\eclipse work space\scai-project\target\classes started by Antoine.Khoury in C:\Users\antoine.khoury\Documents\eclipse work space\scai-project)
2021-02-12 14:13:32,829 DEBUG org.springframework.boot.StartupInfoLogger [restartedMain] Running with Spring Boot v2.3.3.RELEASE, Spring v5.2.8.RELEASE
2021-02-12 14:13:32,830 INFO org.springframework.boot.SpringApplication [restartedMain] No active profile set, falling back to default profiles: default
2021-02-12 14:14:55,686 INFO org.springframework.boot.StartupInfoLogger [restartedMain] Starting CruddemoApplication on NOTB990 with PID 19932 (C:\Users\antoine.khoury\Documents\eclipse work space\scai-project\target\classes started by Antoine.Khoury in C:\Users\antoine.khoury\Documents\eclipse work space\scai-project)
2021-02-12 14:14:55,699 DEBUG org.springframework.boot.StartupInfoLogger [restartedMain] Running with Spring Boot v2.3.3.RELEASE, Spring v5.2.8.RELEASE
2021-02-12 14:14:55,700 INFO org.springframework.boot.SpringApplication [restartedMain] No active profile set, falling back to default profiles: default
2021-02-12 14:15:02,548 INFO org.springframework.boot.StartupInfoLogger [restartedMain] Starting CruddemoApplication on NOTB990 with PID 19932 (C:\Users\antoine.khoury\Documents\eclipse work space\scai-project\target\classes started by Antoine.Khoury in C:\Users\antoine.khoury\Documents\eclipse work space\scai-project)
2021-02-12 14:15:02,549 DEBUG org.springframework.boot.StartupInfoLogger [restartedMain] Running with Spring Boot v2.3.3.RELEASE, Spring v5.2.8.RELEASE
2021-02-12 14:15:02,550 INFO org.springframework.boot.SpringApplication [restartedMain] No active profile set, falling back to default profiles: default
2021-02-12 14:47:22,960 INFO org.springframework.boot.StartupInfoLogger [restartedMain] Starting CruddemoApplication on NOTB990 with PID 19932 (C:\Users\antoine.khoury\Documents\eclipse work space\scai-project\target\classes started by Antoine.Khoury in C:\Users\antoine.khoury\Documents\eclipse work space\scai-project)
2021-02-12 14:47:22,961 DEBUG org.springframework.boot.StartupInfoLogger [restartedMain] Running with Spring Boot v2.3.3.RELEASE, Spring v5.2.8.RELEASE
2021-02-12 14:47:22,961 INFO org.springframework.boot.SpringApplication [restartedMain] No active profile set, falling back to default profiles: default
2021-02-12 14:47:42,983 INFO org.springframework.boot.StartupInfoLogger [restartedMain] Starting CruddemoApplication on NOTB990 with PID 19932 (C:\Users\antoine.khoury\Documents\eclipse work space\scai-project\target\classes started by Antoine.Khoury in C:\Users\antoine.khoury\Documents\eclipse work space\scai-project)
2021-02-12 14:47:42,983 DEBUG org.springframework.boot.StartupInfoLogger [restartedMain] Running with Spring Boot v2.3.3.RELEASE, Spring v5.2.8.RELEASE
2021-02-12 14:47:42,985 INFO org.springframework.boot.SpringApplication [restartedMain] No active profile set, falling back to default profiles: default
2021-02-12 14:47:46,803 INFO org.springframework.boot.StartupInfoLogger [restartedMain] Starting CruddemoApplication on NOTB990 with PID 19932 (C:\Users\antoine.khoury\Documents\eclipse work space\scai-project\target\classes started by Antoine.Khoury in C:\Users\antoine.khoury\Documents\eclipse work space\scai-project)
2021-02-12 14:47:46,804 DEBUG org.springframework.boot.StartupInfoLogger [restartedMain] Running with Spring Boot v2.3.3.RELEASE, Spring v5.2.8.RELEASE
2021-02-12 14:47:46,804 INFO org.springframework.boot.SpringApplication [restartedMain] No active profile set, falling back to default profiles: default
2021-02-12 14:47:51,738 INFO org.springframework.boot.StartupInfoLogger [restartedMain] Started CruddemoApplication in 5.001 seconds (JVM running for 6250.308)
2021-02-12 14:55:22,083 ERROR com.luv2code.springboot.cruddemo.rest.PostLikesRestController [http-nio-8080-exec-10] cannot like a post of a user that is not ur friend
2021-02-12 14:55:27,379 ERROR com.luv2code.springboot.cruddemo.rest.PostLikesRestController [http-nio-8080-exec-8] cannot like a post of a user that is not ur friend
2021-02-12 14:55:35,944 ERROR com.luv2code.springboot.cruddemo.rest.PostLikesRestController [http-nio-8080-exec-5] cannot like a post of a user that is not ur friend
2021-02-12 14:55:37,186 ERROR com.luv2code.springboot.cruddemo.rest.PostLikesRestController [http-nio-8080-exec-3] cannot like a post of a user that is not ur friend
2021-02-12 14:55:48,409 ERROR com.luv2code.springboot.cruddemo.rest.PostLikesRestController [http-nio-8080-exec-4] cannot like a post of a user that is not ur friend
2021-02-12 14:55:49,652 ERROR com.luv2code.springboot.cruddemo.rest.PostLikesRestController [http-nio-8080-exec-10] cannot like a post of a user that is not ur friend
2021-02-12 15:06:37,304 ERROR com.luv2code.springboot.cruddemo.rest.GlobalExceptionHandler [http-nio-8080-exec-2] JWT expired at 2021-02-12T15:06:36Z. Current time: 2021-02-12T15:06:37Z, a difference of 1303 milliseconds.  Allowed clock skew: 0 milliseconds.
2021-02-12 15:06:37,306 ERROR com.luv2code.springboot.cruddemo.rest.GlobalExceptionHandler [http-nio-8080-exec-3] JWT expired at 2021-02-12T15:06:36Z. Current time: 2021-02-12T15:06:37Z, a difference of 1305 milliseconds.  Allowed clock skew: 0 milliseconds.
2021-02-12 15:14:08,181 INFO org.springframework.boot.StartupInfoLogger [restartedMain] Starting CruddemoApplication on NOTB990 with PID 19932 (C:\Users\antoine.khoury\Documents\eclipse work space\scai-project\target\classes started by Antoine.Khoury in C:\Users\antoine.khoury\Documents\eclipse work space\scai-project)
2021-02-12 15:14:08,182 DEBUG org.springframework.boot.StartupInfoLogger [restartedMain] Running with Spring Boot v2.3.3.RELEASE, Spring v5.2.8.RELEASE
2021-02-12 15:14:08,183 INFO org.springframework.boot.SpringApplication [restartedMain] No active profile set, falling back to default profiles: default
2021-02-12 15:14:23,521 INFO org.springframework.boot.StartupInfoLogger [restartedMain] Starting CruddemoApplication on NOTB990 with PID 25328 (C:\Users\antoine.khoury\Documents\eclipse work space\scai-project\target\classes started by Antoine.Khoury in C:\Users\antoine.khoury\Documents\eclipse work space\scai-project)
2021-02-12 15:14:23,531 DEBUG org.springframework.boot.StartupInfoLogger [restartedMain] Running with Spring Boot v2.3.3.RELEASE, Spring v5.2.8.RELEASE
2021-02-12 15:14:23,532 INFO org.springframework.boot.SpringApplication [restartedMain] No active profile set, falling back to default profiles: default
2021-02-12 15:14:36,208 INFO org.springframework.boot.StartupInfoLogger [restartedMain] Started CruddemoApplication in 13.441 seconds (JVM running for 15.137)
2021-02-12 15:48:37,062 INFO org.springframework.boot.StartupInfoLogger [restartedMain] Starting CruddemoApplication on NOTB990 with PID 25328 (C:\Users\antoine.khoury\Documents\eclipse work space\scai-project\target\classes started by Antoine.Khoury in C:\Users\antoine.khoury\Documents\eclipse work space\scai-project)
2021-02-12 15:48:37,064 DEBUG org.springframework.boot.StartupInfoLogger [restartedMain] Running with Spring Boot v2.3.3.RELEASE, Spring v5.2.8.RELEASE
2021-02-12 15:48:37,064 INFO org.springframework.boot.SpringApplication [restartedMain] No active profile set, falling back to default profiles: default
2021-02-12 15:58:41,288 INFO org.springframework.boot.StartupInfoLogger [restartedMain] Starting CruddemoApplication on NOTB990 with PID 9820 (C:\Users\antoine.khoury\Documents\eclipse work space\scai-project\target\classes started by Antoine.Khoury in C:\Users\antoine.khoury\Documents\eclipse work space\scai-project)
2021-02-12 15:58:41,293 DEBUG org.springframework.boot.StartupInfoLogger [restartedMain] Running with Spring Boot v2.3.3.RELEASE, Spring v5.2.8.RELEASE
2021-02-12 15:58:41,294 INFO org.springframework.boot.SpringApplication [restartedMain] No active profile set, falling back to default profiles: default
2021-02-12 15:58:50,732 INFO org.springframework.boot.StartupInfoLogger [restartedMain] Started CruddemoApplication in 10.049 seconds (JVM running for 10.881)
2021-02-12 15:59:03,602 ERROR com.luv2code.springboot.cruddemo.rest.GlobalExceptionHandler [http-nio-8080-exec-1] invalid credentials
2021-02-12 16:08:06,720 INFO org.springframework.boot.StartupInfoLogger [restartedMain] Starting CruddemoApplication on NOTB990 with PID 9820 (C:\Users\antoine.khoury\Documents\eclipse work space\scai-project\target\classes started by Antoine.Khoury in C:\Users\antoine.khoury\Documents\eclipse work space\scai-project)
2021-02-12 16:08:06,722 DEBUG org.springframework.boot.StartupInfoLogger [restartedMain] Running with Spring Boot v2.3.3.RELEASE, Spring v5.2.8.RELEASE
2021-02-12 16:08:06,723 INFO org.springframework.boot.SpringApplication [restartedMain] No active profile set, falling back to default profiles: default
2021-02-12 16:08:09,111 INFO org.springframework.boot.StartupInfoLogger [restartedMain] Starting CruddemoApplication on NOTB990 with PID 9820 (C:\Users\antoine.khoury\Documents\eclipse work space\scai-project\target\classes started by Antoine.Khoury in C:\Users\antoine.khoury\Documents\eclipse work space\scai-project)
2021-02-12 16:08:09,112 DEBUG org.springframework.boot.StartupInfoLogger [restartedMain] Running with Spring Boot v2.3.3.RELEASE, Spring v5.2.8.RELEASE
2021-02-12 16:08:09,113 INFO org.springframework.boot.SpringApplication [restartedMain] No active profile set, falling back to default profiles: default
2021-02-12 16:08:13,711 INFO org.springframework.boot.StartupInfoLogger [restartedMain] Started CruddemoApplication in 4.812 seconds (JVM running for 573.861)
2021-02-12 16:10:24,853 INFO org.springframework.boot.StartupInfoLogger [restartedMain] Starting CruddemoApplication on NOTB990 with PID 9820 (C:\Users\antoine.khoury\Documents\eclipse work space\scai-project\target\classes started by Antoine.Khoury in C:\Users\antoine.khoury\Documents\eclipse work space\scai-project)
2021-02-12 16:10:24,853 DEBUG org.springframework.boot.StartupInfoLogger [restartedMain] Running with Spring Boot v2.3.3.RELEASE, Spring v5.2.8.RELEASE
2021-02-12 16:10:24,854 INFO org.springframework.boot.SpringApplication [restartedMain] No active profile set, falling back to default profiles: default
2021-02-12 16:10:27,008 INFO org.springframework.boot.StartupInfoLogger [restartedMain] Starting CruddemoApplication on NOTB990 with PID 9820 (C:\Users\antoine.khoury\Documents\eclipse work space\scai-project\target\classes started by Antoine.Khoury in C:\Users\antoine.khoury\Documents\eclipse work space\scai-project)
2021-02-12 16:10:27,008 DEBUG org.springframework.boot.StartupInfoLogger [restartedMain] Running with Spring Boot v2.3.3.RELEASE, Spring v5.2.8.RELEASE
2021-02-12 16:10:27,009 INFO org.springframework.boot.SpringApplication [restartedMain] No active profile set, falling back to default profiles: default
2021-02-12 16:10:30,576 INFO org.springframework.boot.StartupInfoLogger [restartedMain] Started CruddemoApplication in 3.628 seconds (JVM running for 710.726)
2021-02-12 16:10:43,167 ERROR com.luv2code.springboot.cruddemo.rest.GlobalExceptionHandler [http-nio-8080-exec-8] Handler dispatch failed; nested exception is java.lang.NoClassDefFoundError: login/LoginHandler
2021-02-12 16:11:16,910 INFO org.springframework.boot.StartupInfoLogger [restartedMain] Starting CruddemoApplication on NOTB990 with PID 9820 (C:\Users\antoine.khoury\Documents\eclipse work space\scai-project\target\classes started by Antoine.Khoury in C:\Users\antoine.khoury\Documents\eclipse work space\scai-project)
2021-02-12 16:11:16,910 DEBUG org.springframework.boot.StartupInfoLogger [restartedMain] Running with Spring Boot v2.3.3.RELEASE, Spring v5.2.8.RELEASE
2021-02-12 16:11:16,911 INFO org.springframework.boot.SpringApplication [restartedMain] No active profile set, falling back to default profiles: default
2021-02-12 16:11:20,155 INFO org.springframework.boot.StartupInfoLogger [restartedMain] Started CruddemoApplication in 3.313 seconds (JVM running for 760.305)
2021-02-12 16:11:26,176 ERROR com.luv2code.springboot.cruddemo.rest.GlobalExceptionHandler [http-nio-8080-exec-8] Handler dispatch failed; nested exception is java.lang.NoClassDefFoundError: login/LoginHandler
2021-02-12 16:12:14,604 INFO org.springframework.boot.StartupInfoLogger [restartedMain] Starting CruddemoApplication on NOTB990 with PID 9820 (C:\Users\antoine.khoury\Documents\eclipse work space\scai-project\target\classes started by Antoine.Khoury in C:\Users\antoine.khoury\Documents\eclipse work space\scai-project)
2021-02-12 16:12:14,605 DEBUG org.springframework.boot.StartupInfoLogger [restartedMain] Running with Spring Boot v2.3.3.RELEASE, Spring v5.2.8.RELEASE
2021-02-12 16:12:14,605 INFO org.springframework.boot.SpringApplication [restartedMain] No active profile set, falling back to default profiles: default
2021-02-12 16:12:17,086 INFO org.springframework.boot.StartupInfoLogger [restartedMain] Started CruddemoApplication in 2.543 seconds (JVM running for 817.236)
2021-02-12 16:12:29,729 ERROR com.luv2code.springboot.cruddemo.rest.GlobalExceptionHandler [http-nio-8080-exec-7] Handler dispatch failed; nested exception is java.lang.NoClassDefFoundError: login/LoginHandler
2021-02-12 16:14:12,632 INFO org.springframework.boot.StartupInfoLogger [restartedMain] Starting CruddemoApplication on NOTB990 with PID 9820 (C:\Users\antoine.khoury\Documents\eclipse work space\scai-project\target\classes started by Antoine.Khoury in C:\Users\antoine.khoury\Documents\eclipse work space\scai-project)
2021-02-12 16:14:12,633 DEBUG org.springframework.boot.StartupInfoLogger [restartedMain] Running with Spring Boot v2.3.3.RELEASE, Spring v5.2.8.RELEASE
2021-02-12 16:14:12,633 INFO org.springframework.boot.SpringApplication [restartedMain] No active profile set, falling back to default profiles: default
2021-02-12 16:14:15,243 INFO org.springframework.boot.StartupInfoLogger [restartedMain] Started CruddemoApplication in 2.659 seconds (JVM running for 935.393)
2021-02-12 16:14:21,924 ERROR com.luv2code.springboot.cruddemo.rest.GlobalExceptionHandler [http-nio-8080-exec-8] Handler dispatch failed; nested exception is java.lang.NoClassDefFoundError: login/LoginHandler
2021-02-12 16:16:03,037 INFO org.springframework.boot.StartupInfoLogger [restartedMain] Starting CruddemoApplication on NOTB990 with PID 9820 (C:\Users\antoine.khoury\Documents\eclipse work space\scai-project\target\classes started by Antoine.Khoury in C:\Users\antoine.khoury\Documents\eclipse work space\scai-project)
2021-02-12 16:16:03,038 DEBUG org.springframework.boot.StartupInfoLogger [restartedMain] Running with Spring Boot v2.3.3.RELEASE, Spring v5.2.8.RELEASE
2021-02-12 16:16:03,039 INFO org.springframework.boot.SpringApplication [restartedMain] No active profile set, falling back to default profiles: default
2021-02-12 16:16:34,984 INFO org.springframework.boot.StartupInfoLogger [restartedMain] Starting CruddemoApplication on NOTB990 with PID 12860 (C:\Users\antoine.khoury\Documents\eclipse work space\scai-project\target\classes started by Antoine.Khoury in C:\Users\antoine.khoury\Documents\eclipse work space\scai-project)
2021-02-12 16:16:34,990 DEBUG org.springframework.boot.StartupInfoLogger [restartedMain] Running with Spring Boot v2.3.3.RELEASE, Spring v5.2.8.RELEASE
2021-02-12 16:16:34,992 INFO org.springframework.boot.SpringApplication [restartedMain] No active profile set, falling back to default profiles: default
2021-02-12 16:21:13,904 INFO org.springframework.boot.StartupInfoLogger [restartedMain] Starting CruddemoApplication on NOTB990 with PID 5512 (C:\Users\antoine.khoury\Documents\eclipse work space\scai-project\target\classes started by Antoine.Khoury in C:\Users\antoine.khoury\Documents\eclipse work space\scai-project)
2021-02-12 16:21:13,911 DEBUG org.springframework.boot.StartupInfoLogger [restartedMain] Running with Spring Boot v2.3.3.RELEASE, Spring v5.2.8.RELEASE
2021-02-12 16:21:13,912 INFO org.springframework.boot.SpringApplication [restartedMain] No active profile set, falling back to default profiles: default
2021-02-12 16:21:24,741 INFO org.springframework.boot.StartupInfoLogger [restartedMain] Started CruddemoApplication in 11.546 seconds (JVM running for 12.657)
2021-02-12 16:22:39,994 INFO org.springframework.boot.StartupInfoLogger [restartedMain] Starting CruddemoApplication on NOTB990 with PID 5512 (C:\Users\antoine.khoury\Documents\eclipse work space\scai-project\target\classes started by Antoine.Khoury in C:\Users\antoine.khoury\Documents\eclipse work space\scai-project)
2021-02-12 16:22:39,995 DEBUG org.springframework.boot.StartupInfoLogger [restartedMain] Running with Spring Boot v2.3.3.RELEASE, Spring v5.2.8.RELEASE
2021-02-12 16:22:39,995 INFO org.springframework.boot.SpringApplication [restartedMain] No active profile set, falling back to default profiles: default
2021-02-12 16:22:43,599 INFO org.springframework.boot.StartupInfoLogger [restartedMain] Started CruddemoApplication in 3.712 seconds (JVM running for 91.515)
2021-02-12 17:12:49,306 ERROR com.luv2code.springboot.cruddemo.rest.GlobalExceptionHandler [http-nio-8080-exec-6] JWT expired at 2021-02-12T17:12:29Z. Current time: 2021-02-12T17:12:49Z, a difference of 20305 milliseconds.  Allowed clock skew: 0 milliseconds.
2021-02-12 17:12:49,306 ERROR com.luv2code.springboot.cruddemo.rest.GlobalExceptionHandler [http-nio-8080-exec-1] JWT expired at 2021-02-12T17:12:29Z. Current time: 2021-02-12T17:12:49Z, a difference of 20304 milliseconds.  Allowed clock skew: 0 milliseconds.
2021-02-12 17:22:36,109 INFO org.springframework.boot.StartupInfoLogger [restartedMain] Starting CruddemoApplication on NOTB990 with PID 5512 (C:\Users\antoine.khoury\Documents\eclipse work space\scai-project\target\classes started by Antoine.Khoury in C:\Users\antoine.khoury\Documents\eclipse work space\scai-project)
2021-02-12 17:22:36,109 DEBUG org.springframework.boot.StartupInfoLogger [restartedMain] Running with Spring Boot v2.3.3.RELEASE, Spring v5.2.8.RELEASE
2021-02-12 17:22:36,110 INFO org.springframework.boot.SpringApplication [restartedMain] No active profile set, falling back to default profiles: default
2021-02-12 17:22:38,968 INFO org.springframework.boot.StartupInfoLogger [restartedMain] Started CruddemoApplication in 2.915 seconds (JVM running for 3686.884)
2021-02-12 17:24:09,241 INFO org.springframework.boot.StartupInfoLogger [restartedMain] Starting CruddemoApplication on NOTB990 with PID 5512 (C:\Users\antoine.khoury\Documents\eclipse work space\scai-project\target\classes started by Antoine.Khoury in C:\Users\antoine.khoury\Documents\eclipse work space\scai-project)
2021-02-12 17:24:09,242 DEBUG org.springframework.boot.StartupInfoLogger [restartedMain] Running with Spring Boot v2.3.3.RELEASE, Spring v5.2.8.RELEASE
2021-02-12 17:24:09,243 INFO org.springframework.boot.SpringApplication [restartedMain] No active profile set, falling back to default profiles: default
2021-02-12 17:24:12,486 INFO org.springframework.boot.StartupInfoLogger [restartedMain] Started CruddemoApplication in 3.325 seconds (JVM running for 3780.401)
2021-02-12 17:24:47,935 INFO org.springframework.boot.StartupInfoLogger [restartedMain] Starting CruddemoApplication on NOTB990 with PID 5512 (C:\Users\antoine.khoury\Documents\eclipse work space\scai-project\target\classes started by Antoine.Khoury in C:\Users\antoine.khoury\Documents\eclipse work space\scai-project)
2021-02-12 17:24:47,936 DEBUG org.springframework.boot.StartupInfoLogger [restartedMain] Running with Spring Boot v2.3.3.RELEASE, Spring v5.2.8.RELEASE
2021-02-12 17:24:47,936 INFO org.springframework.boot.SpringApplication [restartedMain] No active profile set, falling back to default profiles: default
2021-02-12 17:24:51,101 INFO org.springframework.boot.StartupInfoLogger [restartedMain] Started CruddemoApplication in 3.229 seconds (JVM running for 3819.017)
2021-02-12 17:26:17,220 INFO org.springframework.boot.StartupInfoLogger [restartedMain] Starting CruddemoApplication on NOTB990 with PID 5512 (C:\Users\antoine.khoury\Documents\eclipse work space\scai-project\target\classes started by Antoine.Khoury in C:\Users\antoine.khoury\Documents\eclipse work space\scai-project)
2021-02-12 17:26:17,221 DEBUG org.springframework.boot.StartupInfoLogger [restartedMain] Running with Spring Boot v2.3.3.RELEASE, Spring v5.2.8.RELEASE
2021-02-12 17:26:17,221 INFO org.springframework.boot.SpringApplication [restartedMain] No active profile set, falling back to default profiles: default
2021-02-12 17:26:19,474 INFO org.springframework.boot.StartupInfoLogger [restartedMain] Started CruddemoApplication in 2.313 seconds (JVM running for 3907.39)
2021-02-12 17:28:32,168 INFO org.springframework.boot.StartupInfoLogger [restartedMain] Starting CruddemoApplication on NOTB990 with PID 5512 (C:\Users\antoine.khoury\Documents\eclipse work space\scai-project\target\classes started by Antoine.Khoury in C:\Users\antoine.khoury\Documents\eclipse work space\scai-project)
2021-02-12 17:28:32,169 DEBUG org.springframework.boot.StartupInfoLogger [restartedMain] Running with Spring Boot v2.3.3.RELEASE, Spring v5.2.8.RELEASE
2021-02-12 17:28:32,169 INFO org.springframework.boot.SpringApplication [restartedMain] No active profile set, falling back to default profiles: default
2021-02-12 17:28:34,833 INFO org.springframework.boot.StartupInfoLogger [restartedMain] Started CruddemoApplication in 2.727 seconds (JVM running for 4042.749)
2021-02-12 17:34:08,632 INFO org.springframework.boot.StartupInfoLogger [restartedMain] Starting CruddemoApplication on NOTB990 with PID 5512 (C:\Users\antoine.khoury\Documents\eclipse work space\scai-project\target\classes started by Antoine.Khoury in C:\Users\antoine.khoury\Documents\eclipse work space\scai-project)
2021-02-12 17:34:08,632 DEBUG org.springframework.boot.StartupInfoLogger [restartedMain] Running with Spring Boot v2.3.3.RELEASE, Spring v5.2.8.RELEASE
2021-02-12 17:34:08,633 INFO org.springframework.boot.SpringApplication [restartedMain] No active profile set, falling back to default profiles: default
2021-02-12 17:34:11,285 INFO org.springframework.boot.StartupInfoLogger [restartedMain] Started CruddemoApplication in 2.712 seconds (JVM running for 4379.201)
2021-02-12 17:42:51,622 INFO org.springframework.boot.StartupInfoLogger [restartedMain] Starting CruddemoApplication on NOTB990 with PID 5512 (C:\Users\antoine.khoury\Documents\eclipse work space\scai-project\target\classes started by Antoine.Khoury in C:\Users\antoine.khoury\Documents\eclipse work space\scai-project)
2021-02-12 17:42:51,622 DEBUG org.springframework.boot.StartupInfoLogger [restartedMain] Running with Spring Boot v2.3.3.RELEASE, Spring v5.2.8.RELEASE
2021-02-12 17:42:51,622 INFO org.springframework.boot.SpringApplication [restartedMain] No active profile set, falling back to default profiles: default
2021-02-12 17:42:53,713 INFO org.springframework.boot.StartupInfoLogger [restartedMain] Started CruddemoApplication in 2.155 seconds (JVM running for 4901.629)
2021-02-12 18:03:24,727 INFO org.springframework.boot.StartupInfoLogger [restartedMain] Starting CruddemoApplication on NOTB990 with PID 5512 (C:\Users\antoine.khoury\Documents\eclipse work space\scai-project\target\classes started by Antoine.Khoury in C:\Users\antoine.khoury\Documents\eclipse work space\scai-project)
2021-02-12 18:03:24,728 DEBUG org.springframework.boot.StartupInfoLogger [restartedMain] Running with Spring Boot v2.3.3.RELEASE, Spring v5.2.8.RELEASE
2021-02-12 18:03:24,728 INFO org.springframework.boot.SpringApplication [restartedMain] No active profile set, falling back to default profiles: default
2021-02-12 18:03:27,712 INFO org.springframework.boot.StartupInfoLogger [restartedMain] Started CruddemoApplication in 3.05 seconds (JVM running for 6135.627)
2021-02-12 18:04:48,475 INFO org.springframework.boot.StartupInfoLogger [restartedMain] Starting CruddemoApplication on NOTB990 with PID 5512 (C:\Users\antoine.khoury\Documents\eclipse work space\scai-project\target\classes started by Antoine.Khoury in C:\Users\antoine.khoury\Documents\eclipse work space\scai-project)
2021-02-12 18:04:48,475 DEBUG org.springframework.boot.StartupInfoLogger [restartedMain] Running with Spring Boot v2.3.3.RELEASE, Spring v5.2.8.RELEASE
2021-02-12 18:04:48,475 INFO org.springframework.boot.SpringApplication [restartedMain] No active profile set, falling back to default profiles: default
2021-02-12 18:04:51,009 INFO org.springframework.boot.StartupInfoLogger [restartedMain] Started CruddemoApplication in 2.599 seconds (JVM running for 6218.925)
2021-02-12 18:06:21,258 INFO org.springframework.boot.StartupInfoLogger [restartedMain] Starting CruddemoApplication on NOTB990 with PID 5512 (C:\Users\antoine.khoury\Documents\eclipse work space\scai-project\target\classes started by Antoine.Khoury in C:\Users\antoine.khoury\Documents\eclipse work space\scai-project)
2021-02-12 18:06:21,258 DEBUG org.springframework.boot.StartupInfoLogger [restartedMain] Running with Spring Boot v2.3.3.RELEASE, Spring v5.2.8.RELEASE
2021-02-12 18:06:21,258 INFO org.springframework.boot.SpringApplication [restartedMain] No active profile set, falling back to default profiles: default
2021-02-12 18:06:24,261 INFO org.springframework.boot.StartupInfoLogger [restartedMain] Started CruddemoApplication in 3.068 seconds (JVM running for 6312.176)
2021-02-12 18:50:27,318 ERROR com.luv2code.springboot.cruddemo.rest.GlobalExceptionHandler [http-nio-8080-exec-8] JWT expired at 2021-02-12T18:49:30Z. Current time: 2021-02-12T18:50:27Z, a difference of 57318 milliseconds.  Allowed clock skew: 0 milliseconds.
